C51 COMPILER V9.56.0.0   MAIN                                                              07/21/2025 21:32:46 PAGE 1   


C51 COMPILER V9.56.0.0, COMPILATION OF MODULE MAIN
OBJECT MODULE PLACED IN .\Objects\main.obj
COMPILER INVOKED BY: D:\keil c51v956\C51\BIN\C51.EXE main.c OPTIMIZE(8,SPEED) BROWSE INCDIR(.\Library\System;.\Library\D
                    -evice) DEBUG OBJECTEXTEND PRINT(.\Listings\main.lst) OBJECT(.\Objects\main.obj)

line level    source

   1          #include <STC15F2K60S2.H>
   2          #include <intrins.h>
   3          #include "Delay.h"
   4          #include "Device.h"
   5          
   6          unsigned char buzzer_ctrl;
   7          unsigned char relay_ctrl;
   8          
   9          
  10          void vSystem_Init(void)
  11          {
  12   1              buzzer_ctrl=0;
  13   1              relay_ctrl=1;
  14   1              vDevice_Ctrl(0xa0,(buzzer_ctrl<<6)|(relay_ctrl<<4));
  15   1      }
  16          
  17          void main(void)
  18          {
  19   1              vSystem_Init();
  20   1              while(1)
  21   1              {
  22   2                      buzzer_ctrl=1;
  23   2                      vDevice_Ctrl(0xa0,(buzzer_ctrl<<6)|(relay_ctrl<<4));
  24   2                      vDelay_Ms(500);
  25   2                      buzzer_ctrl=0;
  26   2                      vDevice_Ctrl(0xa0,(buzzer_ctrl<<6)|(relay_ctrl<<4));
  27   2                      vDelay_Ms(500);
  28   2              }
  29   1      }


MODULE INFORMATION:   STATIC OVERLAYABLE
   CODE SIZE        =     91    ----
   CONSTANT SIZE    =   ----    ----
   XDATA SIZE       =   ----    ----
   PDATA SIZE       =   ----    ----
   DATA SIZE        =      2    ----
   IDATA SIZE       =   ----    ----
   BIT SIZE         =   ----    ----
END OF MODULE INFORMATION.


C51 COMPILATION COMPLETE.  0 WARNING(S),  0 ERROR(S)
