C51 COMPILER V9.56.0.0   NE555                                                             03/06/2026 13:06:45 PAGE 1   


C51 COMPILER V9.56.0.0, COMPILATION OF MODULE NE555
OBJECT MODULE PLACED IN .\Objects\NE555.obj
COMPILER INVOKED BY: D:\keil c51v956\C51\BIN\C51.EXE library\device\NE555.c OPTIMIZE(8,SPEED) BROWSE INCDIR(.\library\de
                    -vice;.\library\system) DEBUG OBJECTEXTEND PRINT(.\Listings\NE555.lst) OBJECT(.\Objects\NE555.obj)

line level    source

   1          #include "NE555.h"
   2          
   3          void vCounter0_Init()
   4          {
   5   1              TMOD |= 0x05;
   6   1              TL0 = 0x00;
   7   1              TH0 = 0x00;
   8   1              TR0 = 1; 
   9   1      }


MODULE INFORMATION:   STATIC OVERLAYABLE
   CODE SIZE        =     11    ----
   CONSTANT SIZE    =   ----    ----
   XDATA SIZE       =   ----    ----
   PDATA SIZE       =   ----    ----
   DATA SIZE        =   ----    ----
   IDATA SIZE       =   ----    ----
   BIT SIZE         =   ----    ----
END OF MODULE INFORMATION.


C51 COMPILATION COMPLETE.  0 WARNING(S),  0 ERROR(S)
