C51 COMPILER V9.56.0.0   MAIN                                                              08/09/2025 20:54:15 PAGE 1   


C51 COMPILER V9.56.0.0, COMPILATION OF MODULE MAIN
OBJECT MODULE PLACED IN .\Objects\main.obj
COMPILER INVOKED BY: D:\keil c51v956\C51\BIN\C51.EXE main.c OPTIMIZE(8,SPEED) BROWSE INCDIR(.\Library\System;.\Library\D
                    -evice) DEBUG OBJECTEXTEND PRINT(.\Listings\main.lst) OBJECT(.\Objects\main.obj)

line level    source

   1          #include "system.h"
   2          #include <intrins.h>
   3          #include "Delay.h"
   4          #include "Device.h"
   5          u8 smg_code[]={0x3F,0x06,0x5B,0x4F,0x66,0x6D,0x7D,0x07,0x7F,0x6F,0x00,0x3E,0x73};
   6          
   7          HexToBin led_ctrl,uln_ctrl;
   8          
   9          void vSystem_Init(void)
  10          {
  11   1              vDevice_Ctrl(0xa0,0);
  12   1              led_ctrl.hex=0xff;
  13   1              vDevice_Ctrl(0x80,led_ctrl.hex);        
  14   1      }
  15          
  16          void vTimer2_Init(void)         //1毫秒@12.000MHz
  17          {
  18   1              AUXR &= 0xFB;           //定时器时钟12T模式
  19   1              T2L = 0x18;                     //设置定时初值
  20   1              T2H = 0xFC;                     //设置定时初值
  21   1              AUXR |= 0x10;           //定时器2开始计时
  22   1              IE2 |= 0x04;                    //开定时器2中断
  23   1              EA = 1;
  24   1      }
  25          
  26          
  27          void main(void)
  28          {
  29   1              vSystem_Init();
  30   1              vTimer2_Init();
  31   1              while(1)
  32   1              {
  33   2                      
  34   2              }
  35   1      }
  36          
  37          void vSMG_Display()
  38          {
  39   1              static u8 i=0;
  40   1              vDevice_Ctrl(0xe0,~smg_code[i]);
  41   1              vDevice_Ctrl(0xc0,0x01<<i);
  42   1              i = (i + 1) % 8;
  43   1      }
  44          
  45          //中断服务程序
  46          void vTimer2_ISR() interrupt 12     //中断入口
  47          {
  48   1              vSMG_Display();
  49   1      }


MODULE INFORMATION:   STATIC OVERLAYABLE
   CODE SIZE        =    142    ----
   CONSTANT SIZE    =   ----    ----
C51 COMPILER V9.56.0.0   MAIN                                                              08/09/2025 20:54:15 PAGE 2   

   XDATA SIZE       =   ----    ----
   PDATA SIZE       =   ----    ----
   DATA SIZE        =     16    ----
   IDATA SIZE       =   ----    ----
   BIT SIZE         =   ----    ----
END OF MODULE INFORMATION.


C51 COMPILATION COMPLETE.  0 WARNING(S),  0 ERROR(S)
