C51 COMPILER V9.56.0.0   MAIN                                                              11/09/2025 18:29:05 PAGE 1   


C51 COMPILER V9.56.0.0, COMPILATION OF MODULE MAIN
OBJECT MODULE PLACED IN .\Objects\main.obj
COMPILER INVOKED BY: D:\keil c51v956\C51\BIN\C51.EXE main.c OPTIMIZE(8,SPEED) BROWSE INCDIR(.\library\system;.\library\d
                    -evice) DEBUG OBJECTEXTEND PRINT(.\Listings\main.lst) OBJECT(.\Objects\main.obj)

line level    source

   1          #include "system.h"
   2          
   3          void vSystem_init()
   4          {
   5   1              vP2p0_ctrl(0x80,0xff);
   6   1              vP2p0_ctrl(0xa0,0);
   7   1              vP2p0_ctrl(0xc0,0);
   8   1      }
   9          
  10          u8 cnt_kbd;
  11          u8 key_val;
  12          u8 s12_number;
  13          void vKBD_Process()
  14          {
  15   1              if(cnt_kbd>=10)
  16   1              {
  17   2                      cnt_kbd=0;
  18   2                      key_val=uc_KBD_Read_State();
  19   2                      if(key_val==12)
  20   2                      {
  21   3                              static u8 L1=0x01;
  22   3                              L1=(((~L1)&0x01)|0xfe);
  23   3                              s12_number++;
  24   3                              vP2p0_ctrl(0x80,L1);
  25   3                      }
  26   2                      if(key_val==4)
  27   2                      {
  28   3                              s12_number=0;
  29   3                      }
  30   2              }
  31   1      }
  32          
  33          u8 s12_times;
  34          void vEEPROM_Process()
  35          {
  36   1              s12_times=ucRead_EEPROM(0x25);
  37   1              vWrite_EEPROM(0x25,s12_number);
  38   1      }
  39          
  40          void vSmg_Process()
  41          {
  42   1              smg_buf[0]=0x00;
  43   1              smg_buf[1]=0x00;
  44   1              smg_buf[2]=0x00;
  45   1              smg_buf[3]=0x00;
  46   1              smg_buf[4]=0x00;
  47   1              smg_buf[5]=0x00;
  48   1              smg_buf[6]=smg_code[s12_number/10%10];
  49   1              smg_buf[7]=smg_code[s12_number%10];     
  50   1      }
  51          
  52          void main()
  53          {
  54   1              vSystem_init();
C51 COMPILER V9.56.0.0   MAIN                                                              11/09/2025 18:29:05 PAGE 2   

  55   1              vTimer2_Init();
  56   1              
  57   1              while(1)
  58   1              {
  59   2                      vSmg_Process();
  60   2                      vKBD_Process();
  61   2                      vEEPROM_Process();
  62   2              }
  63   1              
  64   1      }
  65          
  66          void t2int() interrupt 12
  67          {
  68   1              cnt_kbd++;
  69   1              vSmg_Disp();
  70   1      }


MODULE INFORMATION:   STATIC OVERLAYABLE
   CODE SIZE        =    205    ----
   CONSTANT SIZE    =   ----    ----
   XDATA SIZE       =   ----    ----
   PDATA SIZE       =   ----    ----
   DATA SIZE        =      5    ----
   IDATA SIZE       =   ----    ----
   BIT SIZE         =   ----    ----
END OF MODULE INFORMATION.


C51 COMPILATION COMPLETE.  0 WARNING(S),  0 ERROR(S)
