C51 COMPILER V9.56.0.0   MAIN                                                              09/13/2025 11:57:25 PAGE 1   


C51 COMPILER V9.56.0.0, COMPILATION OF MODULE MAIN
OBJECT MODULE PLACED IN .\Objects\main.obj
COMPILER INVOKED BY: D:\keil c51v956\C51\BIN\C51.EXE main.c OPTIMIZE(8,SPEED) BROWSE INCDIR(.\library\device;.\library\s
                    -ystem) DEBUG OBJECTEXTEND PRINT(.\Listings\main.lst) OBJECT(.\Objects\main.obj)

line level    source

   1          #include "system.h"
   2          
   3          hextobin led_ctrl,buzzer_ctrl;
   4          
   5          void rybr_ctrl()
   6          {
   7   1              P2P0_ctrl(0xa0,0);
   8   1      }
   9          
  10          void main()
  11          {
  12   1              rybr_ctrl();
  13   1              led_ctrl.hex=0x55;
  14   1              P2P0_ctrl(0x80,led_ctrl.hex);
  15   1              
  16   1              buzzer_ctrl.b.b4=1;
  17   1              P2P0_ctrl(0xa0,buzzer_ctrl.hex);
  18   1              while(1)
  19   1              {
  20   2                      led_ctrl.b.b1=1;
  21   2                      P2P0_ctrl(0x80,led_ctrl.hex);
  22   2                      buzzer_ctrl.b.b4=0;
  23   2                      P2P0_ctrl(0xa0,buzzer_ctrl.hex);
  24   2                      Delay200ms();
  25   2                      
  26   2                      led_ctrl.b.b1=0;
  27   2                      P2P0_ctrl(0x80,led_ctrl.hex);
  28   2                      buzzer_ctrl.b.b4=1;
  29   2                      P2P0_ctrl(0xa0,buzzer_ctrl.hex);
  30   2                      Delay200ms();   
  31   2              }
  32   1      }


MODULE INFORMATION:   STATIC OVERLAYABLE
   CODE SIZE        =     78    ----
   CONSTANT SIZE    =   ----    ----
   XDATA SIZE       =   ----    ----
   PDATA SIZE       =   ----    ----
   DATA SIZE        =      2    ----
   IDATA SIZE       =   ----    ----
   BIT SIZE         =   ----    ----
END OF MODULE INFORMATION.


C51 COMPILATION COMPLETE.  0 WARNING(S),  0 ERROR(S)
