C51 COMPILER V9.56.0.0   IIC                                                               04/11/2026 19:30:23 PAGE 1   


C51 COMPILER V9.56.0.0, COMPILATION OF MODULE IIC
OBJECT MODULE PLACED IN .\Objects\iic.obj
COMPILER INVOKED BY: D:\keil c51v956\C51\BIN\C51.EXE library\device\iic.c OPTIMIZE(8,SPEED) BROWSE INCDIR(.\library\devi
                    -ce;.\library\system) DEBUG OBJECTEXTEND PRINT(.\Listings\iic.lst) OBJECT(.\Objects\iic.obj)

line level    source

   1          /*      #   I2Cõ╗ŻńĀüńēćµ«ĄĶ»┤µśÄ
   2                  1.      µ£¼µ¢ćõ╗ČÕż╣õĖŁµÅÉõŠøńÜäķ®▒ÕŖ©õ╗ŻńĀüõŠøÕÅéĶĄøķĆēµēŗÕ«īµłÉń©ŗÕ║ÅĶ«ŠĶ«ĪÕÅéĶĆāŃĆé
   3                  2.      ÕÅéĶĄøķĆēµēŗÕÅ»õ╗źĶć¬ĶĪīń╝¢ÕåÖńøĖÕģ│õ╗ŻńĀüµł¢õ╗źĶ»źõ╗ŻńĀüõĖ║Õ¤║ńĪĆ’╝īµĀ╣µŹ«µēĆķĆēÕŹĢńēćµ£║ń▒╗Õ×ŗŃĆüĶ┐
             -ÉĶĪīķĆ¤Õ║”ÕÆīĶ»Ģķóś
   4                          õĖŁÕ»╣ÕŹĢńēćµ£║µŚČķÆ¤ķóæńÄćńÜäĶ”üµ▒é’╝īĶ┐øĶĪīõ╗ŻńĀüĶ░āĶ»ĢÕÆīõ┐«µö╣ŃĆé
   5          */
   6          
   7          #include "iic.h"
   8          
   9          #define DELAY_TIME      10
  10          
  11          sbit scl = P2^0;
  12          sbit sda = P2^1;
  13          
  14          //
  15          static void I2C_Delay(unsigned char n)
  16          {
  17   1          do
  18   1          {
  19   2              _nop_();_nop_();_nop_();_nop_();_nop_();
  20   2              _nop_();_nop_();_nop_();_nop_();_nop_();
  21   2              _nop_();_nop_();_nop_();_nop_();_nop_();                
  22   2          }
  23   1          while(n--);         
  24   1      }
  25          
  26          //
  27          void I2CStart(void)
  28          {
  29   1          sda = 1;
  30   1          scl = 1;
  31   1              I2C_Delay(DELAY_TIME);
  32   1          sda = 0;
  33   1              I2C_Delay(DELAY_TIME);
  34   1          scl = 0;    
  35   1      }
  36          
  37          //
  38          void I2CStop(void)
  39          {
  40   1          sda = 0;
  41   1          scl = 1;
  42   1              I2C_Delay(DELAY_TIME);
  43   1          sda = 1;
  44   1              I2C_Delay(DELAY_TIME);
  45   1      }
  46          
  47          //
  48          void I2CSendByte(unsigned char byt)
  49          {
  50   1          unsigned char i;
  51   1              
  52   1          for(i=0; i<8; i++){
  53   2              scl = 0;
C51 COMPILER V9.56.0.0   IIC                                                               04/11/2026 19:30:23 PAGE 2   

  54   2                      I2C_Delay(DELAY_TIME);
  55   2              if(byt & 0x80){
  56   3                  sda = 1;
  57   3              }
  58   2              else{
  59   3                  sda = 0;
  60   3              }
  61   2                      I2C_Delay(DELAY_TIME);
  62   2              scl = 1;
  63   2              byt <<= 1;
  64   2                      I2C_Delay(DELAY_TIME);
  65   2          }
  66   1              
  67   1          scl = 0;  
  68   1      }
  69          
  70          //
  71          unsigned char I2CReceiveByte(void)
  72          {
  73   1              unsigned char da;
  74   1              unsigned char i;
  75   1              for(i=0;i<8;i++){   
  76   2                      scl = 1;
  77   2                      I2C_Delay(DELAY_TIME);
  78   2                      da <<= 1;
  79   2                      if(sda) 
  80   2                              da |= 0x01;
  81   2                      scl = 0;
  82   2                      I2C_Delay(DELAY_TIME);
  83   2              }
  84   1              return da;    
  85   1      }
  86          
  87          //
  88          unsigned char I2CWaitAck(void)
  89          {
  90   1              unsigned char ackbit;
  91   1              
  92   1          scl = 1;
  93   1              I2C_Delay(DELAY_TIME);
  94   1          ackbit = sda; 
  95   1          scl = 0;
  96   1              I2C_Delay(DELAY_TIME);
  97   1              
  98   1              return ackbit;
  99   1      }
 100          
 101          //
 102          void I2CSendAck(unsigned char ackbit)
 103          {
 104   1          scl = 0;
 105   1          sda = ackbit; 
 106   1              I2C_Delay(DELAY_TIME);
 107   1          scl = 1;
 108   1              I2C_Delay(DELAY_TIME);
 109   1          scl = 0; 
 110   1              sda = 1;
 111   1              I2C_Delay(DELAY_TIME);
 112   1      }
 113          
 114          void write_dac(u8 dat)
 115          {
C51 COMPILER V9.56.0.0   IIC                                                               04/11/2026 19:30:23 PAGE 3   

 116   1              I2CStart();
 117   1              I2CSendByte(0x90);
 118   1              I2CWaitAck();
 119   1              I2CSendByte(0x40);
 120   1              I2CWaitAck();
 121   1              I2CSendByte(dat);
 122   1              I2CWaitAck();
 123   1              I2CStop();
 124   1      }
 125          
 126          u8 read_adc(u8 cb)
 127          {
 128   1              u8 dac_val;
 129   1              I2CStart();
 130   1              I2CSendByte(0x90);
 131   1              I2CWaitAck();
 132   1              I2CSendByte(cb);
 133   1              I2CWaitAck();   
 134   1              
 135   1              I2CStart();
 136   1              I2CSendByte(0x91);      
 137   1              I2CWaitAck();
 138   1              dac_val=I2CReceiveByte();
 139   1              I2CSendAck(1);
 140   1              I2CStop();
 141   1              return dac_val;
 142   1      }


MODULE INFORMATION:   STATIC OVERLAYABLE
   CODE SIZE        =    237    ----
   CONSTANT SIZE    =   ----    ----
   XDATA SIZE       =   ----    ----
   PDATA SIZE       =   ----    ----
   DATA SIZE        =   ----    ----
   IDATA SIZE       =   ----    ----
   BIT SIZE         =   ----    ----
END OF MODULE INFORMATION.


C51 COMPILATION COMPLETE.  0 WARNING(S),  0 ERROR(S)
