C51 COMPILER V9.56.0.0   MAIN                                                              04/11/2026 19:30:23 PAGE 1   


C51 COMPILER V9.56.0.0, COMPILATION OF MODULE MAIN
OBJECT MODULE PLACED IN .\Objects\main.obj
COMPILER INVOKED BY: D:\keil c51v956\C51\BIN\C51.EXE main.c OPTIMIZE(8,SPEED) BROWSE INCDIR(.\library\device;.\library\s
                    -ystem) DEBUG OBJECTEXTEND PRINT(.\Listings\main.lst) OBJECT(.\Objects\main.obj)

line level    source

   1          #include "system.h"
   2          
   3          // ================= 变量定义 =================
   4          u8 set_disp_mode = 0;   // 0:检测界面, 1:阈值界面
   5          u8 adc_mode = 0;        // 0:温度设置, 1:光照设置
   6          u8 key_val;             // 接收键码
   7          u8 ch3;                 // ADC原始值
   8          u16 lux_val;            // 计算出的光照度
   9          u16 temprt;             // 温度值(x100)
  10          
  11          // 初始阈值
  12          u8 temp_param = 30;     
  13          u16 lux_param = 100;    
  14          
  15          // ================= 系统初始化 =================
  16          void vSystem_init()
  17          {
  18   1          vP2P0_ctrl(0xa0, 0);      // 关闭蜂鸣器
  19   1          vP2P0_ctrl(0x80, 0xff);   // 关闭LED
  20   1          vP2P0_ctrl(0xe0, 0xff);   // 关闭数码管
  21   1      }
  22          
  23          // ================= 按键处理 =================
  24          u8 cnt_kbd;
  25          void kbd_process()
  26          {
  27   1          if(cnt_kbd >= 10)
  28   1          {
  29   2              cnt_kbd = 0;
  30   2              // 调用你提供的状态机函数
  31   2              // 修复后的 kbd.c 会在按下瞬间返回一次键码，其余时间返回0
  32   2              key_val = kbd_read_state(); 
  33   2      
  34   2              // --- S4: 界面切换 ---
  35   2              if(key_val == 4)
  36   2              {
  37   3                  set_disp_mode = (set_disp_mode + 1) % 2;
  38   3                  
  39   3                  // 每次进入阈值界面，重置为温度设置项
  40   3                  if(set_disp_mode == 1)
  41   3                  {
  42   4                      adc_mode = 0; 
  43   4                  }
  44   3              }
  45   2              
  46   2              // --- 阈值界面下的操作 ---
  47   2              if(set_disp_mode == 1)
  48   2              {
  49   3                  // S5: 切换设置项
  50   3                  if(key_val == 5)
  51   3                  {
  52   4                      adc_mode = (adc_mode + 1) % 2;
  53   4                  }
  54   3                  
C51 COMPILER V9.56.0.0   MAIN                                                              04/11/2026 19:30:23 PAGE 2   

  55   3                  // S8: 加 (+)
  56   3                  if(key_val == 8)
  57   3                  {
  58   4                      if(adc_mode == 0) // 温度
  59   4                      {
  60   5                          temp_param += 5;
  61   5                          if(temp_param > 50) temp_param = 50; 
  62   5                      }
  63   4                      else // 光照
  64   4                      {
  65   5                          lux_param += 20;
  66   5                          if(lux_param > 300) lux_param = 300; 
  67   5                      }
  68   4                  }
  69   3                  
  70   3                  // S9: 减 (-)
  71   3                  if(key_val == 9)
  72   3                  {
  73   4                      if(adc_mode == 0) // 温度
  74   4                      {
  75   5                          if(temp_param >= 15)
  76   5                               temp_param -= 5;
  77   5                          else
  78   5                               temp_param = 10;
  79   5                      }
  80   4                      else // 光照
  81   4                      {
  82   5                          if(lux_param >= 120)
  83   5                              lux_param -= 20;
  84   5                          else
  85   5                              lux_param = 100;
  86   5                      }
  87   4                  }
  88   3              }
  89   2          }
  90   1      }
  91          
  92          // ================= 修复闪烁后的 LED 处理函数 =================
  93          void vLed_process()
  94          {
  95   1          u8 led_bits = 0xFF; // 默认全灭 (1为灭，0为亮)
  96   1          static u8 led_old = 0xFF; // [新增] 用于记录上一次的 LED 状态
  97   1          
  98   1          // 1. 界面指示灯
  99   1          if(set_disp_mode == 0)
 100   1          {
 101   2              led_bits &= ~0x01; // L1亮 (检测界面)
 102   2          }
 103   1          else
 104   1          {
 105   2              led_bits &= ~0x02; // L2亮 (阈值界面)
 106   2          }
 107   1          
 108   1          // 2. 报警指示灯 L8
 109   1          // 条件：(当前温度 > 阈值) 且 (当前光照 > 阈值)
 110   1          if( ((temprt / 100) > temp_param) && (lux_val > lux_param) )
 111   1          {
 112   2              led_bits &= ~0x80; // L8亮
 113   2          }
 114   1          
 115   1          // 3. [核心修改] 只有当 LED 状态发生改变时，才操作硬件
 116   1          // 这样避免了主循环一直“轰炸”P0口，解决了与数码管扫描的冲突
C51 COMPILER V9.56.0.0   MAIN                                                              04/11/2026 19:30:23 PAGE 3   

 117   1          if(led_bits != led_old)
 118   1          {
 119   2              vP2P0_ctrl(0x80, led_bits);
 120   2              led_old = led_bits; // 更新旧状态
 121   2          }
 122   1      }
 123          
 124          // ================= ADC与光照计算 =================
 125          u8 cnt_adc;
 126          void adc_process()
 127          {
 128   1          float voltage;
 129   1      
 130   1          if(cnt_adc >= 10)
 131   1          {
 132   2              cnt_adc = 0;
 133   2              ch3 = read_adc(0x43); // 读取电位器
 134   2              voltage = (float)ch3 * 5.0 / 255.0;
 135   2      
 136   2              // 计算 Lux
 137   2              if(voltage < 0.3) lux_val = 10;
 138   2              else 
 139   2              {
 140   3                  lux_val = (u16)((voltage - 0.3) * 104.256 + 10);
 141   3                  if(lux_val > 500) lux_val = 500;
 142   3              }
 143   2          }
 144   1      }
 145          
 146          // ================= 温度读取 =================
 147          u8 cnt_temp;
 148          void ds18b20_read()
 149          {
 150   1          if(cnt_temp >= 100)
 151   1          {
 152   2              cnt_temp = 0;
 153   2              temprt = (u16)(rd_temprature() * 100);
 154   2          }
 155   1      }
 156          
 157          // ================= 数码管显示 =================
 158          void vSmg_process()
 159          {
 160   1          if(set_disp_mode == 0) // 检测界面
 161   1          {
 162   2              smg_buf[0] = 0x39; // C
 163   2              smg_buf[1] = smg_code[(temprt / 100) / 10];
 164   2              smg_buf[2] = smg_code[(temprt / 100) % 10];
 165   2              smg_buf[3] = 0x00;
 166   2              smg_buf[4] = 0x76; // H
 167   2              
 168   2              // 光照高位熄灭
 169   2              if(lux_val >= 100) smg_buf[5] = smg_code[lux_val / 100];
 170   2              else smg_buf[5] = 0x00;
 171   2      
 172   2              if(lux_val >= 10) smg_buf[6] = smg_code[lux_val / 10 % 10];
 173   2              else smg_buf[6] = 0x00;
 174   2      
 175   2              smg_buf[7] = smg_code[lux_val % 10];    
 176   2          }
 177   1          else // 阈值界面
 178   1          {
C51 COMPILER V9.56.0.0   MAIN                                                              04/11/2026 19:30:23 PAGE 4   

 179   2              if(adc_mode == 0) // 温度阈值
 180   2              {
 181   3                  smg_buf[0] = 0x73; // P
 182   3                  smg_buf[1] = 0x39; // C
 183   3                  smg_buf[2] = 0x00; smg_buf[3] = 0x00; smg_buf[4] = 0x00; smg_buf[5] = 0x00;
 184   3                  smg_buf[6] = smg_code[temp_param / 10];
 185   3                  smg_buf[7] = smg_code[temp_param % 10];           
 186   3              }
 187   2              else // 光照阈值
 188   2              {
 189   3                  smg_buf[0] = 0x73; // P
 190   3                  smg_buf[1] = 0x76; // H
 191   3                  smg_buf[2] = 0x00; smg_buf[3] = 0x00; smg_buf[4] = 0x00;
 192   3                  
 193   3                  if(lux_param >= 100) smg_buf[5] = smg_code[lux_param / 100];
 194   3                  else smg_buf[5] = 0x00;
 195   3                  
 196   3                  if(lux_param >= 10) smg_buf[6] = smg_code[lux_param / 10 % 10];
 197   3                  else smg_buf[6] = 0x00;
 198   3                  
 199   3                  smg_buf[7] = smg_code[lux_param % 10];            
 200   3              }   
 201   2          }   
 202   1      }
 203          
 204          // ================= 主函数 =================
 205          void main()
 206          {
 207   1          vSystem_init();
 208   1          Timer2Init();
 209   1          
 210   1          // 初始值
 211   1          temp_param = 30;
 212   1          lux_param = 100;
 213   1          
 214   1          while(1)
 215   1          {
 216   2              ds18b20_read();
 217   2              adc_process();
 218   2              kbd_process();
 219   2              vSmg_process();
 220   2          }
 221   1      }
 222          
 223          void t2int() interrupt 12
 224          {
 225   1          vSmg_Disp();
 226   1          cnt_kbd++;
 227   1          cnt_temp++;
 228   1          cnt_adc++;
 229   1              vLed_process();
 230   1      }


MODULE INFORMATION:   STATIC OVERLAYABLE
   CODE SIZE        =    810    ----
   CONSTANT SIZE    =   ----    ----
   XDATA SIZE       =   ----    ----
   PDATA SIZE       =   ----    ----
   DATA SIZE        =     15       5
   IDATA SIZE       =   ----    ----
   BIT SIZE         =   ----    ----
C51 COMPILER V9.56.0.0   MAIN                                                              04/11/2026 19:30:23 PAGE 5   

END OF MODULE INFORMATION.


C51 COMPILATION COMPLETE.  0 WARNING(S),  0 ERROR(S)
