C51 COMPILER V9.56.0.0   ONEWIRE                                                           04/11/2026 19:30:23 PAGE 1   


C51 COMPILER V9.56.0.0, COMPILATION OF MODULE ONEWIRE
OBJECT MODULE PLACED IN .\Objects\onewire.obj
COMPILER INVOKED BY: D:\keil c51v956\C51\BIN\C51.EXE library\device\onewire.c OPTIMIZE(8,SPEED) BROWSE INCDIR(.\library\
                    -device;.\library\system) DEBUG OBJECTEXTEND PRINT(.\Listings\onewire.lst) OBJECT(.\Objects\onewire.obj)

line level    source

   1          /*      #       хНХцА╗ч║┐ф╗гчаБчЙЗцо╡шп┤цШО
   2                  1.      цЬмцЦЗф╗╢хд╣ф╕нцПРф╛ЫчЪДщй▒хКиф╗гчаБф╛ЫхПВш╡ЫщАЙцЙЛхоМцИРчиЛх║Пшо╛шобхПВшАГуАВ
   3                  2.      хПВш╡ЫщАЙцЙЛхПпф╗ешЗкшбМч╝ЦхЖЩчЫ╕хЕ│ф╗гчаБцИЦф╗ешпеф╗гчаБф╕║хЯ║чбАя╝Мца╣цНоцЙАщАЙхНХчЙЗцЬ║ч▒╗хЮЛуАБш┐
             -РшбМщАЯх║жхТМшпХщвШ
   4                          ф╕нхп╣хНХчЙЗцЬ║цЧ╢щТЯщвСчОЗчЪДшжБц▒Вя╝Мш┐ЫшбМф╗гчаБш░ГшпХхТМф┐оцФ╣уАВ
   5          */
   6          
   7          //
   8          
   9          #include "onewire.h"
  10          
  11          sbit DQ = P1^4;
  12          
  13          void Delay_OneWire(unsigned int t)  
  14          {
  15   1              unsigned char i;
  16   1              while(t--){
  17   2                      for(i=0;i<12;i++);
  18   2              }
  19   1      }
  20          
  21          //
  22          void Write_DS18B20(unsigned char dat)
  23          {
  24   1              unsigned char i;
  25   1              for(i=0;i<8;i++)
  26   1              {
  27   2                      DQ = 0;
  28   2                      DQ = dat&0x01;
  29   2                      Delay_OneWire(5);
  30   2                      DQ = 1;
  31   2                      dat >>= 1;
  32   2              }
  33   1              Delay_OneWire(5);
  34   1      }
  35          
  36          //
  37          unsigned char Read_DS18B20(void)
  38          {
  39   1              unsigned char i;
  40   1              unsigned char dat;
  41   1        
  42   1              for(i=0;i<8;i++)
  43   1              {
  44   2                      DQ = 0;
  45   2                      dat >>= 1;
  46   2                      DQ = 1;
  47   2                      if(DQ)
  48   2                      {
  49   3                              dat |= 0x80;
  50   3                      }           
  51   2                      Delay_OneWire(5);
  52   2              }
  53   1              return dat;
C51 COMPILER V9.56.0.0   ONEWIRE                                                           04/11/2026 19:30:23 PAGE 2   

  54   1      }
  55          
  56          //
  57          bit init_ds18b20(void)
  58          {
  59   1              bit initflag = 0;
  60   1              
  61   1              DQ = 1;
  62   1              Delay_OneWire(12);
  63   1              DQ = 0;
  64   1              Delay_OneWire(80);
  65   1              DQ = 1;
  66   1              Delay_OneWire(10); 
  67   1          initflag = DQ;     
  68   1              Delay_OneWire(5);
  69   1        
  70   1              return initflag;
  71   1      }
  72          
  73          float rd_temprature()
  74          {
  75   1              float temp_return;
  76   1              u8 low,high;
  77   1              init_ds18b20();
  78   1              Write_DS18B20(0xcc);
  79   1              Write_DS18B20(0x44);
  80   1              
  81   1              init_ds18b20();
  82   1              Write_DS18B20(0xcc);
  83   1              Write_DS18B20(0xbe);
  84   1              low=Read_DS18B20();
  85   1              high=Read_DS18B20();
  86   1              temp_return=(high<<8|low)*0.0625;
  87   1              
  88   1              return temp_return;
  89   1      }


MODULE INFORMATION:   STATIC OVERLAYABLE
   CODE SIZE        =    174    ----
   CONSTANT SIZE    =   ----    ----
   XDATA SIZE       =   ----    ----
   PDATA SIZE       =   ----    ----
   DATA SIZE        =   ----    ----
   IDATA SIZE       =   ----    ----
   BIT SIZE         =   ----       1
END OF MODULE INFORMATION.


C51 COMPILATION COMPLETE.  0 WARNING(S),  0 ERROR(S)
