C51 COMPILER V9.56.0.0   MAIN                                                              11/07/2025 20:23:06 PAGE 1   


C51 COMPILER V9.56.0.0, COMPILATION OF MODULE MAIN
OBJECT MODULE PLACED IN .\Objects\main.obj
COMPILER INVOKED BY: D:\keil c51v956\C51\BIN\C51.EXE main.c OPTIMIZE(8,SPEED) BROWSE INCDIR(.\library\device;.\library\s
                    -ystem) DEBUG OBJECTEXTEND PRINT(.\Listings\main.lst) OBJECT(.\Objects\main.obj)

line level    source

   1          #include "system.h"
   2          
   3          void system_init()
   4          {
   5   1              P2P0_ctrl(0xa0,0);
   6   1              P2P0_ctrl(0x80,0xff);
   7   1              P2P0_ctrl(0xc0,0x00);
   8   1      }
   9          
  10          u16 cnt_sonic;
  11          u16 dist_sonic;
  12          void vSonic_Process()
  13          {
  14   1              if(cnt_sonic>=100)
  15   1              {
  16   2                      cnt_sonic=0;
  17   2                      dist_sonic=uiDistance_Get();
  18   2              }
  19   1      }
  20          
  21          void vSmg_Process()
  22          {
  23   1              smg_buf[0]=smg_code[dist_sonic/10000];
  24   1              smg_buf[1]=smg_code[dist_sonic/1000%10];
  25   1              smg_buf[2]=smg_code[dist_sonic/100%10];
  26   1              smg_buf[3]=smg_code[dist_sonic/10%10];
  27   1              smg_buf[4]=smg_code[dist_sonic%10];     
  28   1              smg_buf[5]=0x00;
  29   1              smg_buf[6]=0x00;
  30   1              smg_buf[7]=0x00;
  31   1      }
  32          
  33          void main()
  34          {
  35   1              system_init();
  36   1              Timer2Init();
  37   1              
  38   1              while(1)
  39   1              {
  40   2                      vSmg_Process();
  41   2                      vSonic_Process();
  42   2              }
  43   1              
  44   1      }
  45          
  46          void t2int() interrupt 12
  47          {
  48   1              vSmg_Display();
  49   1              cnt_sonic++;
  50   1      }


MODULE INFORMATION:   STATIC OVERLAYABLE
   CODE SIZE        =    245    ----
C51 COMPILER V9.56.0.0   MAIN                                                              11/07/2025 20:23:06 PAGE 2   

   CONSTANT SIZE    =   ----    ----
   XDATA SIZE       =   ----    ----
   PDATA SIZE       =   ----    ----
   DATA SIZE        =      4    ----
   IDATA SIZE       =   ----    ----
   BIT SIZE         =   ----    ----
END OF MODULE INFORMATION.


C51 COMPILATION COMPLETE.  0 WARNING(S),  0 ERROR(S)
