C51 COMPILER V9.56.0.0   SMG                                                               04/11/2026 20:19:44 PAGE 1   


C51 COMPILER V9.56.0.0, COMPILATION OF MODULE SMG
OBJECT MODULE PLACED IN .\Objects\smg.obj
COMPILER INVOKED BY: D:\keil c51v956\C51\BIN\C51.EXE library\deivce\smg.c OPTIMIZE(8,SPEED) BROWSE INCDIR(.\library\deiv
                    -ce;.\library\system) DEBUG OBJECTEXTEND PRINT(.\Listings\smg.lst) OBJECT(.\Objects\smg.obj)

line level    source

   1          #include "smg.h"
   2          
   3          u8 smg_buf[8];
   4          u8 smg_code[]={0x3F,0x06,0x5B,0x4F,0x66,0x6D,0x7D,0x07,0x7F,0x6F,0x00,0x40};
   5          
   6          void Smg_Disp()
   7          {
   8   1              static u8 k=0;
   9   1              P2P0_ctrl(0xc0,0x00);
  10   1              P2P0_ctrl(0xe0,~smg_buf[k]);
  11   1              P2P0_ctrl(0xc0,0x01<<k);
  12   1              k=(k+1)%8;
  13   1      }


MODULE INFORMATION:   STATIC OVERLAYABLE
   CODE SIZE        =     47    ----
   CONSTANT SIZE    =   ----    ----
   XDATA SIZE       =   ----    ----
   PDATA SIZE       =   ----    ----
   DATA SIZE        =     21    ----
   IDATA SIZE       =   ----    ----
   BIT SIZE         =   ----    ----
END OF MODULE INFORMATION.


C51 COMPILATION COMPLETE.  0 WARNING(S),  0 ERROR(S)
