C51 COMPILER V9.56.0.0   UART                                                              04/11/2026 20:19:44 PAGE 1   


C51 COMPILER V9.56.0.0, COMPILATION OF MODULE UART
OBJECT MODULE PLACED IN .¥Objects¥uart.obj
COMPILER INVOKED BY: D:¥keil c51v956¥C51¥BIN¥C51.EXE library¥system¥uart.c OPTIMIZE(8,SPEED) BROWSE INCDIR(.¥library¥dei
                    -vce;.¥library¥system) DEBUG OBJECTEXTEND PRINT(.¥Listings¥uart.lst) OBJECT(.¥Objects¥uart.obj)

line level    source

   1          #include "uart.h"
   2          
   3          void Uart1_Init(void)   //9600bps@12.000MHz
   4          {
   5   1              SCON = 0x50;            //8ﾎｻ魹ｽ魹ｽ魹ｽ魹ｽ,魹ｽﾉｱ茣ｨ魹ｽ魹ｽ魹ｽ魹ｽ
   6   1              AUXR |= 0x40;           //魹ｽ魹ｽﾊｱ魹ｽ魹ｽﾊｱ魹ｽ魹ｽ1Tﾄ｣ﾊｽ
   7   1              AUXR &= 0xFE;           //魹ｽ魹ｽ魹ｽ魹ｽ1ﾑ｡魹ｽ魹ｽﾊｱ魹ｽ魹ｽ1ﾎｪ魹ｽ魹ｽ魹ｽ魹ｽ魹ｽﾊｷ魹ｽ魹ｽ魹ｽ魹ｽ魹ｽ
   8   1              TMOD &= 0x0F;           //魹ｽ魹ｽ魹ｽﾃｶ魹ｽﾊｱ魹ｽ魹ｽﾄ｣ﾊｽ
   9   1              TL1 = 0xC7;                     //魹ｽ魹ｽ魹ｽﾃｶ魹ｽﾊｱ魹ｽ魹ｽﾊｼﾖｵ
  10   1              TH1 = 0xFE;                     //魹ｽ魹ｽ魹ｽﾃｶ魹ｽﾊｱ魹ｽ魹ｽﾊｼﾖｵ
  11   1              ET1 = 0;                        //魹ｽ魹ｽﾖｹ魹ｽ魹ｽﾊｱ魹ｽ魹ｽ魹ｽﾐｶ魹ｽ
  12   1              TR1 = 1;                        //魹ｽ魹ｽﾊｱ魹ｽ魹ｽ1魹ｽ魹ｽﾊｼ魹ｽ魹ｽﾊｱ
  13   1          ES = 1;                     //ﾊｹ魹ｽﾜｴ魹ｽ魹ｽ魹ｽ魹ｽﾐｶ魹ｽ
  14   1          EA = 1;     
  15   1      }
  16          
  17          bit busy;
  18          u8 rx_buf[RXBUF];
  19          u8 cnt_rx;
  20          bit rx_flag=0;
  21          u8 rx_time=0;
  22          /*----------------------------
  23          UART 魹ｽﾐｶﾏｷ魹ｽ魹ｽ魹ｽ魹ｽ魹ｽ魹ｽ
  24          -----------------------------*/
  25          void Uart() interrupt 4
  26          {
  27   1          if (RI)
  28   1          {
  29   2              RI = 0;                 //魹ｽ魹ｽ魹ｽRIﾎｻ
  30   2                      rx_time=0;
  31   2                      rx_buf[cnt_rx++]=SBUF;
  32   2                      if(rx_buf[cnt_rx-1]==')'||rx_buf[cnt_rx-1]=='?'||rx_buf[cnt_rx-1]=='#') 
  33   2                      {
  34   3                              cnt_rx=0;
  35   3                              rx_flag=1;
  36   3                      }
  37   2          }
  38   1          if (TI)
  39   1          {
  40   2              TI = 0;                 //魹ｽ魹ｽ魹ｽTIﾎｻ
  41   2              busy = 0;               //魹ｽ魹ｽﾃｦ魹ｽ魹ｽﾖｾ
  42   2          }
  43   1      }
  44          
  45          void vRX_time_Proc()
  46          {
  47   1              rx_time++;
  48   1              if(rx_time>=50)
  49   1              {
  50   2                      rx_time=0;
  51   2                      cnt_rx=0;
  52   2                      memset(rx_buf,'¥0',sizeof(rx_buf));
  53   2              }
  54   1      }
C51 COMPILER V9.56.0.0   UART                                                              04/11/2026 20:19:44 PAGE 2   

  55          
  56          /*----------------------------
  57          魹ｽ魹ｽ魹ｽﾍｴ魹ｽ魹ｽ魹ｽ魹ｽ魹ｽ魹ｽ魹ｽ
  58          ----------------------------*/
  59          void SendData(u8 dat)
  60          {
  61   1          while (busy);               //魹ｽﾈｴ魹ｽﾇｰ魹ｽ魹ｽ魹ｽ魹ｽ魹ｽ魹ｽﾝｷ魹ｽ魹ｽ魹ｽ魹ｽ魹ｽ魹ｽ
  62   1          busy = 1;
  63   1          SBUF = dat;                 //ﾐｴ魹ｽ魹ｽ魹ｽﾝｵ魹ｽUART魹ｽ魹ｽ魹ｽﾝｼﾄｴ魹ｽ魹ｽ魹ｽ
  64   1      }
  65          
  66          /*----------------------------
  67          魹ｽ魹ｽ魹ｽ魹ｽ魹ｽﾖｷ魹ｽ魹ｽ魹ｽ
  68          ----------------------------*/
  69          void SendString(char *s)
  70          {
  71   1          while (*s)                  //魹ｽ魹ｽ魹ｽ魹ｽﾖｷ魹ｽ魹ｽ魹ｽ魹ｽ魹ｽ魹ｽ魹ｽ魹ｽ魹ｽﾖｾ
  72   1          {
  73   2              SendData(*s++);         //魹ｽ魹ｽ魹ｽﾍｵ魹ｽﾇｰ魹ｽﾖｷ魹ｽ
  74   2          }
  75   1      }
  76          
  77          


MODULE INFORMATION:   STATIC OVERLAYABLE
   CODE SIZE        =    169    ----
   CONSTANT SIZE    =   ----    ----
   XDATA SIZE       =   ----    ----
   PDATA SIZE       =   ----    ----
   DATA SIZE        =     12       3
   IDATA SIZE       =   ----    ----
   BIT SIZE         =      2    ----
END OF MODULE INFORMATION.


C51 COMPILATION COMPLETE.  0 WARNING(S),  0 ERROR(S)
