C51 COMPILER V9.56.0.0   MAIN                                                              07/21/2025 20:54:51 PAGE 1   


C51 COMPILER V9.56.0.0, COMPILATION OF MODULE MAIN
OBJECT MODULE PLACED IN .\Objects\main.obj
COMPILER INVOKED BY: D:\keil c51v956\C51\BIN\C51.EXE main.c OPTIMIZE(8,SPEED) BROWSE INCDIR(.\Library\System;.\Library\D
                    -evice) DEBUG OBJECTEXTEND PRINT(.\Listings\main.lst) OBJECT(.\Objects\main.obj)

line level    source

   1          #include <STC15F2K60S2.H>
   2          #include <intrins.h>
   3          #include "Delay.h"
   4          
   5          unsigned char buzzer_ctrl;
   6          unsigned char relay_ctrl;
   7          
   8          void vSystem_Init(void)
   9          {
  10   1              buzzer_ctrl=0;
  11   1              relay_ctrl=1;
  12   1              P0=(buzzer_ctrl<<6)|(relay_ctrl<<4);
  13   1              P2=0xa0;
  14   1              P2=0;
  15   1      }
  16          
  17          void main(void)
  18          {
  19   1              vSystem_Init();
  20   1              while(1)
  21   1              {
  22   2                      
  23   2              }
  24   1      }


MODULE INFORMATION:   STATIC OVERLAYABLE
   CODE SIZE        =     34    ----
   CONSTANT SIZE    =   ----    ----
   XDATA SIZE       =   ----    ----
   PDATA SIZE       =   ----    ----
   DATA SIZE        =      2    ----
   IDATA SIZE       =   ----    ----
   BIT SIZE         =   ----    ----
END OF MODULE INFORMATION.


C51 COMPILATION COMPLETE.  0 WARNING(S),  0 ERROR(S)
