C51 COMPILER V9.56.0.0   MAIN                                                              08/27/2025 17:01:36 PAGE 1   


C51 COMPILER V9.56.0.0, COMPILATION OF MODULE MAIN
OBJECT MODULE PLACED IN .\Objects\main.obj
COMPILER INVOKED BY: D:\keil c51v956\C51\BIN\C51.EXE main.c OPTIMIZE(8,SPEED) BROWSE DEBUG OBJECTEXTEND PRINT(.\Listings
                    -\main.lst) OBJECT(.\Objects\main.obj)

line level    source

   1          #include <STC15F2K60S2.H>
   2          #include "intrins.h"
   3          
   4          void vDelay_Ms(unsigned int ms)         //@12.000MHz
   5          {
   6   1              unsigned char i, j;
   7   1              unsigned int k;
   8   1      
   9   1              for(k=0;k<ms;k++)
  10   1              {
  11   2                      i = 12;
  12   2                      j = 169;
  13   2                      do
  14   2                      {
  15   3                              while (--j);
  16   3                      } while (--i);
  17   2              }
  18   1      }
  19          
  20          void vDelay_Us(unsigned int us)         //@12.000MHz
  21          {
  22   1              unsigned int k; 
  23   1              
  24   1              for(k=0;k<us;k++)
  25   1              {
  26   2                      _nop_();
  27   2                      _nop_();
  28   2                      _nop_();
  29   2                      _nop_();                
  30   2              }
  31   1      }
  32          
  33          void vDelay_10us(unsigned int us)               //@12.000MHz
  34          {
  35   1              unsigned char i;
  36   1              unsigned int k;
  37   1      
  38   1              for(k=0;k<us;k++)
  39   1              {
  40   2                      _nop_();
  41   2                      _nop_();
  42   2                      i = 27;
  43   2                      while (--i);            
  44   2              }
  45   1      }
  46          
  47          void vDelay_100us(unsigned int us)              //@12.000MHz
  48          {
  49   1              unsigned char i, j;
  50   1              unsigned int k;
  51   1      
  52   1              for(k=0;k<us;k++)
  53   1              {
  54   2                      i = 2;
C51 COMPILER V9.56.0.0   MAIN                                                              08/27/2025 17:01:36 PAGE 2   

  55   2                      j = 39;
  56   2                      do
  57   2                      {
  58   3                              while (--j);
  59   3                      } while (--i);          
  60   2              }
  61   1      }
  62          
  63          //Delay软件延时
  64          //void main(void)
  65          //{
  66          //      
  67          //      
  68          //      while(1)
  69          //      {
  70          //              P34 = 1;
  71          //              vDelay_Ms(1);
  72          //              vDelay_100us(5);
  73          //              P34 = 0;
  74          //              vDelay_100us(5);
  75          //      }
  76          //}
  77          
  78          //继电器与蜂鸣器程序控制（位控制）
  79          //sbit bRelay = P0^4;                           //继电器
  80          //sbit bBuzzer = P0^6;                  //蜂鸣器
  81          
  82          //void vSystem_Init(void)
  83          //{
  84          //      bRelay=1;                                       //开
  85          //      bBuzzer=0;                                      //关
  86          //      P27=1;P26=0;P25=1;                      //选通译码器，开锁存器
  87          //      P27=0;P26=0;P25=0;                      //选通译码器，关锁存器
  88          //}
  89          
  90          //void main(void)
  91          //{
  92          //      vSystem_Init();
  93          //      while(1)
  94          //      {
  95          //              
  96          //      }
  97          //}
  98          
  99          //继电器与蜂鸣器程序控制（字节控制）
 100          //void vSystem_Init(void)
 101          //{
 102          ////    P0=0x01<<6;             //P06输出高电平，P04输出低电平
 103          //      P0=0x40;                //P06输出高电平，P04输出低电平
 104          //      P2=0xa0;                //打开锁存器
 105          //      P2=0;                   //关闭锁存器
 106          //}
 107          
 108          //void main(void)
 109          //{
 110          //      vSystem_Init();
 111          //      while(1)
 112          //      {
 113          //              
 114          //      }
 115          //}
 116          
C51 COMPILER V9.56.0.0   MAIN                                                              08/27/2025 17:01:36 PAGE 3   

 117          //继电器与蜂鸣器程序控制（标志位控制）
 118          //unsigned char buzzer_ctrl;
 119          //unsigned char relay_ctrl;
 120          
 121          //void vSystem_Init(void)
 122          //{
 123          //      buzzer_ctrl=0;
 124          //      relay_ctrl=1;
 125          //      P0=(buzzer_ctrl<<6)|(relay_ctrl<<4);
 126          //      P2=0xa0;                //打开锁存器
 127          //      P2=0;                   //关闭锁存器
 128          //}
 129          
 130          //void main(void)
 131          //{
 132          //      vSystem_Init();
 133          //      while(1)
 134          //      {
 135          //              
 136          //      }
 137          //}
 138          
 139          //继电器与蜂鸣器程序控制（间接开关）    
 140          //unsigned char buzzer_ctrl;
 141          //unsigned char relay_ctrl;
 142          
 143          void vDevice_Ctrl(unsigned char p2data,unsigned char p0data)
 144          {
 145   1              P0 = p0data;
 146   1              P2 = p2data;
 147   1              P2 = 0;
 148   1      }
 149          
 150          //void vSystem_Init(void)
 151          //{
 152          //      buzzer_ctrl=0;          
 153          //      relay_ctrl=1;
 154          //      vDevice_Ctrl(0xa0,(buzzer_ctrl<<6)|(relay_ctrl<<4));
 155          //}
 156          
 157          //void main(void)
 158          //{
 159          //      vSystem_Init();
 160          //      while(1)
 161          //      {
 162          //              buzzer_ctrl=1;
 163          //              vDevice_Ctrl(0xa0,(buzzer_ctrl<<6)|(relay_ctrl<<4));
 164          //              vDelay_Ms(500);
 165          //              buzzer_ctrl=0;
 166          //              vDevice_Ctrl(0xa0,(buzzer_ctrl<<6)|(relay_ctrl<<4));
 167          //              vDelay_Ms(500);         
 168          //      }
 169          //}
 170          
 171          //LED（点亮指定LED）    
 172          //void vSystem_Init(void)
 173          //{
 174          //      vDevice_Ctrl(0xa0,0);           //关闭继电器与蜂鸣器    
 175          //}
 176          
 177          //void main(void)
 178          //{
C51 COMPILER V9.56.0.0   MAIN                                                              08/27/2025 17:01:36 PAGE 4   

 179          //      vSystem_Init();
 180          //      vDevice_Ctrl(0x80,0x3a);                //点亮L1,L3,L7,L8
 181          //      vDevice_Ctrl(0x80,0xaa);                //点亮L1,L3,L5,L7
 182          //      while(1)
 183          //      {
 184          //                      
 185          //      }
 186          //}
 187          
 188          //LED（变量位操作）     
 189          //unsigned char led_ctrl[9];
 190          
 191          //void vSystem_Init(void)
 192          //{
 193          //      vDevice_Ctrl(0xa0,0);           //关闭继电器与蜂鸣器    
 194          //}
 195          
 196          //void main(void)
 197          //{
 198          //      vSystem_Init();
 199          //      led_ctrl[1]=1;led_ctrl[3]=1;led_ctrl[7]=1;led_ctrl[8]=1;
 200          //      vDevice_Ctrl(0x80,~(led_ctrl[8]<<7 | led_ctrl[7]<<6 | led_ctrl[6]<<5 | led_ctrl[5]<<4 | led_ctrl[4]<<3 
             -| led_ctrl[3]<<2 | led_ctrl[2]<<1 | led_ctrl[1]));
 201          //      while(1)
 202          //      {
 203          //                      
 204          //      }
 205          //}
 206          
 207          //LED（流水灯） 
 208          //unsigned char led_ctrl[9];
 209          
 210          //void vSystem_Init(void)
 211          //{
 212          //      vDevice_Ctrl(0xa0,0);           //关闭继电器与蜂鸣器    
 213          //}
 214          
 215          //void vLED_Running_L1_L8(void)
 216          //{
 217          //      static unsigned char led_shift=0;
 218          //      vDevice_Ctrl(0x80,~(0x01<<led_shift));
 219          //      led_shift++;
 220          //      if(led_shift==8)
 221          //              led_shift=0;
 222          //}
 223          
 224          //void vLED_Running_L8_L1(void)
 225          //{
 226          //      static unsigned char led_shift;
 227          //      vDevice_Ctrl(0x80,~(0x80>>led_shift));
 228          //      led_shift = (led_shift + 1) % 8;
 229          //}
 230          
 231          //void vLED_Running_L2_L4_L6_L8(void)
 232          //{
 233          //      static unsigned char led_shift;
 234          //      vDevice_Ctrl(0x80,~(0x02<<led_shift));
 235          //      led_shift = (led_shift + 2) % 8;
 236          //}
 237          
 238          
 239          //void main(void)
C51 COMPILER V9.56.0.0   MAIN                                                              08/27/2025 17:01:36 PAGE 5   

 240          //{
 241          //      vSystem_Init();
 242          //      led_ctrl[1]=1;led_ctrl[3]=1;led_ctrl[7]=1;led_ctrl[8]=1;
 243          //      vDevice_Ctrl(0x80,~(led_ctrl[8]<<7 | led_ctrl[7]<<6 | led_ctrl[6]<<5 | led_ctrl[5]<<4 | led_ctrl[4]<<3 
             -| led_ctrl[3]<<2 | led_ctrl[2]<<1 | led_ctrl[1]));
 244          //      while(1)
 245          //      {
 246          //              vLED_Running_L2_L4_L6_L8();
 247          //              vDelay_Ms(200);
 248          //      }
 249          //}
 250          
 251          //LED(利用共用体实现字节赋值和位赋值)
 252          typedef struct
 253          {
 254                  unsigned char b0 : 1;
 255                  unsigned char b1 : 1;
 256                  unsigned char b2 : 1;
 257                  unsigned char b3 : 1;
 258                  unsigned char b4 : 1;
 259                  unsigned char b5 : 1;
 260                  unsigned char b6 : 1;
 261                  unsigned char b7 : 1;
 262          }bits;
 263          
 264          typedef union
 265          {
 266                  unsigned char hex;
 267                  bits b;
 268          }HexToBin;
 269          
 270          typedef char s8;
 271          typedef unsigned char u8;
 272          typedef int s16;
 273          typedef unsigned int  u16;
 274          typedef unsigned long u32;
 275          
 276          //HexToBin led_ctrl,buzzer_ctrl;
 277          
 278          //void vSystem_Init(void)
 279          //{
 280          //      vDevice_Ctrl(0xa0,0);           //关闭继电器与蜂鸣器    
 281          //}
 282          
 283          //void main(void)
 284          //{
 285          //      vSystem_Init();
 286          //      led_ctrl.hex = 0x55;
 287          //      vDevice_Ctrl(0x80,led_ctrl.hex);
 288          //      
 289          //      buzzer_ctrl.b.b4 = 1;
 290          //      vDevice_Ctrl(0xa0,buzzer_ctrl.hex);
 291          //      while(1)
 292          //      {
 293          //              led_ctrl.b.b1 = 1;
 294          //              vDevice_Ctrl(0x80,led_ctrl.hex);
 295          //              vDelay_Ms(200);
 296          //              
 297          //              led_ctrl.b.b1 = 0;
 298          //              vDevice_Ctrl(0x80,led_ctrl.hex);
 299          //              vDelay_Ms(200);
 300          //      }
C51 COMPILER V9.56.0.0   MAIN                                                              08/27/2025 17:01:36 PAGE 6   

 301          //}
 302          
 303          ////定时器(定时器2编程)
 304          //HexToBin led_ctrl,buzzer_ctrl;
 305          //u16 cnt_buzzer;
 306          
 307          //void vSystem_Init(void)
 308          //{
 309          //      vDevice_Ctrl(0xa0,0);           //关闭继电器与蜂鸣器    
 310          //}
 311          
 312          //void vTimer2_Init(void)               //1毫秒@12.000MHz
 313          //{
 314          //      AUXR &= 0xFB;           //定时器时钟12T模式
 315          //      T2L = 0x18;             //设置定时初值
 316          //      T2H = 0xFC;             //设置定时初值
 317          //      AUXR |= 0x10;           //定时器2开始计时
 318          //      IE2 |= 0x04;        //开定时器2中断
 319          //      EA = 1;                         //开启总中断
 320          //}
 321          
 322          //void main(void)
 323          //{
 324          //      vSystem_Init();
 325          //      vTimer2_Init();
 326          
 327          //      while(1)
 328          //      {
 329          
 330          //      }
 331          //}
 332          
 333          ////中断服务程序
 334          //void vTimer_ISR() interrupt 12           //中断入口
 335          //{
 336          //      //写法一：根据时间段
 337          ////    cnt_buzzer++;
 338          ////    if(cnt_buzzer<=200)
 339          ////    {
 340          ////            buzzer_ctrl.b.b6 = 1;
 341          ////            vDevice_Ctrl(0xa0,buzzer_ctrl.hex);
 342          ////    }
 343          ////    else if(cnt_buzzer<=400)
 344          ////    {
 345          ////            buzzer_ctrl.b.b6 = 0;
 346          ////            vDevice_Ctrl(0xa0,buzzer_ctrl.hex);             
 347          ////    }
 348          ////    else
 349          ////            cnt_buzzer=0;
 350          //      //写法二：根据时间点
 351          //      cnt_buzzer++;
 352          //      if(cnt_buzzer>=200)
 353          //      {
 354          //              cnt_buzzer=0;
 355          //              buzzer_ctrl.b.b6 = ~buzzer_ctrl.b.b6;
 356          //              vDevice_Ctrl(0xa0,buzzer_ctrl.hex);             
 357          //      }       
 358          //}
 359          
 360          //定时器(综合练习)
 361          HexToBin led_ctrl,uln_ctrl;
 362          
C51 COMPILER V9.56.0.0   MAIN                                                              08/27/2025 17:01:36 PAGE 7   

 363          void vSystem_Init(void)
 364          {
 365   1              vDevice_Ctrl(0xa0,0);           //关闭继电器与蜂鸣器    
 366   1              led_ctrl.hex=0xff;
 367   1              vDevice_Ctrl(0x80,led_ctrl.hex);                //关闭LED
 368   1      }
 369          
 370          void vTimer2_Init(void)         //1毫秒@12.000MHz
 371          {
 372   1              AUXR &= 0xFB;           //定时器时钟12T模式
 373   1              T2L = 0x18;             //设置定时初值
 374   1              T2H = 0xFC;             //设置定时初值
 375   1              AUXR |= 0x10;           //定时器2开始计时
 376   1              IE2 |= 0x04;        //开定时器2中断
 377   1              EA = 1;                         //开启总中断
 378   1      }
 379          
 380          //LED操做函数
 381          u16 cnt_led_blink,cnt_led_running;
 382          u8 led_blink_times,led_shift;
 383          void vLED_Process()
 384          {
 385   1              if(cnt_led_blink>=500)
 386   1              {
 387   2                      cnt_led_blink=0;
 388   2                      led_ctrl.b.b0 = ~led_ctrl.b.b0;
 389   2                      vDevice_Ctrl(0x80,led_ctrl.hex);
 390   2                      
 391   2                      led_blink_times++;
 392   2              }
 393   1              
 394   1              if(cnt_led_running>=100)
 395   1              {
 396   2                      cnt_led_running=0;
 397   2                      led_ctrl.b.b3 = ~(0x01>>led_shift);
 398   2                      led_ctrl.b.b4 = ~(0x02>>led_shift);
 399   2                      led_ctrl.b.b5 = ~(0x04>>led_shift);
 400   2                      led_ctrl.b.b6 = ~(0x08>>led_shift);
 401   2                      led_ctrl.b.b7 = ~(0x10>>led_shift);
 402   2                      vDevice_Ctrl(0x80,led_ctrl.hex);        
 403   2      
 404   2                      led_shift++;
 405   2                      if(led_shift==5)
 406   2                              led_shift=0;
 407   2              }
 408   1      }
 409          
 410          //继电器操做函数
 411          void vULN_Process()
 412          {
 413   1              if(led_blink_times==10)
 414   1              {
 415   2                      uln_ctrl.b.b4 = 1;
 416   2                      vDevice_Ctrl(0xa0,uln_ctrl.hex);
 417   2              }
 418   1              if(led_blink_times==20)
 419   1              {
 420   2                      led_blink_times=0;
 421   2                      uln_ctrl.b.b4 = 0;
 422   2                      vDevice_Ctrl(0xa0,uln_ctrl.hex);
 423   2              }
 424   1      }
C51 COMPILER V9.56.0.0   MAIN                                                              08/27/2025 17:01:36 PAGE 8   

 425          
 426          void main(void)
 427          {
 428   1              vSystem_Init();
 429   1              vTimer2_Init();
 430   1      
 431   1              while(1)
 432   1              {
 433   2      
 434   2              }
 435   1      }
 436          
 437          //中断服务程序
 438          void vTimer_ISR() interrupt 12           //中断入口
 439          {
 440   1              cnt_led_blink++;
 441   1              cnt_led_running++;
 442   1              vLED_Process();
 443   1              vULN_Process();
 444   1      
 445   1      }


MODULE INFORMATION:   STATIC OVERLAYABLE
   CODE SIZE        =    442    ----
   CONSTANT SIZE    =   ----    ----
   XDATA SIZE       =   ----    ----
   PDATA SIZE       =   ----    ----
   DATA SIZE        =      8    ----
   IDATA SIZE       =   ----    ----
   BIT SIZE         =   ----    ----
END OF MODULE INFORMATION.


C51 COMPILATION COMPLETE.  0 WARNING(S),  0 ERROR(S)
