C51 COMPILER V9.56.0.0   MAIN                                                              08/06/2025 21:36:27 PAGE 1   


C51 COMPILER V9.56.0.0, COMPILATION OF MODULE MAIN
OBJECT MODULE PLACED IN .\Objects\main.obj
COMPILER INVOKED BY: D:\keil c51v956\C51\BIN\C51.EXE main.c OPTIMIZE(8,SPEED) BROWSE INCDIR(.\Library\System;.\Library\D
                    -evice) DEBUG OBJECTEXTEND PRINT(.\Listings\main.lst) OBJECT(.\Objects\main.obj)

line level    source

   1          #include "system.h"
   2          #include <intrins.h>
   3          #include "Delay.h"
   4          #include "Device.h"
   5          
   6          
   7          HexToBin led_ctrl,uln_ctrl;
   8          u16 cnt_buzzer;
   9          
  10          void vSystem_Init(void)
  11          {
  12   1              vDevice_Ctrl(0xa0,0);
  13   1              led_ctrl.hex=0xff;
  14   1              vDevice_Ctrl(0x80,led_ctrl.hex);        
  15   1      }
  16          
  17          void vTimer2_Init(void)         //1毫秒@12.000MHz
  18          {
  19   1              AUXR &= 0xFB;           //定时器时钟12T模式
  20   1              T2L = 0x18;                     //设置定时初值
  21   1              T2H = 0xFC;                     //设置定时初值
  22   1              AUXR |= 0x10;           //定时器2开始计时
  23   1              IE2 |= 0x04;                    //开定时器2中断
  24   1              EA = 1;
  25   1      }
  26          
  27          void main(void)
  28          {
  29   1              vSystem_Init();
  30   1              vTimer2_Init();
  31   1              while(1)
  32   1              {
  33   2              if(cnt_buzzer>=200)
  34   2              {
  35   3                      cnt_buzzer=0;
  36   3                      uln_ctrl.b.b6 = ~uln_ctrl.b.b6;
  37   3              }                       
  38   2                      vDelay_Ms(100);
  39   2              }
  40   1      }
  41          
  42          
  43          //中断服务程序
  44          void vTimer2_ISR() interrupt 12     //中断入口
  45          {
  46   1              cnt_buzzer++;
  47   1              vDevice_Ctrl(0xa0,uln_ctrl.hex);        
  48   1      }


MODULE INFORMATION:   STATIC OVERLAYABLE
   CODE SIZE        =    161    ----
   CONSTANT SIZE    =   ----    ----
   XDATA SIZE       =   ----    ----
C51 COMPILER V9.56.0.0   MAIN                                                              08/06/2025 21:36:27 PAGE 2   

   PDATA SIZE       =   ----    ----
   DATA SIZE        =      4    ----
   IDATA SIZE       =   ----    ----
   BIT SIZE         =   ----    ----
END OF MODULE INFORMATION.


C51 COMPILATION COMPLETE.  0 WARNING(S),  0 ERROR(S)
