C51 COMPILER V9.56.0.0   MAIN                                                              11/09/2025 22:57:56 PAGE 1   


C51 COMPILER V9.56.0.0, COMPILATION OF MODULE MAIN
OBJECT MODULE PLACED IN .\Objects\main.obj
COMPILER INVOKED BY: D:\keil c51v956\C51\BIN\C51.EXE main.c OPTIMIZE(8,SPEED) BROWSE INCDIR(.\library\device;.\library\s
                    -ystem) DEBUG OBJECTEXTEND PRINT(.\Listings\main.lst) OBJECT(.\Objects\main.obj)

line level    source

   1          #include "system.h"
   2          
   3          void vSystem_init()
   4          {
   5   1              vP2p0_ctrl(0x80,0xff);
   6   1              vP2p0_ctrl(0xa0,0);
   7   1              vP2p0_ctrl(0xc0,0);
   8   1      }
   9          
  10          u8 cnt_kbd;
  11          u8 key_val;
  12          u8 s12_number;
  13          u16 times_s4,times_s5,times_s6,times_s7,times_s8,times_s9,times_s10,times_s11;
  14          void vKBD_Process()
  15          {
  16   1              if(cnt_kbd>=10)
  17   1              {
  18   2                      cnt_kbd=0;
  19   2                      key_val=ucKBD_KeyIO_State();
  20   2                      if(key_val==4)
  21   2                      {
  22   3                              times_s4++;
  23   3                      }
  24   2                      else
  25   2                              times_s4=0;
  26   2                      if(key_val==5)
  27   2                      {
  28   3                              times_s5++;
  29   3                      }
  30   2                      else 
  31   2                              times_s5=0;
  32   2                      if(key_val==6)
  33   2                      {
  34   3                              times_s6++;
  35   3                      }
  36   2                      else 
  37   2                              times_s6=0;
  38   2                      if(key_val==7)
  39   2                      {
  40   3                              times_s7++;
  41   3                      }
  42   2                      else 
  43   2                              times_s7=0;
  44   2                      if(key_val==8)
  45   2                      {
  46   3                              times_s8++;
  47   3                      }
  48   2                      else 
  49   2                              times_s8=0;
  50   2                      if(key_val==9)
  51   2                      {
  52   3                              times_s9++;
  53   3                      }
  54   2                      else 
C51 COMPILER V9.56.0.0   MAIN                                                              11/09/2025 22:57:56 PAGE 2   

  55   2                              times_s9=0;
  56   2                      if(key_val==10)
  57   2                      {
  58   3                              times_s10++;
  59   3                      }
  60   2                      else 
  61   2                              times_s10=0;
  62   2                      if(key_val==11)
  63   2                      {
  64   3                              times_s11++;
  65   3                      }
  66   2                      else 
  67   2                              times_s11=0;
  68   2              }
  69   1      }
  70          
  71          u8 cnt_L1,cnt_L2,cnt_L3,cnt_L4,cnt_L5,cnt_L6,cnt_L7,cnt_L8;
  72          void vLED_Process()
  73          {
  74   1              if(key_val==4)
  75   1              {
  76   2                      static u8 L1=0x01;
  77   2                      if(times_s4<=100)
  78   2                      {
  79   3                              L1=(((~L1)&0x01)|0xfe);         
  80   3                              vP2p0_ctrl(0x80,L1);            
  81   3                      }
  82   2                      else if(times_s4>100)
  83   2                      {
  84   3                              while(cnt_L1>=100)
  85   3                              {
  86   4                                      cnt_L1=0;
  87   4                                      L1=(((~L1)&0x01)|0xfe);
  88   4                                      vP2p0_ctrl(0x80,L1);                                    
  89   4                              }
  90   3                      }
  91   2              }
  92   1              if(key_val==5)
  93   1              {
  94   2                      static u8 L=0x02;
  95   2                      if(times_s5<=100)
  96   2                      {
  97   3                              L=(((~L)&0x02)|0xfd);           
  98   3                              vP2p0_ctrl(0x80,L);             
  99   3                      }
 100   2                      else if(times_s5>100)
 101   2                      {
 102   3                              while(cnt_L2>=100)
 103   3                              {
 104   4                                      cnt_L2=0;
 105   4                                      L=(((~L)&0x02)|0xfd);
 106   4                                      vP2p0_ctrl(0x80,L);                                     
 107   4                              }
 108   3                      }
 109   2              }
 110   1              if(key_val==6)
 111   1              {
 112   2                      static u8 L=0x04;
 113   2                      if(times_s6<=100)
 114   2                      {
 115   3                              L=(((~L)&0x04)|0xfb);           
 116   3                              vP2p0_ctrl(0x80,L);             
C51 COMPILER V9.56.0.0   MAIN                                                              11/09/2025 22:57:56 PAGE 3   

 117   3                      }
 118   2                      else if(times_s6>100)
 119   2                      {
 120   3                              while(cnt_L3>=100)
 121   3                              {
 122   4                                      cnt_L3=0;
 123   4                                      L=(((~L)&0x04)|0xfb);
 124   4                                      vP2p0_ctrl(0x80,L);                                     
 125   4                              }
 126   3                      }
 127   2              }
 128   1              if(key_val==7)
 129   1              {
 130   2                      static u8 L=0x08;
 131   2                      if(times_s7<=100)
 132   2                      {
 133   3                              L=(((~L)&0x08)|0xf7);           
 134   3                              vP2p0_ctrl(0x80,L);             
 135   3                      }
 136   2                      else if(times_s7>100)
 137   2                      {
 138   3                              while(cnt_L4>=100)
 139   3                              {
 140   4                                      cnt_L4=0;
 141   4                                      L=(((~L)&0x08)|0xf7);           
 142   4                                      vP2p0_ctrl(0x80,L);                                     
 143   4                              }
 144   3                      }
 145   2              }
 146   1              if(key_val==8)
 147   1              {
 148   2                      static u8 L=0x10;
 149   2                      if(times_s8<=100)
 150   2                      {
 151   3                              L=(((~L)&0x10)|0xef);           
 152   3                              vP2p0_ctrl(0x80,L);             
 153   3                      }
 154   2                      else if(times_s8>100)
 155   2                      {
 156   3                              while(cnt_L5>=100)
 157   3                              {
 158   4                                      cnt_L5=0;
 159   4                                      L=(((~L)&0x10)|0xef);           
 160   4                                      vP2p0_ctrl(0x80,L);                                     
 161   4                              }
 162   3                      }
 163   2              }
 164   1              if(key_val==9)
 165   1              {
 166   2                      static u8 L=0x20;
 167   2                      if(times_s9<=100)
 168   2                      {
 169   3                              L=(((~L)&0x20)|0xdf);           
 170   3                              vP2p0_ctrl(0x80,L);             
 171   3                      }
 172   2                      else if(times_s9>100)
 173   2                      {
 174   3                              while(cnt_L6>=100)
 175   3                              {
 176   4                                      cnt_L6=0;
 177   4                                      L=(((~L)&0x20)|0xdf);           
 178   4                                      vP2p0_ctrl(0x80,L);                                     
C51 COMPILER V9.56.0.0   MAIN                                                              11/09/2025 22:57:56 PAGE 4   

 179   4                              }
 180   3                      }
 181   2              }
 182   1              if(key_val==10)
 183   1              {
 184   2                      static u8 L=0x40;
 185   2                      if(times_s10<=100)
 186   2                      {
 187   3                              L=(((~L)&0x40)|0xbf);           
 188   3                              vP2p0_ctrl(0x80,L);             
 189   3                      }
 190   2                      else if(times_s10>100)
 191   2                      {
 192   3                              while(cnt_L7>=100)
 193   3                              {
 194   4                                      cnt_L7=0;
 195   4                                      L=(((~L)&0x40)|0xbf);           
 196   4                                      vP2p0_ctrl(0x80,L);                                     
 197   4                              }
 198   3                      }
 199   2              }
 200   1              if(key_val==11)
 201   1              {
 202   2                      static u8 L=0x80;
 203   2                      if(times_s11<=100)
 204   2                      {
 205   3                              L=(((~L)&0x80)|0x7f);           
 206   3                              vP2p0_ctrl(0x80,L);             
 207   3                      }
 208   2                      else if(times_s11>100)
 209   2                      {
 210   3                              while(cnt_L8>=100)
 211   3                              {
 212   4                                      cnt_L8=0;
 213   4                                      L=(((~L)&0x80)|0x7f);           
 214   4                                      vP2p0_ctrl(0x80,L);                                     
 215   4                              }
 216   3                      }
 217   2              }
 218   1      }
 219          
 220          void main()
 221          {
 222   1              vSystem_init();
 223   1              vTimer2_Init();
 224   1              
 225   1              while(1)
 226   1              {
 227   2                      vKBD_Process();
 228   2                      vLED_Process();
 229   2              }
 230   1              
 231   1      }
 232          
 233          void t2int() interrupt 12
 234          {
 235   1              cnt_kbd++;
 236   1              vLED_Process();
 237   1              cnt_L1++;
 238   1              cnt_L2++;
 239   1              cnt_L3++;
 240   1              cnt_L4++;
C51 COMPILER V9.56.0.0   MAIN                                                              11/09/2025 22:57:56 PAGE 5   

 241   1              cnt_L5++;
 242   1              cnt_L6++;
 243   1              cnt_L7++;
 244   1              cnt_L8++;
 245   1      }
 246          
 247          


MODULE INFORMATION:   STATIC OVERLAYABLE
   CODE SIZE        =    865    ----
   CONSTANT SIZE    =   ----    ----
   XDATA SIZE       =   ----    ----
   PDATA SIZE       =   ----    ----
   DATA SIZE        =     35    ----
   IDATA SIZE       =   ----    ----
   BIT SIZE         =   ----    ----
END OF MODULE INFORMATION.


C51 COMPILATION COMPLETE.  0 WARNING(S),  0 ERROR(S)
