C51 COMPILER V9.56.0.0   MAIN                                                              09/10/2025 12:26:05 PAGE 1   


C51 COMPILER V9.56.0.0, COMPILATION OF MODULE MAIN
OBJECT MODULE PLACED IN .\Objects\main.obj
COMPILER INVOKED BY: D:\keil c51v956\C51\BIN\C51.EXE main.c OPTIMIZE(8,SPEED) BROWSE INCDIR(.\Library\System;.\Library\D
                    -evice) DEBUG OBJECTEXTEND PRINT(.\Listings\main.lst) OBJECT(.\Objects\main.obj)

line level    source

   1          #include "system.h"
   2          
   3          HexToBin led_ctrl,uln_ctrl;
   4          
   5          void vSystem_Init(void)
   6          {
   7   1              vDevice_Ctrl(0xa0,0);
   8   1              led_ctrl.hex=0xff;
   9   1              vDevice_Ctrl(0x80,led_ctrl.hex);        
  10   1      }
  11          
  12          u8 cnt_adc;
  13          u8 ch0,ch1,ch3;
  14          void vADC_Process()
  15          {
  16   1              if(cnt_adc>=10)
  17   1              {
  18   2                      ch1 = ucRead_ADC(0x41);
  19   2              }
  20   1      }
  21          
  22          void vSMG_Process()
  23          {
  24   1              smg_buf[0]=smg_code[ch1/100];
  25   1              smg_buf[1]=smg_code[ch1/10%10];
  26   1              smg_buf[2]=smg_code[ch1%10];
  27   1              smg_buf[3]=0x00;
  28   1              smg_buf[4]=0x00;
  29   1              smg_buf[5]=0x00;
  30   1              smg_buf[6]=0x00;
  31   1              smg_buf[7]=0x00;
  32   1      }
  33          
  34          void main(void)
  35          {
  36   1              vSystem_Init();
  37   1              vTimer2_Init();
  38   1              while(1)
  39   1              {
  40   2                      vSMG_Process();
  41   2                      vADC_Process();
  42   2              }
  43   1      }
  44          
  45          //ÖĐ¶Ï·₫Îñ³̀Đ̣
  46          void vTimer2_ISR() interrupt 12     //ÖĐ¶ÏÈë¿Ú
  47          {
  48   1              cnt_adc++;
  49   1              vSMG_Display();
  50   1      }


MODULE INFORMATION:   STATIC OVERLAYABLE
   CODE SIZE        =    157    ----
C51 COMPILER V9.56.0.0   MAIN                                                              09/10/2025 12:26:05 PAGE 2   

   CONSTANT SIZE    =   ----    ----
   XDATA SIZE       =   ----    ----
   PDATA SIZE       =   ----    ----
   DATA SIZE        =      6    ----
   IDATA SIZE       =   ----    ----
   BIT SIZE         =   ----    ----
END OF MODULE INFORMATION.


C51 COMPILATION COMPLETE.  0 WARNING(S),  0 ERROR(S)
