C51 COMPILER V9.56.0.0   MAIN                                                              08/21/2025 18:31:37 PAGE 1   


C51 COMPILER V9.56.0.0, COMPILATION OF MODULE MAIN
OBJECT MODULE PLACED IN .\Objects\main.obj
COMPILER INVOKED BY: D:\keil c51v956\C51\BIN\C51.EXE main.c OPTIMIZE(8,SPEED) BROWSE INCDIR(.\Library\System;.\Library\D
                    -evice) DEBUG OBJECTEXTEND PRINT(.\Listings\main.lst) OBJECT(.\Objects\main.obj)

line level    source

   1          #include <STC15F2K60S2.H>
   2          #include "Delay.h" 
   3          #include "Device.h"
   4          
   5          //Delay软件延时
   6          //void main(void)
   7          //{
   8          //      
   9          //      
  10          //      while(1)
  11          //      {
  12          //              P34 = 1;
  13          //              vDelay_Ms(1);
  14          //              vDelay_100us(5);
  15          //              P34 = 0;
  16          //              vDelay_100us(5);
  17          //      }
  18          //}
  19          
  20          //继电器与蜂鸣器程序控制（位控制）
  21          //sbit bRelay = P0^4;                           //继电器
  22          //sbit bBuzzer = P0^6;                  //蜂鸣器
  23          
  24          //void vSystem_Init(void)
  25          //{
  26          //      bRelay=1;                                       //开
  27          //      bBuzzer=0;                                      //关
  28          //      P27=1;P26=0;P25=1;                      //选通译码器，开锁存器
  29          //      P27=0;P26=0;P25=0;                      //选通译码器，关锁存器
  30          //}
  31          
  32          //void main(void)
  33          //{
  34          //      vSystem_Init();
  35          //      while(1)
  36          //      {
  37          //              
  38          //      }
  39          //}
  40          
  41          //继电器与蜂鸣器程序控制（字节控制）
  42          //void vSystem_Init(void)
  43          //{
  44          ////    P0=0x01<<6;             //P06输出高电平，P04输出低电平
  45          //      P0=0x40;                //P06输出高电平，P04输出低电平
  46          //      P2=0xa0;                //打开锁存器
  47          //      P2=0;                   //关闭锁存器
  48          //}
  49          
  50          //void main(void)
  51          //{
  52          //      vSystem_Init();
  53          //      while(1)
  54          //      {
C51 COMPILER V9.56.0.0   MAIN                                                              08/21/2025 18:31:37 PAGE 2   

  55          //              
  56          //      }
  57          //}
  58          
  59          //继电器与蜂鸣器程序控制（标志位控制）
  60          //unsigned char buzzer_ctrl;
  61          //unsigned char relay_ctrl;
  62          
  63          //void vSystem_Init(void)
  64          //{
  65          //      buzzer_ctrl=0;          
  66          //      relay_ctrl=1;
  67          //      P0=(buzzer_ctrl<<6)|(relay_ctrl<<4);
  68          //      P2=0xa0;                //打开锁存器
  69          //      P2=0;                   //关闭锁存器
  70          //}
  71          
  72          //void main(void)
  73          //{
  74          //      vSystem_Init();
  75          //      while(1)
  76          //      {
  77          //              
  78          //      }
  79          //}
  80          
  81          //继电器与蜂鸣器程序控制（间接开关）    
  82          unsigned char buzzer_ctrl;
  83          unsigned char relay_ctrl;
  84          
  85          void vSystem_Init(void)
  86          {
  87   1              buzzer_ctrl=0;          
  88   1              relay_ctrl=1;
  89   1              vDevice_Ctrl(0xa0,(buzzer_ctrl<<6)|(relay_ctrl<<4));
  90   1      }
  91          
  92          void main(void)
  93          {
  94   1              vSystem_Init();
  95   1              while(1)
  96   1              {
  97   2                      buzzer_ctrl=1;
  98   2                      vDevice_Ctrl(0xa0,(buzzer_ctrl<<6)|(relay_ctrl<<4));
  99   2                      vDelay_Ms(500);
 100   2                      buzzer_ctrl=0;
 101   2                      vDevice_Ctrl(0xa0,(buzzer_ctrl<<6)|(relay_ctrl<<4));
 102   2                      vDelay_Ms(500);         
 103   2              }
 104   1      }


MODULE INFORMATION:   STATIC OVERLAYABLE
   CODE SIZE        =     91    ----
   CONSTANT SIZE    =   ----    ----
   XDATA SIZE       =   ----    ----
   PDATA SIZE       =   ----    ----
   DATA SIZE        =      2    ----
   IDATA SIZE       =   ----    ----
   BIT SIZE         =   ----    ----
END OF MODULE INFORMATION.


C51 COMPILATION COMPLETE.  0 WARNING(S),  0 ERROR(S)
