C51 COMPILER V9.56.0.0   MAIN                                                              07/19/2025 21:11:42 PAGE 1   


C51 COMPILER V9.56.0.0, COMPILATION OF MODULE MAIN
OBJECT MODULE PLACED IN .\Objects\main.obj
COMPILER INVOKED BY: D:\keil c51v956\C51\BIN\C51.EXE main.c OPTIMIZE(8,SPEED) BROWSE DEBUG OBJECTEXTEND PRINT(.\Listings
                    -\main.lst) OBJECT(.\Objects\main.obj)

line level    source

   1          #include <STC15F2K60S2.H>
   2          #include "intrins.h"
   3          
   4          void vDelay_Ms(unsigned int ms)         //@12.000MHz
   5          {
   6   1              unsigned char i, j;
   7   1              unsigned char k;
   8   1              for(k=0;k<ms;k++)
   9   1              {
  10   2                      i = 12;
  11   2                      j = 169;
  12   2                      do
  13   2                      {
  14   3                              while (--j);
  15   3                      } while (--i);
  16   2              }
  17   1      }
  18          
  19          void vDelay_us(unsigned int us) //@12.000MHz
  20          {
  21   1              unsigned int k;
  22   1              for(k=0;k<us;k++)
  23   1              {
  24   2                      _nop_();
  25   2                      _nop_();
  26   2                      _nop_();
  27   2                      _nop_();
  28   2              }
  29   1      }
  30          
  31          void vDelay_10us(unsigned int us)       //@12.000MHz
  32          {
  33   1              unsigned char k;
  34   1              
  35   1              for(k=0;k<us;k++)
  36   1              {
  37   2                      unsigned char data i;
  38   2      
  39   2                      _nop_();
  40   2                      _nop_();
  41   2                      i = 27;
  42   2                      while (--i);
  43   2              }
  44   1      
  45   1      }
  46          
  47          void vDelay_100us(unsigned int us)      //@12.000MHz
  48          {
  49   1              unsigned char data i, j;
  50   1              unsigned char k;
  51   1      
  52   1              for(k=0;k<us;k++)
  53   1              {
  54   2                              i = 2;
C51 COMPILER V9.56.0.0   MAIN                                                              07/19/2025 21:11:42 PAGE 2   

  55   2                              j = 39;
  56   2                              do
  57   2                              {
  58   3                                      while (--j);
  59   3                              } while (--i);
  60   2              }
  61   1      }
  62          
  63          void main(void)
  64          {
  65   1              
  66   1              while(1)
  67   1              {
  68   2                      P34 = 1;
  69   2                      vDelay_Ms(1);vDelay_100us(5);
  70   2                      P34 = 0;
  71   2                      vDelay_100us(5);                        // µœ÷—” ±0.5ms
  72   2              }
  73   1      }
  74          
  75          
  76          


MODULE INFORMATION:   STATIC OVERLAYABLE
   CODE SIZE        =    106    ----
   CONSTANT SIZE    =   ----    ----
   XDATA SIZE       =   ----    ----
   PDATA SIZE       =   ----    ----
   DATA SIZE        =   ----       1
   IDATA SIZE       =   ----    ----
   BIT SIZE         =   ----    ----
END OF MODULE INFORMATION.


C51 COMPILATION COMPLETE.  0 WARNING(S),  0 ERROR(S)
