C51 COMPILER V9.56.0.0   MAIN                                                              09/02/2025 18:19:18 PAGE 1   


C51 COMPILER V9.56.0.0, COMPILATION OF MODULE MAIN
OBJECT MODULE PLACED IN .\Objects\main.obj
COMPILER INVOKED BY: D:\keil c51v956\C51\BIN\C51.EXE main.c OPTIMIZE(8,SPEED) BROWSE INCDIR(.\Library\System;.\Library\D
                    -evice) DEBUG OBJECTEXTEND PRINT(.\Listings\main.lst) OBJECT(.\Objects\main.obj)

line level    source

   1          #include "system.h"
   2          
   3          HexToBin led_ctrl,uln_ctrl;
   4          
   5          void vSystem_Init(void)
   6          {
   7   1              vDevice_Ctrl(0xa0,0);
   8   1              led_ctrl.hex=0xff;
   9   1              vDevice_Ctrl(0x80,led_ctrl.hex);        
  10   1      }
  11          
  12          u8 vKBD_KeyIO()
  13          {
  14   1              u8 key_io = 0;
  15   1              P3=0xf0;P4=0xff;
  16   1              if(P44==0) key_io=4;
  17   1              if(P42==0) key_io=8;
  18   1              if(P35==0) key_io=12;
  19   1              if(P34==0) key_io=16;
  20   1              
  21   1              P3=0x0f;P4=0x00;
  22   1              if(P33==0) key_io+=0;
  23   1              if(P32==0) key_io+=1;
  24   1              if(P31==0) key_io+=2;
  25   1              if(P30==0) key_io+=3;
  26   1              
  27   1              return key_io;
  28   1      }
  29          
  30          u8 cnt_kbd;
  31          u8 key_val;
  32          void vKBD_Process(void)
  33          {
  34   1              if(cnt_kbd>=10)
  35   1              {
  36   2                      cnt_kbd=0;
  37   2                      key_val = vKBD_KeyIO();
  38   2              }
  39   1      }
  40          
  41          void vSMG_Process()
  42          {
  43   1              smg_buf[0]=smg_code[key_val/100];
  44   1              smg_buf[1]=smg_code[key_val/10%10];
  45   1              smg_buf[2]=smg_code[key_val%10];
  46   1              smg_buf[3]=0x00;
  47   1              smg_buf[4]=0x00;
  48   1              smg_buf[5]=0x00;
  49   1              smg_buf[6]=0x00;
  50   1              smg_buf[7]=0x00;
  51   1      }
  52          
  53          void main(void)
  54          {
C51 COMPILER V9.56.0.0   MAIN                                                              09/02/2025 18:19:18 PAGE 2   

  55   1              vSystem_Init();
  56   1              vTimer2_Init();
  57   1              while(1)
  58   1              {
  59   2                      vSMG_Process();
  60   2                      vKBD_Process();
  61   2              }
  62   1      }
  63          
  64          //ÖĐ¶Ď·ţÎńłĚĐň
  65          void vTimer2_ISR() interrupt 12     //ÖĐ¶ĎČëżÚ
  66          {
  67   1              cnt_kbd++;
  68   1              vSMG_Display();
  69   1      }


MODULE INFORMATION:   STATIC OVERLAYABLE
   CODE SIZE        =    208    ----
   CONSTANT SIZE    =   ----    ----
   XDATA SIZE       =   ----    ----
   PDATA SIZE       =   ----    ----
   DATA SIZE        =      4    ----
   IDATA SIZE       =   ----    ----
   BIT SIZE         =   ----    ----
END OF MODULE INFORMATION.


C51 COMPILATION COMPLETE.  0 WARNING(S),  0 ERROR(S)
