C51 COMPILER V9.56.0.0   DS1302                                                            09/19/2025 14:43:06 PAGE 1   


C51 COMPILER V9.56.0.0, COMPILATION OF MODULE DS1302
OBJECT MODULE PLACED IN .\Objects\ds1302.obj
COMPILER INVOKED BY: D:\keil c51v956\C51\BIN\C51.EXE library\device\ds1302.c OPTIMIZE(8,SPEED) BROWSE INCDIR(.\library\d
                    -evice;.\library\system) DEBUG OBJECTEXTEND PRINT(.\Listings\ds1302.lst) OBJECT(.\Objects\ds1302.obj)

line level    source

   1          /*
   2            ³ĢŠņĖµĆ÷: DS1302Ēż¶Æ³ĢŠņ
   3            Čķ¼ž»·¾³: Keil uVision 4.10 
   4            Ó²¼ž»·¾³: CT107µ„Ę¬»ś×ŪŗĻŹµŃµĘ½ĢØ 8051£¬12MHz
   5            ČÕ    ĘŚ: 2011-8-9
   6          */
   7          
   8          #include "ds1302.h"
   9          
  10          
  11          sbit SCK=P1^7;          
  12          sbit SDA=P2^3;          
  13          sbit RST = P1^3;   // DS1302ø“Ī»                                                                                                
  14          
  15          void Write_Ds1302(unsigned  char temp) 
  16          {
  17   1              unsigned char i;
  18   1              for (i=0;i<8;i++)       
  19   1              { 
  20   2                      SCK=0;
  21   2                      SDA=temp&0x01;
  22   2                      temp>>=1; 
  23   2                      SCK=1;
  24   2              }
  25   1      }   
  26          
  27          void Write_Ds1302_Byte( unsigned char address,unsigned char dat )     
  28          {
  29   1              RST=0;  _nop_();
  30   1              SCK=0;  _nop_();
  31   1              RST=1;  _nop_();  
  32   1              Write_Ds1302(address);  
  33   1              Write_Ds1302(dat);              
  34   1              RST=0; 
  35   1      }
  36          
  37          unsigned char Read_Ds1302_Byte ( unsigned char address )
  38          {
  39   1              unsigned char i,temp=0x00;
  40   1              RST=0;  _nop_();
  41   1              SCK=0;  _nop_();
  42   1              RST=1;  _nop_();
  43   1              Write_Ds1302(address);
  44   1              for (i=0;i<8;i++)       
  45   1              {               
  46   2                      SCK=0;
  47   2                      temp>>=1;       
  48   2                      if(SDA)
  49   2                      temp|=0x80;     
  50   2                      SCK=1;
  51   2              } 
  52   1              RST=0;  _nop_();
  53   1              SCK=0;  _nop_();
  54   1              SCK=1;  _nop_();
C51 COMPILER V9.56.0.0   DS1302                                                            09/19/2025 14:43:06 PAGE 2   

  55   1              SDA=0;  _nop_();
  56   1              SDA=1;  _nop_();
  57   1              return (temp);                  
  58   1      }
  59          
  60          void clock_set(u8 hour,u8 minute,u8 second)
  61          {
  62   1              Write_Ds1302_Byte(0x8e,0x00);
  63   1              Write_Ds1302_Byte(0x80,dectobcd(second));
  64   1              Write_Ds1302_Byte(0x82,dectobcd(minute));
  65   1              Write_Ds1302_Byte(0x84,dectobcd(hour));
  66   1              Write_Ds1302_Byte(0x8e,0x80);
  67   1      }


MODULE INFORMATION:   STATIC OVERLAYABLE
   CODE SIZE        =    175    ----
   CONSTANT SIZE    =   ----    ----
   XDATA SIZE       =   ----    ----
   PDATA SIZE       =   ----    ----
   DATA SIZE        =   ----    ----
   IDATA SIZE       =   ----    ----
   BIT SIZE         =   ----    ----
END OF MODULE INFORMATION.


C51 COMPILATION COMPLETE.  0 WARNING(S),  0 ERROR(S)
