C51 COMPILER V9.56.0.0   MAIN                                                              09/19/2025 14:43:06 PAGE 1   


C51 COMPILER V9.56.0.0, COMPILATION OF MODULE MAIN
OBJECT MODULE PLACED IN .\Objects\main.obj
COMPILER INVOKED BY: D:\keil c51v956\C51\BIN\C51.EXE main.c OPTIMIZE(8,SPEED) BROWSE INCDIR(.\library\device;.\library\s
                    -ystem) DEBUG OBJECTEXTEND PRINT(.\Listings\main.lst) OBJECT(.\Objects\main.obj)

line level    source

   1          #include "system.h"
   2          
   3          void system_init()
   4          {
   5   1              P2P0_ctrl(0xa0,0x00);
   6   1              P2P0_ctrl(0x80,0xff);
   7   1              P2P0_ctrl(0xc0,0x00);
   8   1      }
   9          
  10          u8 hour,second,minute;
  11          void ds1302_process()
  12          {
  13   1              second=bcdtodec(Read_Ds1302_Byte(0x81));
  14   1              minute=bcdtodec(Read_Ds1302_Byte(0x83));
  15   1              hour=bcdtodec(Read_Ds1302_Byte(0x85));
  16   1      }
  17          
  18          void smg_process()
  19          {
  20   1              smg_buf[0]=smg_code[hour/10];
  21   1              smg_buf[1]=smg_code[hour%10]|0x80;
  22   1              smg_buf[2]=smg_code[minute/10];
  23   1              smg_buf[3]=smg_code[minute%10]|0x80;
  24   1              smg_buf[4]=smg_code[second/10];
  25   1              smg_buf[5]=smg_code[second%10];
  26   1              smg_buf[6]=0x00;
  27   1              smg_buf[7]=0x00;
  28   1      }
  29          
  30          void main()
  31          {
  32   1              system_init();
  33   1              Timer2Init();
  34   1              clock_set(23,59,55);
  35   1              
  36   1              while(1)
  37   1              {
  38   2                      smg_process();
  39   2                      ds1302_process();
  40   2              }
  41   1      }
  42          
  43          void t2int() interrupt 12
  44          {
  45   1              smg_display();
  46   1      }


MODULE INFORMATION:   STATIC OVERLAYABLE
   CODE SIZE        =    282    ----
   CONSTANT SIZE    =   ----    ----
   XDATA SIZE       =   ----    ----
   PDATA SIZE       =   ----    ----
   DATA SIZE        =      3    ----
C51 COMPILER V9.56.0.0   MAIN                                                              09/19/2025 14:43:06 PAGE 2   

   IDATA SIZE       =   ----    ----
   BIT SIZE         =   ----    ----
END OF MODULE INFORMATION.


C51 COMPILATION COMPLETE.  0 WARNING(S),  0 ERROR(S)
