C51 COMPILER V9.56.0.0   DELAY                                                             09/11/2025 20:47:32 PAGE 1   


C51 COMPILER V9.56.0.0, COMPILATION OF MODULE DELAY
OBJECT MODULE PLACED IN .\Objects\delay.obj
COMPILER INVOKED BY: D:\keil c51v956\C51\BIN\C51.EXE library\system\delay.c OPTIMIZE(8,SPEED) BROWSE INCDIR(.\library\de
                    -vice;.\library\system) DEBUG OBJECTEXTEND PRINT(.\Listings\delay.lst) OBJECT(.\Objects\delay.obj)

line level    source

   1          #include "delay.h"
   2          
   3          void Delay1ms(unsigned int ms)          //@12.000MHz
   4          {
   5   1              unsigned char i, j;
   6   1              unsigned int k;
   7   1      
   8   1              for(k=0;k<ms;k++)
   9   1              {
  10   2                      i = 12;
  11   2                      j = 169;
  12   2                      do
  13   2                      {
  14   3                              while (--j);
  15   3                      } while (--i);          
  16   2              }
  17   1      
  18   1      }
  19          
  20          void Delay100us(unsigned int us)                //@12.000MHz
  21          {
  22   1              unsigned char i, j;
  23   1              unsigned int k;
  24   1      
  25   1              for(k=0;k<us;k++)
  26   1              {
  27   2                      i = 2;
  28   2                      j = 39;
  29   2                      do
  30   2                      {
  31   3                              while (--j);
  32   3                      } while (--i);  
  33   2              }
  34   1      }
  35          
  36          void Delay1us(unsigned int us)          //@12.000MHz
  37          {
  38   1              unsigned int k;
  39   1              
  40   1              for(k=0;k<us;k++)
  41   1              {
  42   2                      _nop_();
  43   2                      _nop_();
  44   2                      _nop_();
  45   2                      _nop_();                
  46   2              }
  47   1      }
  48          
  49          void Delay10us(unsigned int us)         //@12.000MHz
  50          {
  51   1              unsigned char i;
  52   1              unsigned int k;
  53   1      
  54   1              for(k=0;k<us;k++)
C51 COMPILER V9.56.0.0   DELAY                                                             09/11/2025 20:47:32 PAGE 2   

  55   1              {
  56   2                      _nop_();
  57   2                      _nop_();
  58   2                      i = 27;
  59   2                      while (--i);            
  60   2              }
  61   1      }


MODULE INFORMATION:   STATIC OVERLAYABLE
   CODE SIZE        =     98    ----
   CONSTANT SIZE    =   ----    ----
   XDATA SIZE       =   ----    ----
   PDATA SIZE       =   ----    ----
   DATA SIZE        =   ----    ----
   IDATA SIZE       =   ----    ----
   BIT SIZE         =   ----    ----
END OF MODULE INFORMATION.


C51 COMPILATION COMPLETE.  0 WARNING(S),  0 ERROR(S)
