C51 COMPILER V9.56.0.0   MAIN                                                              01/04/2026 15:59:12 PAGE 1   


C51 COMPILER V9.56.0.0, COMPILATION OF MODULE MAIN
OBJECT MODULE PLACED IN .\Objects\main.obj
COMPILER INVOKED BY: D:\keil c51v956\C51\BIN\C51.EXE main.c OPTIMIZE(8,SPEED) BROWSE INCDIR(.\library\device;.\library\s
                    -ystem) DEBUG OBJECTEXTEND PRINT(.\Listings\main.lst) OBJECT(.\Objects\main.obj)

line level    source

   1          #include "system.h"
   2          
   3          void vUartRx_Process()
   4          {
   5   1              if(rx_flag)
   6   1              {
   7   2                      rx_flag=0;
   8   2                      vP2p0_Ctrl(0x80,rx_buf[0]);
   9   2                      vP2p0_Ctrl(0xa0,rx_buf[1]);
  10   2              }
  11   1      }
  12          
  13          void main()
  14          {
  15   1              u8 urat_data=123;
  16   1              Uart_Init();
  17   1              SendString("─Ò║├\r\n");
  18   1              SendString("Hello World!\r\n");
  19   1              SendData(urat_data/100+'0');
  20   1              SendData(urat_data/10%10+'0');
  21   1              SendData(urat_data%10+'0');
  22   1              
  23   1              while(1)
  24   1              {
  25   2                      vUartRx_Process(); 
  26   2              }
  27   1              
  28   1      }
  29          
  30          void t2int() interrupt 12
  31          {
  32   1              vRxIdle_Process();
  33   1      }


MODULE INFORMATION:   STATIC OVERLAYABLE
   CODE SIZE        =    152    ----
   CONSTANT SIZE    =     22    ----
   XDATA SIZE       =   ----    ----
   PDATA SIZE       =   ----    ----
   DATA SIZE        =   ----       1
   IDATA SIZE       =   ----    ----
   BIT SIZE         =   ----    ----
END OF MODULE INFORMATION.


C51 COMPILATION COMPLETE.  0 WARNING(S),  0 ERROR(S)
