C51 COMPILER V9.56.0.0   UART                                                              01/04/2026 15:59:12 PAGE 1   


C51 COMPILER V9.56.0.0, COMPILATION OF MODULE UART
OBJECT MODULE PLACED IN .\Objects\Uart.obj
COMPILER INVOKED BY: D:\keil c51v956\C51\BIN\C51.EXE library\system\Uart.c OPTIMIZE(8,SPEED) BROWSE INCDIR(.\library\dev
                    -ice;.\library\system) DEBUG OBJECTEXTEND PRINT(.\Listings\Uart.lst) OBJECT(.\Objects\Uart.obj)

line level    source

   1          #include "Uart.h"
   2          
   3          void Uart_Init(void)            //4800bps@12.000MHz
   4          {
   5   1              SCON = 0x50;            //8位数据,可变波特率
   6   1              AUXR |= 0x40;           //定时器1时钟为Fosc,即1T
   7   1              AUXR &= 0xFE;           //串口1选择定时器1为波特率发生器
   8   1              TMOD &= 0x0F;           //设定定时器1为16位自动重装方式
   9   1              TL1 = 0x8F;             //设定定时初值
  10   1              TH1 = 0xFD;             //设定定时初值
  11   1              ET1 = 0;                //禁止定时器1中断
  12   1              TR1 = 1;                //启动定时器1
  13   1              ES = 1;
  14   1              EA = 1;
  15   1      }
  16          
  17          bit busy;
  18          u8 rx_buf[RXBUF_NUM];
  19          u8 rx_cnt = 0;
  20          bit rx_flag;
  21          u8 rx_idletime=0; 
  22          /*----------------------------
  23          UART 中断服务程序
  24          -----------------------------*/
  25          void Uart() interrupt 4
  26          {
  27   1          if (RI)
  28   1          {
  29   2              RI = 0;                 //清除RI位
  30   2                      rx_idletime=0;
  31   2                      rx_buf[rx_cnt++] = SBUF;
  32   2                      if(rx_buf[rx_cnt-1] == '\n')
  33   2                      {
  34   3                              rx_cnt=0;
  35   3                              rx_flag = 1;
  36   3                      }
  37   2          }
  38   1          if (TI)
  39   1          {
  40   2              TI = 0;                 //清除TI位
  41   2              busy = 0;               //清忙标志
  42   2          }
  43   1      }
  44          
  45          void vRxIdle_Process(void)
  46          {
  47   1              rx_idletime++;
  48   1              if(rx_idletime>=50)
  49   1              {
  50   2                      rx_idletime=0;
  51   2                      rx_cnt=0;
  52   2                      memset(rx_buf,'\0',sizeof(rx_buf)); 
  53   2              }
  54   1      }
C51 COMPILER V9.56.0.0   UART                                                              01/04/2026 15:59:12 PAGE 2   

  55          
  56          /*----------------------------
  57          发送串口数据
  58          ----------------------------*/
  59          void SendData(u8 dat)
  60          {
  61   1          while (busy);               //等待前面的数据发送完成
  62   1          busy = 1;
  63   1          SBUF = dat;                 //写数据到UART数据寄存器
  64   1      }
  65          
  66          /*----------------------------
  67          发送字符串
  68          ----------------------------*/
  69          void SendString(char *s)
  70          {
  71   1          while (*s)                  //检测字符串结束标志
  72   1          {
  73   2              SendData(*s++);         //发送当前字符
  74   2          }
  75   1      }


MODULE INFORMATION:   STATIC OVERLAYABLE
   CODE SIZE        =    158    ----
   CONSTANT SIZE    =   ----    ----
   XDATA SIZE       =   ----    ----
   PDATA SIZE       =   ----    ----
   DATA SIZE        =      5       3
   IDATA SIZE       =   ----    ----
   BIT SIZE         =      2    ----
END OF MODULE INFORMATION.


C51 COMPILATION COMPLETE.  0 WARNING(S),  0 ERROR(S)
