C51 COMPILER V9.56.0.0   KBD                                                               09/16/2025 15:07:58 PAGE 1   


C51 COMPILER V9.56.0.0, COMPILATION OF MODULE KBD
OBJECT MODULE PLACED IN .\Objects\kbd.obj
COMPILER INVOKED BY: D:\keil c51v956\C51\BIN\C51.EXE library\device\kbd.c OPTIMIZE(8,SPEED) BROWSE INCDIR(.\library\devi
                    -ce;.\library\system) DEBUG OBJECTEXTEND PRINT(.\Listings\kbd.lst) OBJECT(.\Objects\kbd.obj)

line level    source

   1          #include "kbd.h"
   2          
   3          u8 kbd_keyio()
   4          {
   5   1              u8 keyio=0;
   6   1              P3=0xf0;
   7   1              P4=0xff;
   8   1              if(P44==0)
   9   1                      keyio=4;
  10   1              if(P42==0)
  11   1                      keyio=8;
  12   1              if(P35==0)
  13   1                      keyio=12;
  14   1              if(P34==0)
  15   1                      keyio=16;
  16   1              
  17   1              P3=0x0f;
  18   1              P4=0x00;
  19   1              if(P33==0)
  20   1                      keyio+=0;
  21   1              if(P32==0)
  22   1                      keyio+=1;
  23   1              if(P31==0)
  24   1                      keyio+=2;
  25   1              if(P30==0)
  26   1                      keyio+=3;
  27   1              return keyio;
  28   1      }
  29          
  30          #define key_no 0
  31          #define key_down 1
  32          #define key_up 2
  33          u8 kbd_read()
  34          {
  35   1              static u8 key_state=0;
  36   1              u8 key_io=0,key_val=0;
  37   1              
  38   1              key_io=kbd_keyio();
  39   1              switch(key_state)
  40   1              {
  41   2                      case key_no:
  42   2                              if(key_io)
  43   2                                      key_state=key_down;
  44   2                              break;
  45   2                      case key_down:
  46   2                              if(key_io)
  47   2                              {
  48   3                                      key_state=key_up;
  49   3                                      key_val=key_io;
  50   3                              }
  51   2                              else
  52   2                                      key_state=key_no;
  53   2                              break;
  54   2                      case key_up:
C51 COMPILER V9.56.0.0   KBD                                                               09/16/2025 15:07:58 PAGE 2   

  55   2                              if(key_io==0)
  56   2                                      key_state=key_no;
  57   2                              break;
  58   2              }
  59   1              return key_val;
  60   1      }
  61          
  62          u8 kbd_keyio_threeline()
  63          {
  64   1              u8 key_io =0xff;
  65   1              P3=0xf0;
  66   1              P4=0xff;
  67   1              if(P44==0) key_io=0x70;
  68   1              if(P42==0) key_io=0xb0;
  69   1              if(P35==0) key_io=0xd0;
  70   1              if(P34==0) key_io=0xe0; 
  71   1              
  72   1              P3=0x0f;
  73   1              P4=0x00;
  74   1              if(P33==0) key_io|=0x07;
  75   1              if(P32==0) key_io|=0x0b;
  76   1              if(P31==0) key_io|=0x0d;
  77   1              if(P30==0) key_io|=0x0e;        
  78   1              
  79   1              return key_io;
  80   1      }
  81          
  82          u8 trg_kbd;
  83          u8 cont_kbd;
  84          void kbd_read_threeline()
  85          {
  86   1              u8 read=kbd_keyio_threeline()^0xff;
  87   1              trg_kbd=read&(read^cont_kbd);
  88   1              cont_kbd=read;
  89   1      }


MODULE INFORMATION:   STATIC OVERLAYABLE
   CODE SIZE        =    171    ----
   CONSTANT SIZE    =   ----    ----
   XDATA SIZE       =   ----    ----
   PDATA SIZE       =   ----    ----
   DATA SIZE        =      3    ----
   IDATA SIZE       =   ----    ----
   BIT SIZE         =   ----    ----
END OF MODULE INFORMATION.


C51 COMPILATION COMPLETE.  0 WARNING(S),  0 ERROR(S)
