C51 COMPILER V9.56.0.0   MAIN                                                              09/16/2025 15:07:58 PAGE 1   


C51 COMPILER V9.56.0.0, COMPILATION OF MODULE MAIN
OBJECT MODULE PLACED IN .\Objects\main.obj
COMPILER INVOKED BY: D:\keil c51v956\C51\BIN\C51.EXE main.c OPTIMIZE(8,SPEED) BROWSE INCDIR(.\library\device;.\library\s
                    -ystem) DEBUG OBJECTEXTEND PRINT(.\Listings\main.lst) OBJECT(.\Objects\main.obj)

line level    source

   1          #include "system.h"
   2          
   3          void system_init()
   4          {
   5   1              P2P0_ctrl(0xa0,0x00);
   6   1              P2P0_ctrl(0x80,0xff);
   7   1              P2P0_ctrl(0xc0,0x00);
   8   1      }
   9          
  10          u8 cnt_kbd;
  11          u8 key_val;
  12          u8 kbd_nmuber;
  13          void kbd_process()
  14          {
  15   1              if(cnt_kbd==10)
  16   1              {
  17   2                      cnt_kbd=0;
  18   2                      kbd_read_threeline();
  19   2                      key_val=cont_kbd;
  20   2                      if(trg_kbd==0x88)
  21   2                              kbd_nmuber++;
  22   2                      if(trg_kbd==0x11)
  23   2                              kbd_nmuber--;           
  24   2              }
  25   1      
  26   1      }
  27          
  28          void smg_process()
  29          {
  30   1              smg_buf[0]=smg_code[key_val/16];
  31   1              smg_buf[1]=smg_code[key_val%16];
  32   1              smg_buf[2]=0x00;
  33   1              smg_buf[3]=0x00;
  34   1              smg_buf[4]=0x00;
  35   1              smg_buf[5]=smg_code[kbd_nmuber/100];
  36   1              smg_buf[6]=smg_code[kbd_nmuber/10%10];
  37   1              smg_buf[7]=smg_code[kbd_nmuber%10];             
  38   1      }
  39          
  40          void main()
  41          {
  42   1              system_init();
  43   1              Timer2Init();
  44   1              
  45   1              while(1)
  46   1              {
  47   2                      smg_process();
  48   2                      kbd_process();
  49   2              }
  50   1      }
  51          
  52          void t2int() interrupt 12
  53          {
  54   1              cnt_kbd++;
C51 COMPILER V9.56.0.0   MAIN                                                              09/16/2025 15:07:58 PAGE 2   

  55   1              smg_display();
  56   1      }


MODULE INFORMATION:   STATIC OVERLAYABLE
   CODE SIZE        =    198    ----
   CONSTANT SIZE    =   ----    ----
   XDATA SIZE       =   ----    ----
   PDATA SIZE       =   ----    ----
   DATA SIZE        =      3    ----
   IDATA SIZE       =   ----    ----
   BIT SIZE         =   ----    ----
END OF MODULE INFORMATION.


C51 COMPILATION COMPLETE.  0 WARNING(S),  0 ERROR(S)
