C51 COMPILER V9.56.0.0   SMG                                                               09/16/2025 15:07:58 PAGE 1   


C51 COMPILER V9.56.0.0, COMPILATION OF MODULE SMG
OBJECT MODULE PLACED IN .\Objects\smg.obj
COMPILER INVOKED BY: D:\keil c51v956\C51\BIN\C51.EXE library\device\smg.c OPTIMIZE(8,SPEED) BROWSE INCDIR(.\library\devi
                    -ce;.\library\system) DEBUG OBJECTEXTEND PRINT(.\Listings\smg.lst) OBJECT(.\Objects\smg.obj)

line level    source

   1          #include "smg.h"
   2          
   3          u8 smg_buf[8];
   4          u8 smg_code[]={0x3F,0x06,0x5B,0x4F,0x66,0x6D,0x7D,0x07,0x7F,0x6F,0x77,0x7C,0x39,0x5E,0x79,0x71,0x76,0x38};
   5          //                              O                                                                                                                                         14E       16H  17L                    
   6          
   7          void smg_display()
   8          {
   9   1              static u8 k;
  10   1              P2P0_ctrl(0xc0,0);
  11   1              P2P0_ctrl(0xe0,~smg_buf[k]);
  12   1              P2P0_ctrl(0xc0,0x01<<k);
  13   1              k=(k+1)%8;
  14   1      }


MODULE INFORMATION:   STATIC OVERLAYABLE
   CODE SIZE        =     47    ----
   CONSTANT SIZE    =   ----    ----
   XDATA SIZE       =   ----    ----
   PDATA SIZE       =   ----    ----
   DATA SIZE        =     27    ----
   IDATA SIZE       =   ----    ----
   BIT SIZE         =   ----    ----
END OF MODULE INFORMATION.


C51 COMPILATION COMPLETE.  0 WARNING(S),  0 ERROR(S)
