C51 COMPILER V9.56.0.0   TIMER                                                             11/07/2025 17:56:13 PAGE 1   


C51 COMPILER V9.56.0.0, COMPILATION OF MODULE TIMER
OBJECT MODULE PLACED IN .\Objects\Timer.obj
COMPILER INVOKED BY: D:\keil c51v956\C51\BIN\C51.EXE library\system\Timer.c OPTIMIZE(8,SPEED) BROWSE INCDIR(.\library\de
                    -vice;.\library\system) DEBUG OBJECTEXTEND PRINT(.\Listings\Timer.lst) OBJECT(.\Objects\Timer.obj)

line level    source

   1          #include "Timer.h"
   2          
   3          void Timer2Init(void)           //1毫秒@12.000MHz
   4          {
   5   1              AUXR &= 0xFB;           //定时器时钟12T模式
   6   1              T2L = 0x18;             //设置定时初值
   7   1              T2H = 0xFC;             //设置定时初值
   8   1              AUXR |= 0x10;           //定时器2开始计时
   9   1          IE2 |= 0x04;                    //开定时器2中断
  10   1          EA = 1;
  11   1      }
  12          


MODULE INFORMATION:   STATIC OVERLAYABLE
   CODE SIZE        =     18    ----
   CONSTANT SIZE    =   ----    ----
   XDATA SIZE       =   ----    ----
   PDATA SIZE       =   ----    ----
   DATA SIZE        =   ----    ----
   IDATA SIZE       =   ----    ----
   BIT SIZE         =   ----    ----
END OF MODULE INFORMATION.


C51 COMPILATION COMPLETE.  0 WARNING(S),  0 ERROR(S)
