C51 COMPILER V9.56.0.0   TIMER                                                             09/15/2025 18:19:18 PAGE 1   


C51 COMPILER V9.56.0.0, COMPILATION OF MODULE TIMER
OBJECT MODULE PLACED IN .\Objects\Timer.obj
COMPILER INVOKED BY: D:\keil c51v956\C51\BIN\C51.EXE Library\System\Timer.c OMF2 OPTIMIZE(8,SPEED) REGFILE(.\Objects\IAP
                    -15_Project.ORC) BROWSE INCDIR(.\Library\System;.\Library\Device) DEBUG PRINT(.\Listings\Timer.lst) OBJECT(.\Objects\Time
                    -r.obj)

line level    source

   1          #include "Timer.h"
   2          
   3          void vTimer2_Init(void)         //1毫秒@12.000MHz
   4          {
   5   1              AUXR &= 0xFB;           //定时器时钟12T模式
   6   1              T2L = 0x18;                     //设置定时初值
   7   1              T2H = 0xFC;                     //设置定时初值
   8   1              AUXR |= 0x10;           //定时器2开始计时
   9   1              IE2 |= 0x04;        //开定时器2中断
  10   1              EA = 1;                         //开启总中断
  11   1      }


MODULE INFORMATION:   STATIC OVERLAYABLE
   CODE SIZE        =     18    ----
   CONSTANT SIZE    =   ----    ----
   XDATA SIZE       =   ----    ----
   PDATA SIZE       =   ----    ----
   DATA SIZE        =   ----    ----
   IDATA SIZE       =   ----    ----
   BIT SIZE         =   ----    ----
   EDATA SIZE       =   ----    ----
   HDATA SIZE       =   ----    ----
   XDATA CONST SIZE =   ----    ----
   FAR CONST SIZE   =   ----    ----
END OF MODULE INFORMATION.


C51 COMPILATION COMPLETE.  0 WARNING(S),  0 ERROR(S)
