C51 COMPILER V9.56.0.0   KBD                                                               04/10/2026 00:10:56 PAGE 1   


C51 COMPILER V9.56.0.0, COMPILATION OF MODULE KBD
OBJECT MODULE PLACED IN .\Objects\kbd.obj
COMPILER INVOKED BY: D:\keil c51v956\C51\BIN\C51.EXE library\device\kbd.c OPTIMIZE(8,SPEED) BROWSE INCDIR(.\library\devi
                    -ce;.\library\system) DEBUG OBJECTEXTEND PRINT(.\Listings\kbd.lst) OBJECT(.\Objects\kbd.obj)

line level    source

   1          #include "kbd.h"
   2          
   3          u8 KBD_Keyio_state()
   4          {
   5   1              u8 key_io=0;
   6   1              P3=0xf0;P4=0xff;
   7   1              if(P44==0) key_io=4;
   8   1              if(P42==0) key_io=8;
   9   1              if(P35==0) key_io=12;
  10   1              if(P34==0) key_io=16;
  11   1              
  12   1              P3=0x0f;P4=0x00;
  13   1              if(P33==0) key_io+=0;
  14   1              if(P32==0) key_io+=1;
  15   1              if(P31==0) key_io+=2;
  16   1              if(P30==0) key_io+=3;   
  17   1              
  18   1              return key_io;
  19   1      }
  20          
  21          u8 KBD_Keyio_state_zh()
  22          {
  23   1              u8 key_io_zh=0xff;
  24   1              P3=0xf0;P4=0xff;
  25   1              if(P44==0) key_io_zh=0x70;
  26   1              if(P42==0) key_io_zh=0xb0;
  27   1              if(P35==0) key_io_zh=0xd0;
  28   1              if(P34==0) key_io_zh=0xe0;
  29   1              
  30   1              P3=0x0f;P4=0x00;
  31   1              if(P33==0) key_io_zh|=0x07;
  32   1              if(P32==0) key_io_zh|=0x0b;
  33   1              if(P31==0) key_io_zh|=0x0d;
  34   1              if(P30==0) key_io_zh|=0x0e;
  35   1              
  36   1              return key_io_zh;
  37   1      }
  38          
  39          #define KEY_NO 0
  40          #define KEY_DOWN 1
  41          #define KEY_UP 2
  42          
  43          u8 KBD_Keyio_Read()
  44          {
  45   1              static u8 key_state=0;
  46   1              u8 key_io=0,key_val=0;
  47   1              key_io=KBD_Keyio_state();
  48   1              switch(key_state)
  49   1              {
  50   2                      case KEY_NO:
  51   2                              if(key_io!=0) key_state=KEY_DOWN;
  52   2                      break;
  53   2                      case KEY_DOWN:
  54   2                              if(key_io!=0)
C51 COMPILER V9.56.0.0   KBD                                                               04/10/2026 00:10:56 PAGE 2   

  55   2                              {
  56   3                                      key_state=KEY_UP;
  57   3                                      key_val=key_io;
  58   3                              }
  59   2                              else
  60   2                                      key_state=KEY_NO;
  61   2                              break;
  62   2                      case KEY_UP:
  63   2                              if(key_io==0) key_state=KEY_NO;
  64   2                      break;
  65   2              }
  66   1              
  67   1              return key_val;
  68   1      }


MODULE INFORMATION:   STATIC OVERLAYABLE
   CODE SIZE        =    157    ----
   CONSTANT SIZE    =   ----    ----
   XDATA SIZE       =   ----    ----
   PDATA SIZE       =   ----    ----
   DATA SIZE        =      1    ----
   IDATA SIZE       =   ----    ----
   BIT SIZE         =   ----    ----
END OF MODULE INFORMATION.


C51 COMPILATION COMPLETE.  0 WARNING(S),  0 ERROR(S)
