C51 COMPILER V9.56.0.0   MAIN                                                              04/10/2026 00:28:32 PAGE 1   


C51 COMPILER V9.56.0.0, COMPILATION OF MODULE MAIN
OBJECT MODULE PLACED IN .\Objects\main.obj
COMPILER INVOKED BY: D:\keil c51v956\C51\BIN\C51.EXE main.c OPTIMIZE(8,SPEED) BROWSE INCDIR(.\library\device;.\library\s
                    -ystem) DEBUG OBJECTEXTEND PRINT(.\Listings\main.lst) OBJECT(.\Objects\main.obj)

line level    source

   1          #include "system.h"
   2          
   3          void vSystem_Init()
   4          {
   5   1              vP2P0_Ctrl(0xa0,0);
   6   1              vP2P0_Ctrl(0x80,0xff);
   7   1              vP2P0_Ctrl(0xe0,0xff);
   8   1      }
   9          
  10          #define Disp_Env 0
  11          #define Disp_Mov 1
  12          #define Disp_Par 2
  13          #define Disp_Sta 3
  14          u8 disp_mode=Disp_Env;
  15          u8 light_state=1;
  16          u8 mov_state=1;
  17          u8 temp_para=30;
  18          u8 dist_para=30;
  19          bit sel_index=0;
  20          u16 relay_nc=0;
  21          bit lock_state=0;
  22          
  23          u8 cnt_tmp=0;
  24          u16 tmp_now=0;
  25          bit tmp_flag=0;
  26          void vDs18b20_Proc()
  27          {
  28   1              if(cnt_tmp>=100)
  29   1              {
  30   2                      cnt_tmp=0;
  31   2                      tmp_now=(u16)(ucRd_Temp());
  32   2                      if(tmp_now>temp_para)
  33   2                              tmp_flag=1;
  34   2                      else
  35   2                              tmp_flag=0;
  36   2              }
  37   1      }
  38          
  39          u16 cnt_sonic=0,dist_sonic=0,dist_sonic_prev=0;
  40          u16 dist_diff=0;
  41          bit closed_flag=0;
  42          u8 move_state_prev=1,lock_cnt=0;
  43          void vSonic_Proc()
  44          {
  45   1              if(cnt_sonic>=1000)
  46   1              {
  47   2                      cnt_sonic=0;
  48   2                      dist_sonic=ucDistance_Get_PCA ();
  49   2                      if(dist_sonic<dist_para)
  50   2                              closed_flag=1;
  51   2                      else
  52   2                              closed_flag=0;
  53   2                      
  54   2                      if(dist_sonic>dist_sonic_prev)
C51 COMPILER V9.56.0.0   MAIN                                                              04/10/2026 00:28:32 PAGE 2   

  55   2                              dist_diff=dist_sonic-dist_sonic_prev;
  56   2                      else
  57   2                              dist_diff=dist_sonic_prev-dist_sonic;
  58   2                      dist_sonic_prev=dist_sonic;
  59   2                      
  60   2                      if(lock_cnt>0)
  61   2                      {
  62   3                              lock_cnt--;
  63   3                              return;
  64   3                      }
  65   2                      
  66   2                      if(dist_diff<5)
  67   2                              mov_state=1;
  68   2                      else if(dist_diff<10)
  69   2                              mov_state=2;
  70   2                      else
  71   2                              mov_state=3;
  72   2                      
  73   2                      if(move_state_prev!=mov_state)
  74   2                      {
  75   3                              move_state_prev=mov_state;
  76   3                              lock_cnt=3;
  77   3                      }
  78   2              }
  79   1      }
  80          
  81          u8 cnt_kbd=0,kbd_val,key_h=0,key_s=0,kbd_val_zh=0;
  82          u32 s8s9_time=0;
  83          void vKbd_Proc()
  84          {
  85   1              if(cnt_kbd>=20)
  86   1              {
  87   2                      cnt_kbd=0;
  88   2                      kbd_val=KBD_Keyio_Read();
  89   2                      kbd_val_zh=KBD_Keyio_state_zh();
  90   2                      if(kbd_val==4)
  91   2                      {
  92   3                              disp_mode=(disp_mode+1)%4;
  93   3                              if(disp_mode==Disp_Par)
  94   3                              {
  95   4                                      sel_index=0;
  96   4                                      lock_state=1;
  97   4                              }
  98   3                              else if(disp_mode==Disp_Sta)
  99   3                              lock_state=0;
 100   3                      }
 101   2                      if(kbd_val==5)
 102   2                      {
 103   3                              if(disp_mode==Disp_Par)
 104   3                                      sel_index=!sel_index;
 105   3                      }
 106   2                      if(kbd_val==8)
 107   2                      {
 108   3                              if(disp_mode==Disp_Par)
 109   3                              {
 110   4                                      if(sel_index==0&&temp_para<80)
 111   4                                              temp_para++;
 112   4                                      else if(sel_index==1&&dist_para<80)
 113   4                                              dist_para+=5;
 114   4                              }
 115   3                      }
 116   2                      if(kbd_val==9)
C51 COMPILER V9.56.0.0   MAIN                                                              04/10/2026 00:28:32 PAGE 3   

 117   2                      {
 118   3                              if(disp_mode==Disp_Par)
 119   3                              {
 120   4                                      if(sel_index==0&&temp_para>20)
 121   4                                              temp_para--;
 122   4                                      else if(sel_index==1&&dist_para>20)
 123   4                                              dist_para-=5;  
 124   4                              }
 125   3                      }
 126   2                      
 127   2                      key_h=P3&0x0c;key_s=P4&0x04;
 128   2                      if(disp_mode==Disp_Sta)
 129   2                      {
 130   3                              if(key_h==0x00&&key_s==0x00)
 131   3                                      s8s9_time++;
 132   3                              else
 133   3                                      s8s9_time=0;
 134   3                              if(s8s9_time>100)
 135   3                                      relay_nc=0;
 136   3                      }
 137   2              }
 138   1      }
 139          
 140          u8 cnt_adc=0,adc_val=0;
 141          float adc_volt;
 142          void vADC_Proc()
 143          {
 144   1              if(cnt_adc>=100)
 145   1              {
 146   2                      cnt_adc=0;
 147   2                      adc_val=vread_adc(0x41);
 148   2                      adc_volt=adc_val/51.0f;
 149   2                      if(adc_volt>=3.0f)  
 150   2                              light_state=1;
 151   2                      else if(adc_volt>=2.0f)
 152   2                              light_state=2;
 153   2                      else if(adc_volt>=0.5f)
 154   2                              light_state=3;
 155   2                      else
 156   2                              light_state=4;
 157   2              }
 158   1      }
 159          
 160          u8 led_ctrl=0xff;
 161          u32 cnt_l8=0;
 162          void vLED_Proc()
 163          {
 164   1              if(lock_state==0)
 165   1              {
 166   2                      if(closed_flag==1)
 167   2                      {
 168   3                              if(light_state==1)
 169   3                              {
 170   4                                      led_ctrl&=~0x01;
 171   4                                      led_ctrl|=0x0e;
 172   4                              }
 173   3                              else if(light_state==2)
 174   3                              {
 175   4                                      led_ctrl&=~0x03;
 176   4                                      led_ctrl|=0x0c;         
 177   4                              }
 178   3                              else if(light_state==3)
C51 COMPILER V9.56.0.0   MAIN                                                              04/10/2026 00:28:32 PAGE 4   

 179   3                              {
 180   4                                      led_ctrl&=~0x07;
 181   4                                      led_ctrl|=0x08;         
 182   4                              }
 183   3                              else if(light_state==4)
 184   3                                      led_ctrl&=~0x0f;        
 185   3                      }
 186   2                      else
 187   2                              led_ctrl|=0x0f;
 188   2                      
 189   2                      cnt_l8++;
 190   2                      if(mov_state==1)
 191   2                              led_ctrl|=0x80;
 192   2                      else if(mov_state==2)
 193   2                              led_ctrl&=~0x80;
 194   2                      else
 195   2                      {
 196   3                              if(cnt_l8%200<100) 
 197   3                                      led_ctrl&=~0x80;
 198   3                              else
 199   3                                      led_ctrl|=0x80;
 200   3                      }
 201   2                      
 202   2                      vP2P0_Ctrl(0x80,led_ctrl);
 203   2              }
 204   1      }
 205          
 206          u8 relay_ctrl=0x00;
 207          bit relay_flag=0,relay_flag_prev=0;
 208          void vRelay_Proc()
 209          {
 210   1              if(lock_state==0)
 211   1              {
 212   2                      relay_flag_prev=relay_flag;
 213   2                      if(closed_flag==1&&tmp_flag==1)
 214   2                      {
 215   3                              relay_ctrl|=0x10; 
 216   3                              relay_flag=1;
 217   3                              if(relay_flag_prev!=relay_flag)
 218   3                                      relay_nc++;
 219   3                      }
 220   2                      else
 221   2                      {
 222   3                              relay_ctrl&=~0x10;
 223   3                              relay_flag=0;
 224   3                      }
 225   2                      vP2P0_Ctrl(0xa0,relay_ctrl);
 226   2              }
 227   1      }
 228          
 229          void vSmg_proc()
 230          {
 231   1              if(disp_mode==Disp_Env)
 232   1              {
 233   2                      smg_buf[0]=0x39;
 234   2                      smg_buf[1]=smg_code[tmp_now/10];
 235   2                      smg_buf[2]=smg_code[tmp_now%10];
 236   2                      smg_buf[3]=smg_buf[4]=smg_buf[5]=0x00;
 237   2                      smg_buf[6]=0x37;
 238   2                      smg_buf[7]=smg_code[light_state];       
 239   2              }       
 240   1              else if(disp_mode==Disp_Mov)
C51 COMPILER V9.56.0.0   MAIN                                                              04/10/2026 00:28:32 PAGE 5   

 241   1              {
 242   2                      smg_buf[0]=0x38;
 243   2                      smg_buf[1]=smg_code[mov_state];
 244   2                      smg_buf[2]=smg_buf[3]=smg_buf[4]=0x00;
 245   2                      smg_buf[5]=smg_code[dist_sonic/100];
 246   2                      smg_buf[6]=smg_code[dist_sonic/10%10];
 247   2                      smg_buf[7]=smg_code[dist_sonic%10];     
 248   2              }       
 249   1              else if(disp_mode==Disp_Par)
 250   1              {
 251   2                      if(sel_index==0)
 252   2                      {
 253   3                              smg_buf[0]=0x73;
 254   3                              smg_buf[1]=0x39;
 255   3                              smg_buf[2]=smg_buf[3]=smg_buf[4]=smg_buf[5]=0x00;
 256   3                              smg_buf[6]=smg_code[temp_para/10];
 257   3                              smg_buf[7]=smg_code[temp_para%10];
 258   3                      }
 259   2                      else
 260   2                      {
 261   3                              smg_buf[0]=0x73;
 262   3                              smg_buf[1]=0x38;
 263   3                              smg_buf[2]=smg_buf[3]=smg_buf[4]=smg_buf[5]=0x00;
 264   3                              smg_buf[6]=smg_code[dist_para/10];
 265   3                              smg_buf[7]=smg_code[dist_para%10];                      
 266   3                      }
 267   2              }
 268   1              else if(disp_mode==Disp_Sta)
 269   1              {
 270   2                      smg_buf[0]=0x37;
 271   2                      smg_buf[1]=0x39;
 272   2                      smg_buf[2]=smg_buf[3]=0x00;
 273   2                      smg_buf[4]=smg_code[(relay_nc>999)?(relay_nc/1000%10):10];
 274   2                      smg_buf[5]=smg_code[(relay_nc>99)?(relay_nc/100%10):10];
 275   2                      smg_buf[6]=smg_code[(relay_nc>9)?(relay_nc/10%10):10];
 276   2                      smg_buf[7]=smg_code[relay_nc%10];       
 277   2              }               
 278   1      }
 279          
 280          void main()
 281          {
 282   1              vSystem_Init();
 283   1              Timer2Init();
 284   1              while((u8)ucRd_Temp()==85);
 285   1              
 286   1              while(1)
 287   1              {
 288   2                      vSmg_proc();
 289   2                      vDs18b20_Proc();
 290   2                      vSonic_Proc();
 291   2                      vKbd_Proc();
 292   2                      vADC_Proc();
 293   2              }
 294   1      }
 295          
 296          void vTimer2_init() interrupt 12
 297          {
 298   1              vSmg_Disp();
 299   1              cnt_tmp++;
 300   1              cnt_sonic++;
 301   1              cnt_kbd++;
 302   1              cnt_adc++;
C51 COMPILER V9.56.0.0   MAIN                                                              04/10/2026 00:28:32 PAGE 6   

 303   1              vLED_Proc();
 304   1              vRelay_Proc();
 305   1      }


MODULE INFORMATION:   STATIC OVERLAYABLE
   CODE SIZE        =   1156    ----
   CONSTANT SIZE    =   ----    ----
   XDATA SIZE       =   ----    ----
   PDATA SIZE       =   ----    ----
   DATA SIZE        =     35    ----
   IDATA SIZE       =   ----    ----
   BIT SIZE         =      6    ----
END OF MODULE INFORMATION.


C51 COMPILATION COMPLETE.  0 WARNING(S),  0 ERROR(S)
