C51 COMPILER V9.56.0.0   SONIC                                                             04/10/2026 00:10:41 PAGE 1   


C51 COMPILER V9.56.0.0, COMPILATION OF MODULE SONIC
OBJECT MODULE PLACED IN .\Objects\sonic.obj
COMPILER INVOKED BY: D:\keil c51v956\C51\BIN\C51.EXE library\device\sonic.c OPTIMIZE(8,SPEED) BROWSE INCDIR(.\library\de
                    -vice;.\library\system) DEBUG OBJECTEXTEND PRINT(.\Listings\sonic.lst) OBJECT(.\Objects\sonic.obj)

line level    source

   1          #include "sonic.h"
   2          
   3          //void Delay12us()              //@12.000MHz
   4          //{
   5          //      unsigned char i;
   6          
   7          //      _nop_();
   8          //      _nop_();
   9          //      i = 33;
  10          //      while (--i);
  11          //}
  12          
  13          //void vSend_Wave()
  14          //{
  15          //      u8 i;
  16          //      for(i=0;i<8;i++)
  17          //      {
  18          //              P10=1;
  19          //              Delay12us();
  20          //              P10=0;
  21          //              Delay12us();
  22          //      }
  23          //}
  24          
  25          void vSend_Wave_nop()
  26          {
  27   1              u8 i,j;
  28   1              for(i=0;i<8;i++)
  29   1              {
  30   2                      P10=1;
  31   2                      for(j=0;j<25;j++)
  32   2                      _nop_();
  33   2                      P10=0;
  34   2                      for(j=0;j<25;j++)
  35   2                      _nop_();
  36   2              }
  37   1      }
  38          
  39          //u16 ucDistance_Get()
  40          //{
  41          //      u16 dist;
  42          //      vSend_Wave();
  43          //      TH1=0;TL1=0;
  44          //      TR1=1;
  45          //      while(P11==1);
  46          //      TR1=0;
  47          //      dist=((TH1<<8)|TL1)*0.017;
  48          //      return dist;
  49          //}
  50          
  51          u16 ucDistance_Get_PCA()
  52          {
  53   1              u16 dist;
  54   1              vSend_Wave_nop();
C51 COMPILER V9.56.0.0   SONIC                                                             04/10/2026 00:10:41 PAGE 2   

  55   1              CH=CL=0;
  56   1              CR=1;
  57   1              while(P11==1&&CF==0);
  58   1              CR=0;
  59   1              dist=((CH<<8)|CL)*0.017;
  60   1              return dist;
  61   1      }


MODULE INFORMATION:   STATIC OVERLAYABLE
   CODE SIZE        =     68    ----
   CONSTANT SIZE    =   ----    ----
   XDATA SIZE       =   ----    ----
   PDATA SIZE       =   ----    ----
   DATA SIZE        =   ----    ----
   IDATA SIZE       =   ----    ----
   BIT SIZE         =   ----    ----
END OF MODULE INFORMATION.


C51 COMPILATION COMPLETE.  0 WARNING(S),  0 ERROR(S)
