C51 COMPILER V9.56.0.0   MAIN                                                              08/21/2025 18:31:33 PAGE 1   


C51 COMPILER V9.56.0.0, COMPILATION OF MODULE MAIN
OBJECT MODULE PLACED IN .\Objects\main.obj
COMPILER INVOKED BY: D:\keil c51v956\C51\BIN\C51.EXE main.c OPTIMIZE(8,SPEED) BROWSE DEBUG OBJECTEXTEND PRINT(.\Listings
                    -\main.lst) OBJECT(.\Objects\main.obj)

line level    source

   1          #include <STC15F2K60S2.H>
   2          #include "intrins.h"
   3          
   4          void vDelay_Ms(unsigned int ms)         //@12.000MHz
   5          {
   6   1              unsigned char i, j;
   7   1              unsigned int k;
   8   1      
   9   1              for(k=0;k<ms;k++)
  10   1              {
  11   2                      i = 12;
  12   2                      j = 169;
  13   2                      do
  14   2                      {
  15   3                              while (--j);
  16   3                      } while (--i);
  17   2              }
  18   1      }
  19          
  20          void vDelay_Us(unsigned int us)         //@12.000MHz
  21          {
  22   1              unsigned int k; 
  23   1              
  24   1              for(k=0;k<us;k++)
  25   1              {
  26   2                      _nop_();
  27   2                      _nop_();
  28   2                      _nop_();
  29   2                      _nop_();                
  30   2              }
  31   1      }
  32          
  33          void vDelay_10us(unsigned int us)               //@12.000MHz
  34          {
  35   1              unsigned char i;
  36   1              unsigned int k;
  37   1      
  38   1              for(k=0;k<us;k++)
  39   1              {
  40   2                      _nop_();
  41   2                      _nop_();
  42   2                      i = 27;
  43   2                      while (--i);            
  44   2              }
  45   1      }
  46          
  47          void vDelay_100us(unsigned int us)              //@12.000MHz
  48          {
  49   1              unsigned char i, j;
  50   1              unsigned int k;
  51   1      
  52   1              for(k=0;k<us;k++)
  53   1              {
  54   2                      i = 2;
C51 COMPILER V9.56.0.0   MAIN                                                              08/21/2025 18:31:33 PAGE 2   

  55   2                      j = 39;
  56   2                      do
  57   2                      {
  58   3                              while (--j);
  59   3                      } while (--i);          
  60   2              }
  61   1      }
  62          
  63          //Delay흡숭儺珂
  64          //void main(void)
  65          //{
  66          //      
  67          //      
  68          //      while(1)
  69          //      {
  70          //              P34 = 1;
  71          //              vDelay_Ms(1);
  72          //              vDelay_100us(5);
  73          //              P34 = 0;
  74          //              vDelay_100us(5);
  75          //      }
  76          //}
  77          
  78          //셨든포宅룝츤포넋埼왠齡（貫왠齡）
  79          //sbit bRelay = P0^4;                           //셨든포
  80          //sbit bBuzzer = P0^6;                  //룝츤포
  81          
  82          //void vSystem_Init(void)
  83          //{
  84          //      bRelay=1;                                       //역
  85          //      bBuzzer=0;                                      //밑
  86          //      P27=1;P26=0;P25=1;                      //朞繫陋쯤포，역傑닸포
  87          //      P27=0;P26=0;P25=0;                      //朞繫陋쯤포，밑傑닸포
  88          //}
  89          
  90          //void main(void)
  91          //{
  92          //      vSystem_Init();
  93          //      while(1)
  94          //      {
  95          //              
  96          //      }
  97          //}
  98          
  99          //셨든포宅룝츤포넋埼왠齡（俚쌘왠齡）
 100          //void vSystem_Init(void)
 101          //{
 102          ////    P0=0x01<<6;             //P06渴놔멕든틱，P04渴놔됴든틱
 103          //      P0=0x40;                //P06渴놔멕든틱，P04渴놔됴든틱
 104          //      P2=0xa0;                //댔역傑닸포
 105          //      P2=0;                   //밑균傑닸포
 106          //}
 107          
 108          //void main(void)
 109          //{
 110          //      vSystem_Init();
 111          //      while(1)
 112          //      {
 113          //              
 114          //      }
 115          //}
 116          
C51 COMPILER V9.56.0.0   MAIN                                                              08/21/2025 18:31:33 PAGE 3   

 117          //셨든포宅룝츤포넋埼왠齡（깃羚貫왠齡）
 118          //unsigned char buzzer_ctrl;
 119          //unsigned char relay_ctrl;
 120          
 121          //void vSystem_Init(void)
 122          //{
 123          //      buzzer_ctrl=0;
 124          //      relay_ctrl=1;
 125          //      P0=(buzzer_ctrl<<6)|(relay_ctrl<<4);
 126          //      P2=0xa0;                //댔역傑닸포
 127          //      P2=0;                   //밑균傑닸포
 128          //}
 129          
 130          //void main(void)
 131          //{
 132          //      vSystem_Init();
 133          //      while(1)
 134          //      {
 135          //              
 136          //      }
 137          //}
 138          
 139          //셨든포宅룝츤포넋埼왠齡（쇌쌈역밑）    
 140          //unsigned char buzzer_ctrl;
 141          //unsigned char relay_ctrl;
 142          
 143          void vDevice_Ctrl(unsigned char p2data,unsigned char p0data)
 144          {
 145   1              P0 = p0data;
 146   1              P2 = p2data;
 147   1              P2 = 0;
 148   1      }
 149          
 150          //void vSystem_Init(void)
 151          //{
 152          //      buzzer_ctrl=0;          
 153          //      relay_ctrl=1;
 154          //      vDevice_Ctrl(0xa0,(buzzer_ctrl<<6)|(relay_ctrl<<4));
 155          //}
 156          
 157          //void main(void)
 158          //{
 159          //      vSystem_Init();
 160          //      while(1)
 161          //      {
 162          //              buzzer_ctrl=1;
 163          //              vDevice_Ctrl(0xa0,(buzzer_ctrl<<6)|(relay_ctrl<<4));
 164          //              vDelay_Ms(500);
 165          //              buzzer_ctrl=0;
 166          //              vDevice_Ctrl(0xa0,(buzzer_ctrl<<6)|(relay_ctrl<<4));
 167          //              vDelay_Ms(500);         
 168          //      }
 169          //}
 170          
 171          


MODULE INFORMATION:   STATIC OVERLAYABLE
   CODE SIZE        =    106    ----
   CONSTANT SIZE    =   ----    ----
   XDATA SIZE       =   ----    ----
   PDATA SIZE       =   ----    ----
C51 COMPILER V9.56.0.0   MAIN                                                              08/21/2025 18:31:33 PAGE 4   

   DATA SIZE        =   ----    ----
   IDATA SIZE       =   ----    ----
   BIT SIZE         =   ----    ----
END OF MODULE INFORMATION.


C51 COMPILATION COMPLETE.  0 WARNING(S),  0 ERROR(S)
