C51 COMPILER V9.56.0.0   SMG                                                               09/02/2025 16:03:24 PAGE 1   


C51 COMPILER V9.56.0.0, COMPILATION OF MODULE SMG
OBJECT MODULE PLACED IN .\Objects\SMG.obj
COMPILER INVOKED BY: D:\keil c51v956\C51\BIN\C51.EXE Library\Device\SMG.c OPTIMIZE(8,SPEED) BROWSE INCDIR(.\Library\Syst
                    -em;.\Library\Device) DEBUG OBJECTEXTEND PRINT(.\Listings\SMG.lst) OBJECT(.\Objects\SMG.obj)

line level    source

   1          #include "SMG.h"
   2          
   3          u8 smg_buf[8];
   4          u8 code smg_code[]={0x3F,0x06,0x5B,0x4F,0x66,0x6D,0x7D,0x07,0x7F,0x6F,0x00,0x3E,0x73,0x76,0x79,0x38};
   5          void vSMG_Display()
   6          {
   7   1              static u8 i=0;
   8   1              vDevice_Ctrl(0xc0,0);
   9   1              vDevice_Ctrl(0xe0,~smg_buf[i]);
  10   1              vDevice_Ctrl(0xc0,0x01<<i);
  11   1              i = (i + 1) % 8;
  12   1      }


MODULE INFORMATION:   STATIC OVERLAYABLE
   CODE SIZE        =     47    ----
   CONSTANT SIZE    =     16    ----
   XDATA SIZE       =   ----    ----
   PDATA SIZE       =   ----    ----
   DATA SIZE        =      9    ----
   IDATA SIZE       =   ----    ----
   BIT SIZE         =   ----    ----
END OF MODULE INFORMATION.


C51 COMPILATION COMPLETE.  0 WARNING(S),  0 ERROR(S)
