C51 COMPILER V9.56.0.0   MAIN                                                              07/20/2025 21:08:06 PAGE 1   


C51 COMPILER V9.56.0.0, COMPILATION OF MODULE MAIN
OBJECT MODULE PLACED IN .\Objects\main.obj
COMPILER INVOKED BY: D:\keil c51v956\C51\BIN\C51.EXE main.c OPTIMIZE(8,SPEED) BROWSE INCDIR(.\Library\System;.\Library\D
                    -evice) DEBUG OBJECTEXTEND PRINT(.\Listings\main.lst) OBJECT(.\Objects\main.obj)

line level    source

   1          #include <STC15F2K60S2.H>
   2          #include <intrins.h>
   3          #include "Delay.h"
   4          
   5          sbit bRelay = P0^4;
   6          sbit bBuzzer = P0^6;
   7          
   8          void vSystem_Init(void)
   9          {
  10   1              bRelay=0;
  11   1              bBuzzer=1;
  12   1              P27=1;P26=0;P25=1;
  13   1              P27=0;P26=0;P25=0;
  14   1      }
  15          
  16          void main(void)
  17          {
  18   1              vSystem_Init();
  19   1              while(1)
  20   1              {
  21   2                      
  22   2              }
  23   1      }


MODULE INFORMATION:   STATIC OVERLAYABLE
   CODE SIZE        =     22    ----
   CONSTANT SIZE    =   ----    ----
   XDATA SIZE       =   ----    ----
   PDATA SIZE       =   ----    ----
   DATA SIZE        =   ----    ----
   IDATA SIZE       =   ----    ----
   BIT SIZE         =   ----    ----
END OF MODULE INFORMATION.


C51 COMPILATION COMPLETE.  0 WARNING(S),  0 ERROR(S)
