C51 COMPILER V9.56.0.0   ONEWIRE                                                           04/06/2026 22:06:11 PAGE 1   


C51 COMPILER V9.56.0.0, COMPILATION OF MODULE ONEWIRE
OBJECT MODULE PLACED IN .\Objects\onewire.obj
COMPILER INVOKED BY: D:\keil c51v956\C51\BIN\C51.EXE library\device\onewire.c OPTIMIZE(8,SPEED) BROWSE INCDIR(.\library\
                    -device;.\library\system) DEBUG OBJECTEXTEND PRINT(.\Listings\onewire.lst) OBJECT(.\Objects\onewire.obj)

line level    source

   1          /*      #       тЇЋТђ╗у║┐С╗БуаЂуЅЄТ«хУ»┤Тўј
   2                  1.      ТюгТќЄС╗Хтц╣СИГТЈљСЙЏуџёжЕ▒тіеС╗БуаЂСЙЏтЈѓУхЏжђЅТЅІт«їТѕљуеІт║ЈУ«ЙУ«АтЈѓУђЃсђѓ
   3                  2.      тЈѓУхЏжђЅТЅІтЈ»С╗ЦУЄфУАїу╝ќтєЎуЏИтЁ│С╗БуаЂТѕќС╗ЦУ»ЦС╗БуаЂСИ║тЪ║уАђ№╝їТа╣ТЇ«ТЅђжђЅтЇЋуЅЄТю║у▒╗тъІсђЂУ┐
             -љУАїжђЪт║дтњїУ»Ћжбў
   4                          СИГт»╣тЇЋуЅЄТю║ТЌХжњЪжбЉујЄуџёУдЂТ▒ѓ№╝їУ┐ЏУАїС╗БуаЂУ░ЃУ»ЋтњїС┐«Тћ╣сђѓ
   5          */
   6          #include "onewire.h"
   7          
   8          sbit DQ=P1^4;
   9          
  10          //
  11          void Delay_OneWire(unsigned int t)  
  12          {
  13   1              unsigned char i;
  14   1              while(t--){
  15   2                      for(i=0;i<12;i++);
  16   2              }
  17   1      }
  18          
  19          //
  20          void Write_DS18B20(unsigned char dat)
  21          {
  22   1              unsigned char i;
  23   1              for(i=0;i<8;i++)
  24   1              {
  25   2                      DQ = 0;
  26   2                      DQ = dat&0x01;
  27   2                      Delay_OneWire(5);
  28   2                      DQ = 1;
  29   2                      dat >>= 1;
  30   2              }
  31   1              Delay_OneWire(5);
  32   1      }
  33          
  34          //
  35          unsigned char Read_DS18B20(void)
  36          {
  37   1              unsigned char i;
  38   1              unsigned char dat;
  39   1        
  40   1              for(i=0;i<8;i++)
  41   1              {
  42   2                      DQ = 0;
  43   2                      dat >>= 1;
  44   2                      DQ = 1;
  45   2                      if(DQ)
  46   2                      {
  47   3                              dat |= 0x80;
  48   3                      }           
  49   2                      Delay_OneWire(5);
  50   2              }
  51   1              return dat;
  52   1      }
  53          
C51 COMPILER V9.56.0.0   ONEWIRE                                                           04/06/2026 22:06:11 PAGE 2   

  54          //
  55          bit init_ds18b20(void)
  56          {
  57   1              bit initflag = 0;
  58   1              
  59   1              DQ = 1;
  60   1              Delay_OneWire(12);
  61   1              DQ = 0;
  62   1              Delay_OneWire(80);
  63   1              DQ = 1;
  64   1              Delay_OneWire(10); 
  65   1          initflag = DQ;     
  66   1              Delay_OneWire(5);
  67   1        
  68   1              return initflag;
  69   1      }
  70          
  71          float ucTemp_Read()
  72          {
  73   1              float Temp_val;
  74   1              u8 H,L;
  75   1              init_ds18b20();
  76   1              Write_DS18B20(0xcc);
  77   1              Write_DS18B20(0x44);
  78   1              
  79   1              init_ds18b20();
  80   1              Write_DS18B20(0xcc);
  81   1              Write_DS18B20(0xbe);
  82   1              L=Read_DS18B20();
  83   1              H=Read_DS18B20();
  84   1              Temp_val=(H<<8|L)*0.0625;
  85   1              return Temp_val;
  86   1      }


MODULE INFORMATION:   STATIC OVERLAYABLE
   CODE SIZE        =    174    ----
   CONSTANT SIZE    =   ----    ----
   XDATA SIZE       =   ----    ----
   PDATA SIZE       =   ----    ----
   DATA SIZE        =   ----    ----
   IDATA SIZE       =   ----    ----
   BIT SIZE         =   ----       1
END OF MODULE INFORMATION.


C51 COMPILATION COMPLETE.  0 WARNING(S),  0 ERROR(S)
