C51 COMPILER V9.56.0.0   ONEWIRE                                                           03/15/2026 13:54:45 PAGE 1   


C51 COMPILER V9.56.0.0, COMPILATION OF MODULE ONEWIRE
OBJECT MODULE PLACED IN .\Objects\onewire.obj
COMPILER INVOKED BY: D:\keil c51v956\C51\BIN\C51.EXE library\device\onewire.c OPTIMIZE(8,SPEED) BROWSE INCDIR(.\library\
                    -device;.\library\system) DEBUG OBJECTEXTEND PRINT(.\Listings\onewire.lst) OBJECT(.\Objects\onewire.obj)

line level    source

   1          /*      #       еҚ•жҖ»зәҝд»Јз ҒзүҮж®өиҜҙжҳҺ
   2                  1.      жң¬ж–Үд»¶еӨ№дёӯжҸҗдҫӣзҡ„й©ұеҠЁд»Јз ҒдҫӣеҸӮиөӣйҖүжүӢе®ҢжҲҗзЁӢеәҸи®ҫи®ЎеҸӮиҖғгҖӮ
   3                  2.      еҸӮиөӣйҖүжүӢеҸҜд»ҘиҮӘиЎҢзј–еҶҷзӣёе…ід»Јз ҒжҲ–д»ҘиҜҘд»Јз ҒдёәеҹәзЎҖпјҢж №жҚ®жүҖйҖүеҚ•зүҮжңәзұ»еһӢгҖҒиҝ
             -җиЎҢйҖҹеәҰе’ҢиҜ•йўҳ
   4                          дёӯеҜ№еҚ•зүҮжңәж—¶й’ҹйў‘зҺҮзҡ„иҰҒжұӮпјҢиҝӣиЎҢд»Јз Ғи°ғиҜ•е’Ңдҝ®ж”№гҖӮ
   5          */
   6          
   7          //
   8          
   9          #include "onewire.h"
  10          
  11          sbit DQ=P1^4;
  12          
  13          void Delay_OneWire(unsigned int t)  
  14          {
  15   1              unsigned char i;
  16   1              while(t--){
  17   2                      for(i=0;i<12;i++);
  18   2              }
  19   1      }
  20          
  21          //
  22          void Write_DS18B20(unsigned char dat)
  23          {
  24   1              unsigned char i;
  25   1              for(i=0;i<8;i++)
  26   1              {
  27   2                      EA=0;
  28   2                      DQ = 0;
  29   2                      DQ = dat&0x01;
  30   2                      Delay_OneWire(5);
  31   2                      DQ = 1;
  32   2                      EA=1;
  33   2                      dat >>= 1;
  34   2              }
  35   1              Delay_OneWire(5);
  36   1      }
  37          
  38          //
  39          unsigned char Read_DS18B20(void)
  40          {
  41   1              unsigned char i;
  42   1              unsigned char dat;
  43   1        
  44   1              for(i=0;i<8;i++)
  45   1              {
  46   2                      EA=0;
  47   2                      DQ = 0;
  48   2                      dat >>= 1;
  49   2                      DQ = 1;
  50   2                      if(DQ)
  51   2                      {
  52   3                              dat |= 0x80;
  53   3                      }           
C51 COMPILER V9.56.0.0   ONEWIRE                                                           03/15/2026 13:54:45 PAGE 2   

  54   2                      EA=1;
  55   2                      Delay_OneWire(5);
  56   2              }
  57   1              return dat;
  58   1      }
  59          
  60          //
  61          bit init_ds18b20(void)
  62          {
  63   1              bit initflag = 0;
  64   1              
  65   1              DQ = 1;
  66   1              Delay_OneWire(12);
  67   1              DQ = 0;
  68   1              Delay_OneWire(80);
  69   1              DQ = 1;
  70   1              EA=0;
  71   1              Delay_OneWire(10); 
  72   1          initflag = DQ;
  73   1              EA=1;
  74   1              Delay_OneWire(5);
  75   1        
  76   1              return initflag;
  77   1      }
  78          
  79          float ucRd_Temp()
  80          {
  81   1              float tmep_return;
  82   1              u8 low,high;
  83   1              init_ds18b20();
  84   1              Write_DS18B20(0xcc);
  85   1              Write_DS18B20(0x44);
  86   1              
  87   1              init_ds18b20();
  88   1              Write_DS18B20(0xcc);
  89   1              Write_DS18B20(0xbe);
  90   1              low=Read_DS18B20();
  91   1              high=Read_DS18B20();
  92   1              tmep_return=((high<<8)|low)*0.0625;
  93   1              return tmep_return;
  94   1      }


MODULE INFORMATION:   STATIC OVERLAYABLE
   CODE SIZE        =    184    ----
   CONSTANT SIZE    =   ----    ----
   XDATA SIZE       =   ----    ----
   PDATA SIZE       =   ----    ----
   DATA SIZE        =   ----    ----
   IDATA SIZE       =   ----    ----
   BIT SIZE         =   ----       1
END OF MODULE INFORMATION.


C51 COMPILATION COMPLETE.  0 WARNING(S),  0 ERROR(S)
