C51 COMPILER V9.56.0.0   DELAY                                                             09/18/2025 19:08:44 PAGE 1   


C51 COMPILER V9.56.0.0, COMPILATION OF MODULE DELAY
OBJECT MODULE PLACED IN .\Objects\delay.obj
COMPILER INVOKED BY: D:\keil c51v956\C51\BIN\C51.EXE library\system\delay.c OPTIMIZE(8,SPEED) BROWSE INCDIR(.\library\de
                    -vice;.\library\system) DEBUG OBJECTEXTEND PRINT(.\Listings\delay.lst) OBJECT(.\Objects\delay.obj)

line level    source

   1          #include "delay.h"
   2          
   3          void Delay1ms(unsigned int ms)          //@12.000MHz
   4          {
   5   1              unsigned char i, j;
   6   1              unsigned int k;
   7   1      
   8   1              for(k=0;k<ms;k++)
   9   1              {
  10   2                      i = 12;
  11   2                      j = 169;
  12   2                      do
  13   2                      {
  14   3                              while (--j);
  15   3                      } while (--i);          
  16   2              }
  17   1      
  18   1      }


MODULE INFORMATION:   STATIC OVERLAYABLE
   CODE SIZE        =     26    ----
   CONSTANT SIZE    =   ----    ----
   XDATA SIZE       =   ----    ----
   PDATA SIZE       =   ----    ----
   DATA SIZE        =   ----    ----
   IDATA SIZE       =   ----    ----
   BIT SIZE         =   ----    ----
END OF MODULE INFORMATION.


C51 COMPILATION COMPLETE.  0 WARNING(S),  0 ERROR(S)
