C51 COMPILER V9.56.0.0   MAIN                                                              08/11/2025 14:00:48 PAGE 1   


C51 COMPILER V9.56.0.0, COMPILATION OF MODULE MAIN
OBJECT MODULE PLACED IN .\Objects\main.obj
COMPILER INVOKED BY: D:\keil c51v956\C51\BIN\C51.EXE main.c OPTIMIZE(8,SPEED) BROWSE INCDIR(.\Library\System;.\Library\D
                    -evice) DEBUG OBJECTEXTEND PRINT(.\Listings\main.lst) OBJECT(.\Objects\main.obj)

line level    source

   1          #include "system.h"
   2          #include <intrins.h>
   3          #include "Delay.h"
   4          #include "Device.h"
   5          u8 smg_code[]={0x3F,0x06,0x5B,0x4F,0x66,0x6D,0x7D,0x07,0x7F,0x6F,0x76,0x79,0x38};
   6          
   7          HexToBin led_ctrl,uln_ctrl;
   8          
   9          void vSystem_Init(void)
  10          {
  11   1              vDevice_Ctrl(0xa0,0);
  12   1              led_ctrl.hex=0xff;
  13   1              vDevice_Ctrl(0x80,led_ctrl.hex);        
  14   1      }
  15          
  16          void vTimer2_Init(void)         //1毫秒@12.000MHz
  17          {
  18   1              AUXR &= 0xFB;           //定时器时钟12T模式
  19   1              T2L = 0x18;                     //设置定时初值
  20   1              T2H = 0xFC;                     //设置定时初值
  21   1              AUXR |= 0x10;           //定时器2开始计时
  22   1              IE2 |= 0x04;                    //开定时器2中断
  23   1              EA = 1;
  24   1      }
  25          
  26          u8 smg_buf[8];
  27          void vSMG_Process()
  28          {
  29   1              smg_buf[0]=smg_code[10];
  30   1              smg_buf[1]=smg_code[11];
  31   1              smg_buf[2]=smg_code[12];
  32   1              smg_buf[3]=smg_code[12];
  33   1              smg_buf[4]=smg_code[0];
  34   1              smg_buf[5]=0x00;
  35   1              smg_buf[6]=0x00;
  36   1              smg_buf[7]=0x00;
  37   1      }
  38          
  39          void main(void)
  40          {
  41   1              vSystem_Init();
  42   1              vTimer2_Init();
  43   1              while(1)
  44   1              {
  45   2                      vSMG_Process();
  46   2              }
  47   1      }
  48          
  49          void vSMG_Display()
  50          {
  51   1              static u8 i=0;
  52   1              vDevice_Ctrl(0xc0,0);
  53   1              vDevice_Ctrl(0xe0,~smg_buf[i]);
  54   1              vDevice_Ctrl(0xc0,0x01<<i);
C51 COMPILER V9.56.0.0   MAIN                                                              08/11/2025 14:00:48 PAGE 2   

  55   1              i = (i + 1) % 8;
  56   1      }
  57          
  58          //中断服务程序
  59          void vTimer2_ISR() interrupt 12     //中断入口
  60          {
  61   1              vSMG_Display();
  62   1      }


MODULE INFORMATION:   STATIC OVERLAYABLE
   CODE SIZE        =    175    ----
   CONSTANT SIZE    =   ----    ----
   XDATA SIZE       =   ----    ----
   PDATA SIZE       =   ----    ----
   DATA SIZE        =     24    ----
   IDATA SIZE       =   ----    ----
   BIT SIZE         =   ----    ----
END OF MODULE INFORMATION.


C51 COMPILATION COMPLETE.  0 WARNING(S),  0 ERROR(S)
