C51 COMPILER V9.56.0.0   MAIN                                                              07/26/2025 21:16:03 PAGE 1   


C51 COMPILER V9.56.0.0, COMPILATION OF MODULE MAIN
OBJECT MODULE PLACED IN .\Objects\main.obj
COMPILER INVOKED BY: D:\keil c51v956\C51\BIN\C51.EXE main.c OPTIMIZE(8,SPEED) BROWSE INCDIR(.\Library\System;.\Library\D
                    -evice) DEBUG OBJECTEXTEND PRINT(.\Listings\main.lst) OBJECT(.\Objects\main.obj)

line level    source

   1          #include <STC15F2K60S2.H>
   2          #include <intrins.h>
   3          #include "Delay.h"
   4          #include "Device.h"
   5          
   6          unsigned char led_ctrl[9];
   7          
   8          void vSystem_Init(void)
   9          {
  10   1              vDevice_Ctrl(0xa0,0);
  11   1      }
  12          
  13          void main(void)
  14          {
  15   1              vSystem_Init();
  16   1              led_ctrl[1]=1;led_ctrl[3]=1;led_ctrl[7]=1;led_ctrl[8]=1;
  17   1              vDevice_Ctrl(0x80,~(led_ctrl[8]<<7 | led_ctrl[7]<<6 | led_ctrl[5]<<4 | led_ctrl[3]<<2 | led_ctrl[2]<<1 | 
             -led_ctrl[1]));
  18   1              while(1)
  19   1              {
  20   2                      
  21   2              }
  22   1      }


MODULE INFORMATION:   STATIC OVERLAYABLE
   CODE SIZE        =     71    ----
   CONSTANT SIZE    =   ----    ----
   XDATA SIZE       =   ----    ----
   PDATA SIZE       =   ----    ----
   DATA SIZE        =      9    ----
   IDATA SIZE       =   ----    ----
   BIT SIZE         =   ----    ----
END OF MODULE INFORMATION.


C51 COMPILATION COMPLETE.  0 WARNING(S),  0 ERROR(S)
