C51 COMPILER V9.56.0.0   MAIN                                                              09/10/2025 12:35:08 PAGE 1   


C51 COMPILER V9.56.0.0, COMPILATION OF MODULE MAIN
OBJECT MODULE PLACED IN .\Objects\main.obj
COMPILER INVOKED BY: D:\keil c51v956\C51\BIN\C51.EXE main.c OPTIMIZE(8,SPEED) BROWSE INCDIR(.\Library\System;.\Library\D
                    -evice) DEBUG OBJECTEXTEND PRINT(.\Listings\main.lst) OBJECT(.\Objects\main.obj)

line level    source

   1          #include "system.h"
   2          
   3          HexToBin led_ctrl,uln_ctrl;
   4          
   5          void vSystem_Init(void)
   6          {
   7   1              vDevice_Ctrl(0xa0,0);
   8   1              led_ctrl.hex=0xff;
   9   1              vDevice_Ctrl(0x80,led_ctrl.hex);        
  10   1      }
  11          
  12          u8 cnt_adc;
  13          u8 ch0,ch1,ch3;
  14          void vADC_Process()
  15          {
  16   1              if(cnt_adc>=10)
  17   1              {
  18   2                      cnt_adc=0;
  19   2                      ucRead_ADC(0x41);
  20   2                      ch1 = ucRead_ADC(0x41);
  21   2                      ucRead_ADC(0x43);
  22   2                      ch3 = ucRead_ADC(0x43);
  23   2              }
  24   1      }
  25          
  26          void vSMG_Process()
  27          {
  28   1              smg_buf[0]=smg_code[ch1/100];
  29   1              smg_buf[1]=smg_code[ch1/10%10];
  30   1              smg_buf[2]=smg_code[ch1%10];
  31   1              smg_buf[3]=0x00;
  32   1              smg_buf[4]=0x00;
  33   1              smg_buf[5]=smg_code[ch3/100];
  34   1              smg_buf[6]=smg_code[ch3/10%10];
  35   1              smg_buf[7]=smg_code[ch3%10];
  36   1      }
  37          
  38          void main(void)
  39          {
  40   1              vSystem_Init();
  41   1              vTimer2_Init();
  42   1              while(1)
  43   1              {
  44   2                      vSMG_Process();
  45   2                      vADC_Process();
  46   2              }
  47   1      }
  48          
  49          //ÖĐ¶Ď·ţÎńłĚĐň
  50          void vTimer2_ISR() interrupt 12     //ÖĐ¶ĎČëżÚ
  51          {
  52   1              cnt_adc++;
  53   1              vSMG_Display();
  54   1      }
C51 COMPILER V9.56.0.0   MAIN                                                              09/10/2025 12:35:08 PAGE 2   



MODULE INFORMATION:   STATIC OVERLAYABLE
   CODE SIZE        =    206    ----
   CONSTANT SIZE    =   ----    ----
   XDATA SIZE       =   ----    ----
   PDATA SIZE       =   ----    ----
   DATA SIZE        =      6    ----
   IDATA SIZE       =   ----    ----
   BIT SIZE         =   ----    ----
END OF MODULE INFORMATION.


C51 COMPILATION COMPLETE.  0 WARNING(S),  0 ERROR(S)
