C51 COMPILER V9.56.0.0   SMG                                                               09/10/2025 12:35:09 PAGE 1   


C51 COMPILER V9.56.0.0, COMPILATION OF MODULE SMG
OBJECT MODULE PLACED IN .\Objects\SMG.obj
COMPILER INVOKED BY: D:\keil c51v956\C51\BIN\C51.EXE Library\Device\SMG.c OPTIMIZE(8,SPEED) BROWSE INCDIR(.\Library\Syst
                    -em;.\Library\Device) DEBUG OBJECTEXTEND PRINT(.\Listings\SMG.lst) OBJECT(.\Objects\SMG.obj)

line level    source

   1          #include "SMG.h"
   2          
   3          u8 smg_buf[8];
   4          u8 code smg_code[]={0x3F,0x06,0x5B,0x4F,0x66,0x6D,0x7D,0x07,0x7F,0x6F,0x76,0x79,0x38};
   5          
   6          void vSMG_Display()
   7          {
   8   1              static u8 i=0;
   9   1              vDevice_Ctrl(0xc0,0);
  10   1              vDevice_Ctrl(0xe0,~smg_buf[i]);
  11   1              vDevice_Ctrl(0xc0,0x01<<i);
  12   1              i = (i + 1) % 8;
  13   1      }


MODULE INFORMATION:   STATIC OVERLAYABLE
   CODE SIZE        =     47    ----
   CONSTANT SIZE    =     13    ----
   XDATA SIZE       =   ----    ----
   PDATA SIZE       =   ----    ----
   DATA SIZE        =      9    ----
   IDATA SIZE       =   ----    ----
   BIT SIZE         =   ----    ----
END OF MODULE INFORMATION.


C51 COMPILATION COMPLETE.  0 WARNING(S),  0 ERROR(S)
