C51 COMPILER V9.56.0.0   BTN                                                               09/16/2025 14:27:12 PAGE 1   


C51 COMPILER V9.56.0.0, COMPILATION OF MODULE BTN
OBJECT MODULE PLACED IN .\Objects\btn.obj
COMPILER INVOKED BY: D:\keil c51v956\C51\BIN\C51.EXE library\device\btn.c OPTIMIZE(8,SPEED) BROWSE INCDIR(.\library\devi
                    -ce;.\library\system) DEBUG OBJECTEXTEND PRINT(.\Listings\btn.lst) OBJECT(.\Objects\btn.obj)

line level    source

   1          #include "btn.h"
   2          
   3          #define key_no 0
   4          #define key_down 1
   5          #define key_up 2
   6          
   7          u8 btn_read()
   8          {
   9   1              static u8 key_state=0;
  10   1              u8 key_io=0,key_val=0;
  11   1              key_io=P3&0x0f;
  12   1              switch(key_state)
  13   1              {
  14   2                      case key_no:
  15   2                              if(key_io!=0x0f)
  16   2                                      key_state=key_down;
  17   2                              break;
  18   2                      case key_down:
  19   2                              if(key_io!=0x0f)
  20   2                              {
  21   3                                      if(key_io==0x0e)
  22   3                                              key_val=7;
  23   3                                      if(key_io==0x0d)
  24   3                                              key_val=6;      
  25   3                                      if(key_io==0x0b)
  26   3                                              key_val=5;
  27   3                                      if(key_io==0x07)
  28   3                                              key_val=4;
  29   3                                      key_state=key_up;
  30   3                              }
  31   2                              else 
  32   2                                      key_state=key_no;
  33   2                              break;
  34   2                      case key_up:
  35   2                              if(key_io==0x0f)
  36   2                                      key_state=key_no;
  37   2                              break;
  38   2              }
  39   1              return key_val;
  40   1      }
  41          
  42          unsigned char trg;
  43          unsigned char cont;
  44          void btn_read_threeline()
  45          {
  46   1          unsigned char read = P3^0xff;
  47   1          trg = read & (read ^ cont);
  48   1          cont = read;
  49   1      }


MODULE INFORMATION:   STATIC OVERLAYABLE
   CODE SIZE        =     80    ----
   CONSTANT SIZE    =   ----    ----
C51 COMPILER V9.56.0.0   BTN                                                               09/16/2025 14:27:12 PAGE 2   

   XDATA SIZE       =   ----    ----
   PDATA SIZE       =   ----    ----
   DATA SIZE        =      3    ----
   IDATA SIZE       =   ----    ----
   BIT SIZE         =   ----    ----
END OF MODULE INFORMATION.


C51 COMPILATION COMPLETE.  0 WARNING(S),  0 ERROR(S)
