C51 COMPILER V9.56.0.0   MAIN                                                              11/07/2025 15:07:32 PAGE 1   


C51 COMPILER V9.56.0.0, COMPILATION OF MODULE MAIN
OBJECT MODULE PLACED IN .\Objects\main.obj
COMPILER INVOKED BY: D:\keil c51v956\C51\BIN\C51.EXE main.c OPTIMIZE(8,SPEED) BROWSE INCDIR(.\library\device;.\library\s
                    -ystem) DEBUG OBJECTEXTEND PRINT(.\Listings\main.lst) OBJECT(.\Objects\main.obj)

line level    source

   1          #include "system.h"
   2          
   3          void system_init()
   4          {
   5   1              P2P0_ctrl(0xa0,0x00);
   6   1              P2P0_ctrl(0x80,0xff);
   7   1              P2P0_ctrl(0xc0,0x00);
   8   1      }
   9          
  10          u8 cnt_adc;
  11          u8 ch0,ch1,ch3;
  12          u16 ch3_volt;
  13          u8 ch3_0_99,ch3_1_5;
  14          void adc_process()
  15          {
  16   1              if(cnt_adc>=2)
  17   1              {
  18   2                      cnt_adc=0;
  19   2                      read_adc(0x41);
  20   2                      ch1=read_adc(0x41);
  21   2                      read_adc(0x43);
  22   2                      ch3=read_adc(0x43);
  23   2                      
  24   2                      ch3_volt=ch3*100/51;
  25   2                      ch3_0_99=ch3/2.56;
  26   2                      ch3_1_5=ch3/51.1+1;
  27   2              }
  28   1      }
  29          
  30          u8 cnt_dac;
  31          void dac_process()
  32          {
  33   1              static u8 dac_val=0;
  34   1              if(cnt_dac>=10)
  35   1              {
  36   2                      cnt_dac=0;
  37   2                      write_dac(dac_val++);           
  38   2              }
  39   1      }
  40          
  41          void smg_process()
  42          {
  43   1              smg_buf[0]=smg_code[ch3_volt/100]|0x80;
  44   1              smg_buf[1]=smg_code[ch3_volt/10%10];
  45   1              smg_buf[2]=smg_code[ch3_volt%10];
  46   1              smg_buf[3]=0x00; 
  47   1              smg_buf[4]=smg_code[ch3_0_99/10];
  48   1              smg_buf[5]=smg_code[ch3_0_99%10];
  49   1              smg_buf[6]=0x00;
  50   1              smg_buf[7]=smg_code[ch3_1_5];
  51   1      }
  52          
  53          void main()
  54          {
C51 COMPILER V9.56.0.0   MAIN                                                              11/07/2025 15:07:32 PAGE 2   

  55   1              system_init();
  56   1              Timer2Init();
  57   1              
  58   1              while(1)
  59   1              {
  60   2                      smg_process();
  61   2                      adc_process();
  62   2                      dac_process();
  63   2              }
  64   1      }
  65          
  66          void t2int() interrupt 12
  67          {
  68   1              cnt_dac++;
  69   1              cnt_adc++;
  70   1              smg_display();
  71   1      }


MODULE INFORMATION:   STATIC OVERLAYABLE
   CODE SIZE        =    331    ----
   CONSTANT SIZE    =   ----    ----
   XDATA SIZE       =   ----    ----
   PDATA SIZE       =   ----    ----
   DATA SIZE        =     10    ----
   IDATA SIZE       =   ----    ----
   BIT SIZE         =   ----    ----
END OF MODULE INFORMATION.


C51 COMPILATION COMPLETE.  0 WARNING(S),  0 ERROR(S)
