C51 COMPILER V9.56.0.0   MAIN                                                              08/02/2025 21:27:01 PAGE 1   


C51 COMPILER V9.56.0.0, COMPILATION OF MODULE MAIN
OBJECT MODULE PLACED IN .\Objects\main.obj
COMPILER INVOKED BY: D:\keil c51v956\C51\BIN\C51.EXE main.c OMF2 OPTIMIZE(8,SPEED) BROWSE INCDIR(.\Library\System;.\Libr
                    -ary\Device) DEBUG PRINT(.\Listings\main.lst) OBJECT(.\Objects\main.obj)

line level    source

   1          #include "system.h"
   2          #include <intrins.h>
   3          #include "Delay.h"
   4          #include "Device.h"
   5          
   6          
   7          HexToBin led_ctrl,buzzer_ctrl;
   8          u8 cnt_buzzer;
   9          
  10          void vSystem_Init(void)
  11          {
  12   1              vDevice_Ctrl(0xa0,0);
  13   1      }
  14          
  15          void vTimer2_Init(void)         //1毫秒@12.000MHz
  16          {
  17   1              AUXR &= 0xFB;           //定时器时钟12T模式
  18   1              T2L = 0x18;                     //设置定时初值
  19   1              T2H = 0xFC;                     //设置定时初值
  20   1              AUXR |= 0x10;           //定时器2开始计时
  21   1              IE2 |= 0x04;                    //开定时器2中断
  22   1              EA = 1;
  23   1      }
  24          
  25          void main(void)
  26          {
  27   1              vSystem_Init();
  28   1              vTimer2_Init();
  29   1              while(1)
  30   1              {
  31   2              
  32   2              }
  33   1      }
  34          
  35          
  36          //中断服务程序
  37          void vTimer2_ISR() interrupt 12     //中断入口
  38          {
  39   1              //写法一
  40   1      //    cnt_buzzer++;                   //将测试口取反
  41   1      //      if(cnt_buzzer<=200)
  42   1      //      {
  43   1      //              buzzer_ctrl.b.b6 = 1;
  44   1      //              vDevice_Ctrl(0xa0,buzzer_ctrl.hex);
  45   1      //      }
  46   1      //      else if(cnt_buzzer<=400)
  47   1      //      {
  48   1      //              buzzer_ctrl.b.b6 = 0;
  49   1      //              vDevice_Ctrl(0xa0,buzzer_ctrl.hex);             
  50   1      //      }
  51   1      //      else
  52   1      //              cnt_buzzer=0;
  53   1              //写法二
  54   1              cnt_buzzer++;
C51 COMPILER V9.56.0.0   MAIN                                                              08/02/2025 21:27:01 PAGE 2   

  55   1              if(cnt_buzzer>=200)
  56   1              {
  57   2                      cnt_buzzer=0;
  58   2                      buzzer_ctrl.b.b6 = ~buzzer_ctrl.b.b6;
  59   2                      vDevice_Ctrl(0xa0,buzzer_ctrl.hex);
  60   2      
  61   2              }
  62   1      }


MODULE INFORMATION:   STATIC OVERLAYABLE
   CODE SIZE        =    135    ----
   CONSTANT SIZE    =   ----    ----
   XDATA SIZE       =   ----    ----
   PDATA SIZE       =   ----    ----
   DATA SIZE        =      3    ----
   IDATA SIZE       =   ----    ----
   BIT SIZE         =   ----    ----
   EDATA SIZE       =   ----    ----
   HDATA SIZE       =   ----    ----
   XDATA CONST SIZE =   ----    ----
   FAR CONST SIZE   =   ----    ----
END OF MODULE INFORMATION.


C51 COMPILATION COMPLETE.  0 WARNING(S),  0 ERROR(S)
