C51 COMPILER V9.56.0.0   DEVICE                                                            11/16/2025 18:45:25 PAGE 1   


C51 COMPILER V9.56.0.0, COMPILATION OF MODULE DEVICE
OBJECT MODULE PLACED IN .\Objects\device.obj
COMPILER INVOKED BY: D:\keil c51v956\C51\BIN\C51.EXE library\device\device.c OPTIMIZE(8,SPEED) BROWSE INCDIR(.\library\d
                    -evice;.\library\system) DEBUG OBJECTEXTEND PRINT(.\Listings\device.lst) OBJECT(.\Objects\device.obj)

line level    source

   1          #include "device.h"
   2          
   3          void vP2P0_Ctrl(u8 p2data,u8 p0data)
   4          {
   5   1              P0=p0data;
   6   1              P2=(P2&0x1f)|p2data;
   7   1              P2&=0x1f;
   8   1      }


MODULE INFORMATION:   STATIC OVERLAYABLE
   CODE SIZE        =     13    ----
   CONSTANT SIZE    =   ----    ----
   XDATA SIZE       =   ----    ----
   PDATA SIZE       =   ----    ----
   DATA SIZE        =   ----    ----
   IDATA SIZE       =   ----    ----
   BIT SIZE         =   ----    ----
END OF MODULE INFORMATION.


C51 COMPILATION COMPLETE.  0 WARNING(S),  0 ERROR(S)
