C51 COMPILER V9.56.0.0   MAIN                                                              11/16/2025 18:45:25 PAGE 1   


C51 COMPILER V9.56.0.0, COMPILATION OF MODULE MAIN
OBJECT MODULE PLACED IN .\Objects\main.obj
COMPILER INVOKED BY: D:\keil c51v956\C51\BIN\C51.EXE main.c OPTIMIZE(8,SPEED) BROWSE INCDIR(.\library\device;.\library\s
                    -ystem) DEBUG OBJECTEXTEND PRINT(.\Listings\main.lst) OBJECT(.\Objects\main.obj)

line level    source

   1          #include "system.h"
   2          
   3          void vSystem_Init()
   4          {
   5   1              vP2P0_Ctrl(0x80,0xff);
   6   1      }
   7          
   8          u8 cnt_kbd;
   9          u8 key_val;
  10          void vKbd_Process()
  11          {
  12   1              if(cnt_kbd>=10)
  13   1              {
  14   2                      cnt_kbd=0;
  15   2                      key_val=kbd_keyio_state();
  16   2              }
  17   1      }
  18          
  19          u8 led_ctrl=0xff;
  20          void vLED_process()
  21          {
  22   1              if(key_val==4) led_ctrl&=~0x08;
  23   1              else led_ctrl|=0x08;
  24   1              if(key_val==5) led_ctrl&=~0x10;
  25   1              else led_ctrl|=0x10;
  26   1              if(key_val==6) led_ctrl&=~0x20;
  27   1              else led_ctrl|=0x20;
  28   1              if(key_val==7) led_ctrl&=~0x40;
  29   1              else led_ctrl|=0x40;
  30   1              if(key_val==8) led_ctrl&=~0x80;
  31   1              else led_ctrl|=0x80;
  32   1              if(key_val==9) led_ctrl&=0x7e;
  33   1              else led_ctrl|=0x81;
  34   1              if(key_val==10) led_ctrl&=0x7d;
  35   1              else led_ctrl|=0x82;    
  36   1              if(key_val==11) led_ctrl&=0x7a;
  37   1              else led_ctrl|=0x84;
  38   1              if(key_val==12) led_ctrl&=0x77;
  39   1              else led_ctrl|=0x88;
  40   1              if(key_val==13) led_ctrl&=0x6f;
  41   1              else led_ctrl|=0xa0;
  42   1              if(key_val==14) led_ctrl&=~(0xb0);
  43   1              else led_ctrl|=0xb0;
  44   1              if(key_val==15) led_ctrl&=~(0xd0);
  45   1              else led_ctrl|=0xd0;
  46   1              if(key_val==16) led_ctrl&=~(0xd1);
  47   1              else led_ctrl|=0xd1;
  48   1              if(key_val==17) led_ctrl&=~(0xd2);
  49   1              else led_ctrl|=0xd2;
  50   1              if(key_val==18) led_ctrl&=~(0xd4);
  51   1              else led_ctrl|=0xd4;    
  52   1              if(key_val==19) led_ctrl&=~(0xd8);
  53   1              else led_ctrl|=0xd8;
  54   1              vP2P0_Ctrl(0x80,led_ctrl);
C51 COMPILER V9.56.0.0   MAIN                                                              11/16/2025 18:45:25 PAGE 2   

  55   1              
  56   1      }
  57          
  58          void main()
  59          {
  60   1              vSystem_Init();
  61   1              Timer2Init();
  62   1              
  63   1              while(1)
  64   1              {
  65   2                      vKbd_Process();
  66   2              }
  67   1              
  68   1      }
  69          
  70          void t2int() interrupt 12
  71          {
  72   1              cnt_kbd++;
  73   1              vLED_process();
  74   1      }


MODULE INFORMATION:   STATIC OVERLAYABLE
   CODE SIZE        =    310    ----
   CONSTANT SIZE    =   ----    ----
   XDATA SIZE       =   ----    ----
   PDATA SIZE       =   ----    ----
   DATA SIZE        =      3    ----
   IDATA SIZE       =   ----    ----
   BIT SIZE         =   ----    ----
END OF MODULE INFORMATION.


C51 COMPILATION COMPLETE.  0 WARNING(S),  0 ERROR(S)
