C51 COMPILER V9.56.0.0   MAIN                                                              08/16/2025 20:11:50 PAGE 1   


C51 COMPILER V9.56.0.0, COMPILATION OF MODULE MAIN
OBJECT MODULE PLACED IN .\Objects\main.obj
COMPILER INVOKED BY: D:\keil c51v956\C51\BIN\C51.EXE main.c OPTIMIZE(8,SPEED) BROWSE INCDIR(.\Library\System;.\Library\D
                    -evice) DEBUG OBJECTEXTEND PRINT(.\Listings\main.lst) OBJECT(.\Objects\main.obj)

line level    source

   1          #include "system.h"
   2          
   3          HexToBin led_ctrl,uln_ctrl;
   4          
   5          void vSystem_Init(void)
   6          {
   7   1              vDevice_Ctrl(0xa0,0);
   8   1              led_ctrl.hex=0xff;
   9   1              vDevice_Ctrl(0x80,led_ctrl.hex);        
  10   1      }
  11          
  12          u8 cnt_key;
  13          u8 s4_number;
  14          void vBTN_State_Process(void)
  15          {
  16   1              u8 key_val;
  17   1              if(cnt_key>=10)
  18   1              {
  19   2                      cnt_key=0;
  20   2                      key_val = vBTN_Read_State();
  21   2                      if(key_val==4)
  22   2                      {
  23   3                              s4_number++;
  24   3                      }
  25   2              }
  26   1      }
  27          
  28          void vBTN_ThreeLine_Process(void)
  29          {
  30   1              if(cnt_key>=10)
  31   1              {
  32   2                      cnt_key=0;
  33   2                      vBTN_Read_ThreeLine();
  34   2                      if(Trg & 0x08)
  35   2                      {
  36   3                              s4_number++;
  37   3                      }
  38   2                      if(Trg & 0x04)
  39   2                      {
  40   3                              s4_number--;
  41   3                      }
  42   2                      if(Trg & 0x02)
  43   2                      {
  44   3                              s4_number+=10;
  45   3                      }
  46   2                      if(Trg & 0x01)
  47   2                      {
  48   3                              s4_number-=10;
  49   3                      }
  50   2              }
  51   1      }
  52          
  53          void vSMG_Process()
  54          {
C51 COMPILER V9.56.0.0   MAIN                                                              08/16/2025 20:11:50 PAGE 2   

  55   1              smg_buf[0]=smg_code[s4_number/100];
  56   1              smg_buf[1]=smg_code[s4_number/10%10];
  57   1              smg_buf[2]=smg_code[s4_number%10];
  58   1              smg_buf[3]=0x00;
  59   1              smg_buf[4]=0x00;
  60   1              smg_buf[5]=0x00;
  61   1              smg_buf[6]=0x00;
  62   1              smg_buf[7]=0x00;
  63   1      }
  64          
  65          void main(void)
  66          {
  67   1              vSystem_Init();
  68   1              vTimer2_Init();
  69   1              while(1)
  70   1              {
  71   2                      vSMG_Process();
  72   2                      vBTN_ThreeLine_Process();
  73   2              }
  74   1      }
  75          
  76          //ÖĐ¶Ď·ţÎńłĚĐň
  77          void vTimer2_ISR() interrupt 12     //ÖĐ¶ĎČëżÚ
  78          {
  79   1              cnt_key++;
  80   1              vSMG_Display();
  81   1      }


MODULE INFORMATION:   STATIC OVERLAYABLE
   CODE SIZE        =    211    ----
   CONSTANT SIZE    =   ----    ----
   XDATA SIZE       =   ----    ----
   PDATA SIZE       =   ----    ----
   DATA SIZE        =      4    ----
   IDATA SIZE       =   ----    ----
   BIT SIZE         =   ----    ----
END OF MODULE INFORMATION.


C51 COMPILATION COMPLETE.  0 WARNING(S),  0 ERROR(S)
