C51 COMPILER V9.56.0.0   MAIN                                                              11/06/2025 23:41:00 PAGE 1   


C51 COMPILER V9.56.0.0, COMPILATION OF MODULE MAIN
OBJECT MODULE PLACED IN .\Objects\main.obj
COMPILER INVOKED BY: D:\keil c51v956\C51\BIN\C51.EXE main.c OPTIMIZE(8,SPEED) BROWSE INCDIR(.\library\device;.\library\s
                    -ystem) DEBUG OBJECTEXTEND PRINT(.\Listings\main.lst) OBJECT(.\Objects\main.obj)

line level    source

   1          #include "system.h"
   2          
   3          void vSystem_init()
   4          {
   5   1              vP2P0_ctrl(0xa0,0);
   6   1              vP2P0_ctrl(0x80,0xff);
   7   1              vP2P0_ctrl(0xc0,0);
   8   1      }
   9          
  10          u16 cnt_ne555;
  11          u16 freq_ne555;
  12          void vNE555_Process()
  13          {
  14   1              cnt_ne555++;
  15   1              if(cnt_ne555>=100)
  16   1              {
  17   2                      cnt_ne555=0;
  18   2                      freq_ne555=((TH0<<8)|TL0)*10;
  19   2                      TL0=0;
  20   2                      TH0=0; 
  21   2              }       
  22   1      }
  23          
  24          void Smg_Process()
  25          {
  26   1              smg_buf[0]=smg_code[freq_ne555/10000];
  27   1              smg_buf[1]=smg_code[freq_ne555/1000%10];
  28   1              smg_buf[2]=smg_code[freq_ne555/100%10];
  29   1              smg_buf[3]=smg_code[freq_ne555/10%10];
  30   1              smg_buf[4]=smg_code[freq_ne555%10];
  31   1              smg_buf[5]=0x00;
  32   1              smg_buf[6]=0x00;
  33   1              smg_buf[7]=0x00;
  34   1      }
  35          
  36          void main()
  37          {
  38   1              vSystem_init();
  39   1              Timer2Init();
  40   1              vCounter0_Init();
  41   1              
  42   1              while(1)
  43   1              {
  44   2                      Smg_Process();
  45   2              }
  46   1              
  47   1      }
  48          
  49          void t2int() interrupt 12
  50          {
  51   1              vSmg_Display();
  52   1              vNE555_Process();
  53   1      }

C51 COMPILER V9.56.0.0   MAIN                                                              11/06/2025 23:41:00 PAGE 2   


MODULE INFORMATION:   STATIC OVERLAYABLE
   CODE SIZE        =    255    ----
   CONSTANT SIZE    =   ----    ----
   XDATA SIZE       =   ----    ----
   PDATA SIZE       =   ----    ----
   DATA SIZE        =      4    ----
   IDATA SIZE       =   ----    ----
   BIT SIZE         =   ----    ----
END OF MODULE INFORMATION.


C51 COMPILATION COMPLETE.  0 WARNING(S),  0 ERROR(S)
