C51 COMPILER V9.56.0.0   MAIN                                                              09/09/2025 14:00:48 PAGE 1   


C51 COMPILER V9.56.0.0, COMPILATION OF MODULE MAIN
OBJECT MODULE PLACED IN .\Objects\main.obj
COMPILER INVOKED BY: D:\keil c51v956\C51\BIN\C51.EXE main.c OPTIMIZE(8,SPEED) BROWSE INCDIR(.\Library\System;.\Library\D
                    -evice) DEBUG OBJECTEXTEND PRINT(.\Listings\main.lst) OBJECT(.\Objects\main.obj)

line level    source

   1          #include "system.h"
   2          
   3          HexToBin led_ctrl,uln_ctrl;
   4          
   5          void vSystem_Init(void)
   6          {
   7   1              vDevice_Ctrl(0xa0,0);
   8   1              led_ctrl.hex=0xff;
   9   1              vDevice_Ctrl(0x80,led_ctrl.hex);        
  10   1      }
  11          
  12          u8 cnt_adc;
  13          u8 ch0,ch1,ch3;
  14          void vADC_Process()
  15          {
  16   1              if(cnt_adc>=10)
  17   1              {
  18   2                      EA = 0;
  19   2                      ch0 = ucRead_ADC(0x40);
  20   2                      EA = 1;
  21   2              }
  22   1      }
  23          
  24          void vSMG_Process()
  25          {
  26   1              smg_buf[0]=smg_code[ch0/100];
  27   1              smg_buf[1]=smg_code[ch0/10%10];
  28   1              smg_buf[2]=smg_code[ch0%10];
  29   1              smg_buf[3]=0x00;
  30   1              smg_buf[4]=0x00;
  31   1              smg_buf[5]=0x00;
  32   1              smg_buf[6]=0x00;
  33   1              smg_buf[7]=0x00;
  34   1      }
  35          
  36          void main(void)
  37          {
  38   1              vSystem_Init();
  39   1              vTimer2_Init();
  40   1              while(1)
  41   1              {
  42   2                      vSMG_Process();
  43   2                      vADC_Process();
  44   2              }
  45   1      }
  46          
  47          //ÖĐ¶Ď·ţÎńłĚĐň
  48          void vTimer2_ISR() interrupt 12     //ÖĐ¶ĎČëżÚ
  49          {
  50   1              cnt_adc++;
  51   1              vSMG_Display();
  52   1      }


C51 COMPILER V9.56.0.0   MAIN                                                              09/09/2025 14:00:48 PAGE 2   

MODULE INFORMATION:   STATIC OVERLAYABLE
   CODE SIZE        =    161    ----
   CONSTANT SIZE    =   ----    ----
   XDATA SIZE       =   ----    ----
   PDATA SIZE       =   ----    ----
   DATA SIZE        =      6    ----
   IDATA SIZE       =   ----    ----
   BIT SIZE         =   ----    ----
END OF MODULE INFORMATION.


C51 COMPILATION COMPLETE.  0 WARNING(S),  0 ERROR(S)
