C51 COMPILER V9.56.0.0   KBD                                                               11/09/2025 20:39:05 PAGE 1   


C51 COMPILER V9.56.0.0, COMPILATION OF MODULE KBD
OBJECT MODULE PLACED IN .\Objects\kbd.obj
COMPILER INVOKED BY: D:\keil c51v956\C51\BIN\C51.EXE library\device\kbd.c OPTIMIZE(8,SPEED) BROWSE INCDIR(.\library\devi
                    -ce;.\library\system) DEBUG OBJECTEXTEND PRINT(.\Listings\kbd.lst) OBJECT(.\Objects\kbd.obj)

line level    source

   1          #include "kbd.h"
   2          
   3          #define KEY_NO 0
   4          #define KEY_DOWN 1
   5          #define KEY_UP 2
   6          
   7          u8 ucBTN_KeyIO_State()
   8          {
   9   1              u8 key_io=0;
  10   1              P3 = P3 & 0x0f; 
  11   1              if(P3!=0x0f)
  12   1              { 
  13   2                      if(P3==0x0e) key_io = 7;        //S7
  14   2                      if(P3==0x0d) key_io = 6;        //S6
  15   2                      if(P3==0x0b) key_io = 5;        //S5
  16   2                      if(P3==0x07) key_io = 4;        //S4 
  17   2              } 
  18   1              return key_io;
  19   1      }
  20          
  21          u8 ucBTN_Read_State()
  22          {
  23   1              static u8 key_state;
  24   1              u8 key_io=0,key_return=0;
  25   1              key_io=ucBTN_KeyIO_State();
  26   1              switch(key_state)
  27   1              {
  28   2                      case KEY_NO:
  29   2                              if(key_io) key_state=KEY_DOWN;
  30   2                      break;
  31   2                      
  32   2                      case KEY_DOWN:
  33   2                              if(key_io) 
  34   2                              {
  35   3                                      key_state=KEY_UP;
  36   3                                      key_return=key_io;
  37   3                              }
  38   2                              else
  39   2                                      key_state=KEY_NO;
  40   2                      break;
  41   2                              
  42   2                      case KEY_UP:
  43   2                                      if(key_io==0) key_state=KEY_NO;
  44   2                      break;  
  45   2              }
  46   1              return key_return;
  47   1      }


MODULE INFORMATION:   STATIC OVERLAYABLE
   CODE SIZE        =     88    ----
   CONSTANT SIZE    =   ----    ----
   XDATA SIZE       =   ----    ----
   PDATA SIZE       =   ----    ----
C51 COMPILER V9.56.0.0   KBD                                                               11/09/2025 20:39:05 PAGE 2   

   DATA SIZE        =      1    ----
   IDATA SIZE       =   ----    ----
   BIT SIZE         =   ----    ----
END OF MODULE INFORMATION.


C51 COMPILATION COMPLETE.  0 WARNING(S),  0 ERROR(S)
