C51 COMPILER V9.56.0.0   MAIN                                                              11/09/2025 20:39:05 PAGE 1   


C51 COMPILER V9.56.0.0, COMPILATION OF MODULE MAIN
OBJECT MODULE PLACED IN .\Objects\main.obj
COMPILER INVOKED BY: D:\keil c51v956\C51\BIN\C51.EXE main.c OPTIMIZE(8,SPEED) BROWSE INCDIR(.\library\device;.\library\s
                    -ystem) DEBUG OBJECTEXTEND PRINT(.\Listings\main.lst) OBJECT(.\Objects\main.obj)

line level    source

   1          #include "system.h"
   2          
   3          void Delay1000ms()              //@12.000MHz
   4          {
   5   1              unsigned char i, j, k;
   6   1      
   7   1              _nop_();
   8   1              _nop_();
   9   1              i = 46;
  10   1              j = 153;
  11   1              k = 245;
  12   1              do
  13   1              {
  14   2                      do
  15   2                      {
  16   3                              while (--k);
  17   3                      } while (--j);
  18   2              } while (--i);
  19   1      }
  20          
  21          
  22          void vSystem_init()
  23          {
  24   1              vP2p0_ctrl(0x80,0xff);
  25   1              vP2p0_ctrl(0xa0,0);
  26   1              vP2p0_ctrl(0xc0,0);
  27   1      }
  28          
  29          u8 cnt_btn;
  30          u8 key_val;
  31          u8 key_val_2;
  32          u16 btn_number;
  33          void vBTN_Process()
  34          {
  35   1              static u8 k=0;
  36   1              if(cnt_btn>=10)
  37   1              {
  38   2                      cnt_btn=0;
  39   2                      key_val=ucBTN_Read_State();
  40   2                      key_val_2=ucBTN_KeyIO_State();
  41   2                      if(key_val_2==4)
  42   2                      {
  43   3                              if(k==0)
  44   3                              {
  45   4                                      Delay1000ms();
  46   4                              }
  47   3                                      btn_number++;
  48   3                              k=1;
  49   3                      }
  50   2                      if(key_val_2!=4)
  51   2                      {
  52   3                              k=0;
  53   3                      }               
  54   2                      if(key_val==5)
C51 COMPILER V9.56.0.0   MAIN                                                              11/09/2025 20:39:05 PAGE 2   

  55   2                      {
  56   3                              btn_number+=10;
  57   3                      }
  58   2                      if(key_val==6)
  59   2                      {
  60   3                              btn_number=0;
  61   3                      }               
  62   2              }
  63   1      }
  64          
  65          u8 btn_number_3;
  66          u8 btn_number_4;
  67          void vBTN_Number_Process()
  68          {
  69   1              if(btn_number>=100)
  70   1              {
  71   2                      btn_number_3=smg_code[btn_number/100%10];
  72   2              }
  73   1              else
  74   1                      btn_number_3=0x00;
  75   1              if(btn_number>=1000)
  76   1              {
  77   2                      btn_number_4=smg_code[btn_number/1000];
  78   2              }
  79   1              else
  80   1                      btn_number_4=0x00;      
  81   1      }
  82          
  83          void vSmg_Process()
  84          {
  85   1              smg_buf[0]=0x00;
  86   1              smg_buf[1]=0x00;
  87   1              smg_buf[2]=0x00;
  88   1              smg_buf[3]=0x00;
  89   1              smg_buf[4]=btn_number_4;
  90   1              smg_buf[5]=btn_number_3;
  91   1              smg_buf[6]=smg_code[btn_number/10%10]|0x80;
  92   1              smg_buf[7]=smg_code[btn_number%10];     
  93   1      }
  94          
  95          void main()
  96          {
  97   1              vSystem_init();
  98   1              vTimer2_Init();
  99   1              
 100   1              while(1)
 101   1              {
 102   2                      vSmg_Process();
 103   2                      vBTN_Process();
 104   2                      vBTN_Number_Process();
 105   2              }
 106   1              
 107   1      }
 108          
 109          void t2int() interrupt 12
 110          {
 111   1              cnt_btn++;
 112   1              vSmg_Disp();
 113   1      }


MODULE INFORMATION:   STATIC OVERLAYABLE
C51 COMPILER V9.56.0.0   MAIN                                                              11/09/2025 20:39:05 PAGE 3   

   CODE SIZE        =    328    ----
   CONSTANT SIZE    =   ----    ----
   XDATA SIZE       =   ----    ----
   PDATA SIZE       =   ----    ----
   DATA SIZE        =      8    ----
   IDATA SIZE       =   ----    ----
   BIT SIZE         =   ----    ----
END OF MODULE INFORMATION.


C51 COMPILATION COMPLETE.  0 WARNING(S),  0 ERROR(S)
