C51 COMPILER V9.56.0.0   MAIN                                                              08/02/2025 13:41:02 PAGE 1   


C51 COMPILER V9.56.0.0, COMPILATION OF MODULE MAIN
OBJECT MODULE PLACED IN .\Objects\main.obj
COMPILER INVOKED BY: D:\keil c51v956\C51\BIN\C51.EXE main.c OPTIMIZE(8,SPEED) BROWSE INCDIR(.\Library\System;.\Library\D
                    -evice) DEBUG OBJECTEXTEND PRINT(.\Listings\main.lst) OBJECT(.\Objects\main.obj)

line level    source

   1          #include <intrins.h>
   2          #include "Delay.h"
   3          #include "Device.h"
   4          #include "system.h"
   5          
   6          HexToBin led_ctrl,buzzer_ctrl;
   7          
   8          void vSystem_Init(void)
   9          {
  10   1              vDevice_Ctrl(0xa0,0);
  11   1      }
  12          
  13          void main(void)
  14          {
  15   1              vSystem_Init();
  16   1              led_ctrl.hex = 0x55;
  17   1              vDevice_Ctrl(0x80,led_ctrl.hex);
  18   1              
  19   1              buzzer_ctrl.b.b4 = 1;
  20   1              vDevice_Ctrl(0xa0,buzzer_ctrl.hex);
  21   1              while(1)
  22   1              {
  23   2                      led_ctrl.b.b1 = 1;
  24   2                      vDevice_Ctrl(0x80,led_ctrl.hex);
  25   2                      
  26   2                      buzzer_ctrl.b.b6 = 1;
  27   2                      vDevice_Ctrl(0xa0,buzzer_ctrl.hex);
  28   2                      vDelay_Ms(200);
  29   2                      
  30   2                      led_ctrl.b.b1 = 0;
  31   2                      vDevice_Ctrl(0x80,led_ctrl.hex);
  32   2                      
  33   2                      buzzer_ctrl.b.b6 = 0;
  34   2                      vDevice_Ctrl(0xa0,buzzer_ctrl.hex);             
  35   2                      vDelay_Ms(200);         
  36   2              }
  37   1      }


MODULE INFORMATION:   STATIC OVERLAYABLE
   CODE SIZE        =     86    ----
   CONSTANT SIZE    =   ----    ----
   XDATA SIZE       =   ----    ----
   PDATA SIZE       =   ----    ----
   DATA SIZE        =      2    ----
   IDATA SIZE       =   ----    ----
   BIT SIZE         =   ----    ----
END OF MODULE INFORMATION.


C51 COMPILATION COMPLETE.  0 WARNING(S),  0 ERROR(S)
