C51 COMPILER V9.56.0.0   MAIN                                                              09/15/2025 17:43:35 PAGE 1   


C51 COMPILER V9.56.0.0, COMPILATION OF MODULE MAIN
OBJECT MODULE PLACED IN .\Objects\main.obj
COMPILER INVOKED BY: D:\keil c51v956\C51\BIN\C51.EXE main.c OPTIMIZE(8,SPEED) BROWSE INCDIR(.\library\device;.\library\s
                    -ystem) DEBUG OBJECTEXTEND PRINT(.\Listings\main.lst) OBJECT(.\Objects\main.obj)

line level    source

   1          #include "system.h"
   2          
   3          u8 smg_code[]={0x3F,0x06,0x5B,0x4F,0x66,0x6D,0x7D,0x07,0x7F,0x6F,0x77,0x7C,0x39,0x5E,0x79,0x71,0x76,0x38};
   4          //                              O                                                                                                                                         14E       16H  17L                    
   5          void system_init()
   6          {
   7   1              P2P0_ctrl(0xa0,0x00);
   8   1              P2P0_ctrl(0x80,0xff);
   9   1              P2P0_ctrl(0xe0,0xff);
  10   1      }
  11          
  12          u8 smg_buf[8];
  13          void smg_process()
  14          {
  15   1              smg_buf[0]=smg_code[16];
  16   1              smg_buf[1]=smg_code[14];
  17   1              smg_buf[2]=smg_code[17];
  18   1              smg_buf[3]=smg_code[17];
  19   1              smg_buf[4]=smg_code[0];
  20   1              smg_buf[5]=0x00;
  21   1              smg_buf[6]=0x00;
  22   1              smg_buf[7]=0x00;
  23   1      }
  24          
  25          void smg_display()
  26          {
  27   1              static u8 k;
  28   1              P2P0_ctrl(0xc0,0);
  29   1              P2P0_ctrl(0xe0,~smg_buf[k]);
  30   1              P2P0_ctrl(0xc0,0x01<<k);
  31   1              k=(k+1)%8;
  32   1      }
  33          
  34          void main()
  35          {
  36   1              system_init();
  37   1              Timer2Init();
  38   1              
  39   1              while(1)
  40   1              {
  41   2                      smg_process();
  42   2              }
  43   1      }
  44          
  45          void t2int() interrupt 12           //ÖĐ¶ĎČëżÚ
  46          {
  47   1              smg_display();
  48   1      }


MODULE INFORMATION:   STATIC OVERLAYABLE
   CODE SIZE        =    161    ----
   CONSTANT SIZE    =   ----    ----
   XDATA SIZE       =   ----    ----
C51 COMPILER V9.56.0.0   MAIN                                                              09/15/2025 17:43:35 PAGE 2   

   PDATA SIZE       =   ----    ----
   DATA SIZE        =     27    ----
   IDATA SIZE       =   ----    ----
   BIT SIZE         =   ----    ----
END OF MODULE INFORMATION.


C51 COMPILATION COMPLETE.  0 WARNING(S),  0 ERROR(S)
