C51 COMPILER V9.56.0.0   BTN                                                               10/12/2025 16:56:42 PAGE 1   


C51 COMPILER V9.56.0.0, COMPILATION OF MODULE BTN
OBJECT MODULE PLACED IN .\Objects\BTN.obj
COMPILER INVOKED BY: D:\keil c51v956\C51\BIN\C51.EXE Library\Device\BTN.c OPTIMIZE(8,SPEED) BROWSE INCDIR(.\Library\Syst
                    -em;.\Library\Device) DEBUG OBJECTEXTEND PRINT(.\Listings\BTN.lst) OBJECT(.\Objects\BTN.obj)

line level    source

   1          #include "BTN.h"
   2          
   3          #define KEY_NO   0
   4          #define KEY_DOWN 1
   5          #define KEY_UP   2
   6          
   7          u8 vBTN_Read_State(void)
   8          {
   9   1              static u8 key_state = 0;
  10   1              u8 key_io = 0, key_return = 0;
  11   1              
  12   1              key_io = P3 & 0x0f;
  13   1              switch(key_state)
  14   1              {
  15   2                      case KEY_NO:
  16   2                              if(key_io!=0x0f) key_state = KEY_DOWN;
  17   2                      break;
  18   2                      
  19   2                      case KEY_DOWN:
  20   2                              if(key_io!=0x0f)
  21   2                              {
  22   3                                      if(key_io==0x0e) key_return = 7;
  23   3                                      if(key_io==0x0d) key_return = 6;
  24   3                                      if(key_io==0x0b) key_return = 5;
  25   3                                      if(key_io==0x07) key_return = 4;
  26   3                                      key_state = KEY_UP;
  27   3                              }
  28   2                              else
  29   2                                      key_state = KEY_NO;
  30   2                      break;
  31   2                              
  32   2                      case KEY_UP:
  33   2                              if(key_io==0x0f) key_state = KEY_NO;
  34   2                      break;
  35   2              }
  36   1              return key_return;
  37   1      }
  38          
  39          unsigned char Trg;
  40          unsigned char Cont;
  41          void vBTN_Read_ThreeLine( void )
  42          {
  43   1              unsigned char ReadData = P3^0xff;
  44   1              Trg = ReadData & (ReadData ^ Cont);
  45   1              Cont = ReadData;
  46   1      }


MODULE INFORMATION:   STATIC OVERLAYABLE
   CODE SIZE        =     80    ----
   CONSTANT SIZE    =   ----    ----
   XDATA SIZE       =   ----    ----
   PDATA SIZE       =   ----    ----
   DATA SIZE        =      3    ----
C51 COMPILER V9.56.0.0   BTN                                                               10/12/2025 16:56:42 PAGE 2   

   IDATA SIZE       =   ----    ----
   BIT SIZE         =   ----    ----
END OF MODULE INFORMATION.


C51 COMPILATION COMPLETE.  0 WARNING(S),  0 ERROR(S)
