C51 COMPILER V9.56.0.0   MAIN                                                              10/12/2025 16:56:42 PAGE 1   


C51 COMPILER V9.56.0.0, COMPILATION OF MODULE MAIN
OBJECT MODULE PLACED IN .\Objects\main.obj
COMPILER INVOKED BY: D:\keil c51v956\C51\BIN\C51.EXE main.c OPTIMIZE(8,SPEED) BROWSE INCDIR(.\Library\System;.\Library\D
                    -evice) DEBUG OBJECTEXTEND PRINT(.\Listings\main.lst) OBJECT(.\Objects\main.obj)

line level    source

   1          #include "system.h"
   2          
   3          HexToBin led_ctrl,uln_ctrl;
   4          
   5          void vSystem_Init(void)
   6          {
   7   1              vDevice_Ctrl(0xa0,0);
   8   1              led_ctrl.hex=0xff;
   9   1              vDevice_Ctrl(0x80,led_ctrl.hex);        
  10   1      }
  11          
  12          u8 vKBD_KeyIO()
  13          {
  14   1              u8 key_io = 0;
  15   1              P3=0xf0;P4=0xff;
  16   1              if(P44==0) key_io=4;
  17   1              if(P42==0) key_io=8;
  18   1              if(P35==0) key_io=12;
  19   1              if(P34==0) key_io=16;
  20   1              
  21   1              P3=0x0f;P4=0x00;
  22   1              if(P33==0) key_io+=0;
  23   1              if(P32==0) key_io+=1;
  24   1              if(P31==0) key_io+=2;
  25   1              if(P30==0) key_io+=3;
  26   1              
  27   1              return key_io;
  28   1      }
  29          
  30          #define KEY_NO 0
  31          #define KEY_DOWN 1
  32          #define KEY_UP 2
  33          u8 vKBD_Read_State()
  34          {
  35   1              static u8 key_state = 0;
  36   1              u8 key_io = 0, key_return = 0;
  37   1              
  38   1              key_io = vKBD_KeyIO();
  39   1              switch(key_state)
  40   1              {
  41   2                      case KEY_NO:
  42   2                              if(key_io) key_state = KEY_DOWN;
  43   2                      break;
  44   2                      
  45   2                      case KEY_DOWN:
  46   2                              if(key_io)
  47   2                              {
  48   3                                      key_state = KEY_UP;
  49   3                                      key_return = key_io;
  50   3                              }
  51   2                              else
  52   2                                      key_state = KEY_NO;
  53   2                      break;
  54   2                              
C51 COMPILER V9.56.0.0   MAIN                                                              10/12/2025 16:56:42 PAGE 2   

  55   2                      case KEY_UP:
  56   2                              if(key_io==0) key_state = KEY_NO;
  57   2                      break;
  58   2              }
  59   1              return key_return;
  60   1      }
  61          
  62          
  63          u8 cnt_kbd;
  64          u8 s4_number;
  65          u8 key_val;
  66          void vKBD_Process(void)
  67          {
  68   1              if(cnt_kbd>=10)
  69   1              {
  70   2                      cnt_kbd=0;
  71   2                      key_val = vKBD_Read_State();
  72   2                      if(key_val==4)
  73   2                      {
  74   3                              s4_number++;
  75   3                      }
  76   2              }
  77   1      }
  78          
  79          void vSMG_Process()
  80          {
  81   1              if(key_val)
  82   1              {
  83   2              smg_buf[0]=smg_code[key_val/100];
  84   2              smg_buf[1]=smg_code[key_val/10%10];
  85   2              smg_buf[2]=smg_code[key_val%10];
  86   2              smg_buf[3]=0x00;
  87   2              smg_buf[4]=0x00;
  88   2              smg_buf[5]=smg_code[s4_number/100];
  89   2              smg_buf[6]=smg_code[s4_number/10%10];
  90   2              smg_buf[7]=smg_code[s4_number%10];
  91   2              }
  92   1      }
  93          void main(void)
  94          {
  95   1              vSystem_Init();
  96   1              vTimer2_Init();
  97   1              while(1)
  98   1              {
  99   2                      vSMG_Process();
 100   2                      vKBD_Process();
 101   2              }
 102   1      }
 103          
 104          //ÖĐ¶Ď·ţÎńłĚĐň
 105          void vTimer2_ISR() interrupt 12     //ÖĐ¶ĎČëżÚ
 106          {
 107   1              cnt_kbd++;
 108   1              vSMG_Display();
 109   1      }


MODULE INFORMATION:   STATIC OVERLAYABLE
   CODE SIZE        =    294    ----
   CONSTANT SIZE    =   ----    ----
   XDATA SIZE       =   ----    ----
   PDATA SIZE       =   ----    ----
C51 COMPILER V9.56.0.0   MAIN                                                              10/12/2025 16:56:42 PAGE 3   

   DATA SIZE        =      6    ----
   IDATA SIZE       =   ----    ----
   BIT SIZE         =   ----    ----
END OF MODULE INFORMATION.


C51 COMPILATION COMPLETE.  0 WARNING(S),  0 ERROR(S)
