C51 COMPILER V9.56.0.0   MAIN                                                              09/14/2025 16:11:23 PAGE 1   


C51 COMPILER V9.56.0.0, COMPILATION OF MODULE MAIN
OBJECT MODULE PLACED IN .\Objects\main.obj
COMPILER INVOKED BY: D:\keil c51v956\C51\BIN\C51.EXE main.c OPTIMIZE(8,SPEED) BROWSE INCDIR(.\library\device;.\library\s
                    -ystem) DEBUG OBJECTEXTEND PRINT(.\Listings\main.lst) OBJECT(.\Objects\main.obj)

line level    source

   1          #include "system.h"
   2          
   3          hextobin uln_ctrl,led_ctrl;
   4          
   5          void rybr_ctrl()
   6          {
   7   1              P2P0_ctrl(0xa0,0);
   8   1              led_ctrl.hex=0xff;
   9   1              P2P0_ctrl(0x80,led_ctrl.hex);
  10   1      }
  11          
  12          u16 cnt_led,cnt_led_running;
  13          u8 cnt_led_bilnk,led_shift;
  14          void led_Process()
  15          {
  16   1              if(cnt_led==500)
  17   1              {
  18   2                      cnt_led=0;
  19   2                      led_ctrl.b.b0=~led_ctrl.b.b0;
  20   2                      P2P0_ctrl(0x80,led_ctrl.hex);
  21   2                      cnt_led_bilnk++;
  22   2              }
  23   1              
  24   1              if(cnt_led_running==100)
  25   1              {
  26   2                      cnt_led_running=0;
  27   2                      led_ctrl.b.b3=~(0x01>>led_shift);
  28   2                      led_ctrl.b.b4=~(0x02>>led_shift);
  29   2                      led_ctrl.b.b5=~(0x04>>led_shift);
  30   2                      led_ctrl.b.b6=~(0x08>>led_shift);
  31   2                      led_ctrl.b.b7=~(0x10>>led_shift);
  32   2                      P2P0_ctrl(0x80,led_ctrl.hex);
  33   2                      led_shift=(led_shift+1)%5;
  34   2              }
  35   1      }
  36          
  37          void uln_Process()
  38          {
  39   1              if(cnt_led_bilnk==10)
  40   1              {
  41   2                      uln_ctrl.b.b4=1;
  42   2                      P2P0_ctrl(0xa0,uln_ctrl.hex);
  43   2              }
  44   1              if(cnt_led_bilnk==20)
  45   1              {
  46   2                      cnt_led_bilnk=0;
  47   2                      uln_ctrl.b.b4=0;
  48   2                      P2P0_ctrl(0xa0,uln_ctrl.hex);
  49   2              }
  50   1      }
  51          
  52          void Timer2Init(void)           //1毫秒@12.000MHz
  53          {
  54   1              AUXR &= 0xFB;           //定时器时钟12T模式
C51 COMPILER V9.56.0.0   MAIN                                                              09/14/2025 16:11:23 PAGE 2   

  55   1              T2L = 0x18;             //设置定时初值
  56   1              T2H = 0xFC;             //设置定时初值
  57   1              AUXR |= 0x10;           //定时器2开始计时
  58   1              IE2|=0x04;
  59   1              EA=1;
  60   1      }
  61          
  62          void main()
  63          {
  64   1              rybr_ctrl();
  65   1              Timer2Init();
  66   1              
  67   1              while(1)
  68   1              {
  69   2                      
  70   2              }
  71   1      }
  72          
  73          void t2int() interrupt 12           //中断入口
  74          {
  75   1              cnt_led++;
  76   1              cnt_led_running++;
  77   1              led_Process();
  78   1              uln_Process();
  79   1      }


MODULE INFORMATION:   STATIC OVERLAYABLE
   CODE SIZE        =    376    ----
   CONSTANT SIZE    =   ----    ----
   XDATA SIZE       =   ----    ----
   PDATA SIZE       =   ----    ----
   DATA SIZE        =      8    ----
   IDATA SIZE       =   ----    ----
   BIT SIZE         =   ----    ----
END OF MODULE INFORMATION.


C51 COMPILATION COMPLETE.  0 WARNING(S),  0 ERROR(S)
