C51 COMPILER V9.56.0.0   MAIN                                                              07/23/2025 21:01:36 PAGE 1   


C51 COMPILER V9.56.0.0, COMPILATION OF MODULE MAIN
OBJECT MODULE PLACED IN .\Objects\main.obj
COMPILER INVOKED BY: D:\keil c51v956\C51\BIN\C51.EXE main.c OPTIMIZE(8,SPEED) BROWSE INCDIR(.\Library\System;.\Library\D
                    -evice) DEBUG OBJECTEXTEND PRINT(.\Listings\main.lst) OBJECT(.\Objects\main.obj)

line level    source

   1          #include <STC15F2K60S2.H>
   2          #include <intrins.h>
   3          #include "Delay.h"
   4          #include "Device.h"
   5          
   6          unsigned char buzzer_ctrl;
   7          unsigned char relay_ctrl;
   8          
   9          
  10          void vSystem_Init(void)
  11          {
  12   1              vDevice_Ctrl(0xa0,0);
  13   1      }
  14          
  15          void main(void)
  16          {
  17   1              vSystem_Init();
  18   1              vDevice_Ctrl(0x80,0x3a);
  19   1              vDevice_Ctrl(0x80,0xaa);
  20   1              while(1)
  21   1              {
  22   2                      
  23   2              }
  24   1      }


MODULE INFORMATION:   STATIC OVERLAYABLE
   CODE SIZE        =     26    ----
   CONSTANT SIZE    =   ----    ----
   XDATA SIZE       =   ----    ----
   PDATA SIZE       =   ----    ----
   DATA SIZE        =      2    ----
   IDATA SIZE       =   ----    ----
   BIT SIZE         =   ----    ----
END OF MODULE INFORMATION.


C51 COMPILATION COMPLETE.  0 WARNING(S),  0 ERROR(S)
