C51 COMPILER V9.56.0.0   KBD                                                               10/12/2025 17:56:50 PAGE 1   


C51 COMPILER V9.56.0.0, COMPILATION OF MODULE KBD
OBJECT MODULE PLACED IN .\Objects\KBD.obj
COMPILER INVOKED BY: D:\keil c51v956\C51\BIN\C51.EXE Library\Device\KBD.c OPTIMIZE(8,SPEED) BROWSE INCDIR(.\Library\Syst
                    -em;.\Library\Device) DEBUG OBJECTEXTEND PRINT(.\Listings\KBD.lst) OBJECT(.\Objects\KBD.obj)

line level    source

   1          #include "KBD.h"
   2          
   3          #define KEY_NO 0
   4          #define KEY_DOWN 1
   5          #define KEY_UP 2
   6          u8 vKBD_Read_State()
   7          {
   8   1              static u8 key_state = 0;
   9   1              u8 key_io = 0, key_return = 0;
  10   1              
  11   1              key_io = vKBD_KeyIO_State();
*** WARNING C206 IN LINE 11 OF Library\Device\KBD.c: 'vKBD_KeyIO_State': missing function-prototype
  12   1              switch(key_state)
  13   1              {
  14   2                      case KEY_NO:
  15   2                              if(key_io) key_state = KEY_DOWN;
  16   2                      break;
  17   2                      
  18   2                      case KEY_DOWN:
  19   2                              if(key_io)
  20   2                              {
  21   3                                      key_state = KEY_UP;
  22   3                                      key_return = key_io;
  23   3                              }
  24   2                              else
  25   2                                      key_state = KEY_NO;
  26   2                      break;
  27   2                              
  28   2                      case KEY_UP:
  29   2                              if(key_io==0) key_state = KEY_NO;
  30   2                      break;
  31   2              }
  32   1              return key_return;
  33   1      }
  34          
  35          unsigned char Trg_KBD;
  36          unsigned char Cont_KBD;
  37          void vKBD_Read_ThreeLine()
  38          {
  39   1              unsigned char ReadData = vKBD_KeyIO_ThreeLine() ^ 0xff;
*** WARNING C206 IN LINE 39 OF Library\Device\KBD.c: 'vKBD_KeyIO_ThreeLine': missing function-prototype
  40   1              Trg_KBD = ReadData & (ReadData ^ Cont_KBD);
  41   1              Cont_KBD = ReadData;
  42   1      }


MODULE INFORMATION:   STATIC OVERLAYABLE
   CODE SIZE        =     64    ----
   CONSTANT SIZE    =   ----    ----
   XDATA SIZE       =   ----    ----
   PDATA SIZE       =   ----    ----
   DATA SIZE        =      3       1
   IDATA SIZE       =   ----    ----
   BIT SIZE         =   ----    ----
C51 COMPILER V9.56.0.0   KBD                                                               10/12/2025 17:56:50 PAGE 2   

END OF MODULE INFORMATION.


C51 COMPILATION COMPLETE.  2 WARNING(S),  0 ERROR(S)
