C51 COMPILER V9.56.0.0   MAIN                                                              10/12/2025 17:56:50 PAGE 1   


C51 COMPILER V9.56.0.0, COMPILATION OF MODULE MAIN
OBJECT MODULE PLACED IN .\Objects\main.obj
COMPILER INVOKED BY: D:\keil c51v956\C51\BIN\C51.EXE main.c OPTIMIZE(8,SPEED) BROWSE INCDIR(.\Library\System;.\Library\D
                    -evice) DEBUG OBJECTEXTEND PRINT(.\Listings\main.lst) OBJECT(.\Objects\main.obj)

line level    source

   1          #include "system.h"
   2          
   3          HexToBin led_ctrl,uln_ctrl;
   4          
   5          void vSystem_Init(void)
   6          {
   7   1              vDevice_Ctrl(0xa0,0);
   8   1              led_ctrl.hex=0xff;
   9   1              vDevice_Ctrl(0x80,led_ctrl.hex);        
  10   1      }
  11          
  12          u8 vKBD_KeyIO_State()
  13          {
  14   1              u8 key_io = 0;
  15   1              P3=0xf0;P4=0xff;
  16   1              if(P44==0) key_io=4;
  17   1              if(P42==0) key_io=8;
  18   1              if(P35==0) key_io=12;
  19   1              if(P34==0) key_io=16;
  20   1              
  21   1              P3=0x0f;P4=0x00;
  22   1              if(P33==0) key_io+=0;
  23   1              if(P32==0) key_io+=1;
  24   1              if(P31==0) key_io+=2;
  25   1              if(P30==0) key_io+=3;
  26   1              
  27   1              return key_io;
  28   1      }
  29          
  30          u8 vKBD_KeyIO_ThreeLine()
  31          {
  32   1              u8 key_io = 0xff;
  33   1              P3=0xf0;P4=0xff;
  34   1              if(P44==0) key_io=0x70;
  35   1              if(P42==0) key_io=0xb0;
  36   1              if(P35==0) key_io=0xd0;
  37   1              if(P34==0) key_io=0xe0;
  38   1              
  39   1              P3=0x0f;P4=0x00;
  40   1              if(P33==0) key_io=key_io | 0x07;
  41   1              if(P32==0) key_io=key_io | 0x0b;
  42   1              if(P31==0) key_io=key_io | 0x0d;
  43   1              if(P30==0) key_io=key_io | 0x0e;
  44   1              
  45   1              return key_io;
  46   1      }
  47          
  48          u8 cnt_kbd;
  49          u8 kbd_number;
  50          u8 key_val;
  51          void vKBD_Process(void)
  52          {
  53   1              if(cnt_kbd>=10)
  54   1              {
C51 COMPILER V9.56.0.0   MAIN                                                              10/12/2025 17:56:50 PAGE 2   

  55   2                      cnt_kbd=0;
  56   2                      vKBD_Read_ThreeLine();
  57   2                      key_val = Cont_KBD;
  58   2                      if(Trg_KBD==0x88)
  59   2                      {
  60   3                              kbd_number++;
  61   3                      }
  62   2                      if(Trg_KBD==0x11)
  63   2                      {
  64   3                              kbd_number--;
  65   3                      }
  66   2              }
  67   1      }
  68          
  69          void vSMG_Process()
  70          {
  71   1              smg_buf[0]=smg_code[key_val/16];
  72   1              smg_buf[1]=smg_code[key_val%16];
  73   1              smg_buf[2]=0x00;
  74   1              smg_buf[3]=0x00;
  75   1              smg_buf[4]=0x00;
  76   1              smg_buf[5]=smg_code[kbd_number/100];
  77   1              smg_buf[6]=smg_code[kbd_number/10%10];
  78   1              smg_buf[7]=smg_code[kbd_number%10];
  79   1      }
  80          
  81          void main(void)
  82          {
  83   1              vSystem_Init();
  84   1              vTimer2_Init();
  85   1              while(1)
  86   1              {
  87   2                      vSMG_Process();
  88   2                      vKBD_Process();
  89   2              }
  90   1      }
  91          
  92          //ÖĐ¶Ď·ţÎńłĚĐň
  93          void vTimer2_ISR() interrupt 12     //ÖĐ¶ĎČëżÚ
  94          {
  95   1              cnt_kbd++;
  96   1              vSMG_Display();
  97   1      }


MODULE INFORMATION:   STATIC OVERLAYABLE
   CODE SIZE        =    293    ----
   CONSTANT SIZE    =   ----    ----
   XDATA SIZE       =   ----    ----
   PDATA SIZE       =   ----    ----
   DATA SIZE        =      5    ----
   IDATA SIZE       =   ----    ----
   BIT SIZE         =   ----    ----
END OF MODULE INFORMATION.


C51 COMPILATION COMPLETE.  0 WARNING(S),  0 ERROR(S)
