C51 COMPILER V9.56.0.0   BTN                                                               04/10/2026 12:29:38 PAGE 1   


C51 COMPILER V9.56.0.0, COMPILATION OF MODULE BTN
OBJECT MODULE PLACED IN .\Objects\btn.obj
COMPILER INVOKED BY: D:\keil c51v956\C51\BIN\C51.EXE library\device\btn.c OPTIMIZE(8,SPEED) BROWSE INCDIR(.\library\devi
                    -ce;.\library\system) DEBUG OBJECTEXTEND PRINT(.\Listings\btn.lst) OBJECT(.\Objects\btn.obj)

line level    source

   1          #include "btn.h"
   2          
   3          #define KEY_NO 0
   4          #define KEY_DOWN 1
   5          #define KEY_UP 2
   6          
   7          u8 vBTN_State_Read()
   8          {
   9   1              static u8 key_state=0;
  10   1              u8 key_io,key_val;
  11   1              key_io=P3&0x0f;
  12   1              switch(key_state)
  13   1              {
  14   2                      case KEY_NO:
  15   2                              if(key_io!=0x0f)
  16   2                                      key_state=KEY_DOWN;
  17   2                              break;
  18   2                      case KEY_DOWN:
  19   2                              if(key_io!=0x0f)
  20   2                              {
  21   3                                      if(key_io==0x0e) key_val=7;
  22   3                                      if(key_io==0x0d) key_val=6;
  23   3                                      if(key_io==0x0b) key_val=5;
  24   3                                      if(key_io==0x07) key_val=4;
  25   3                                      key_state=KEY_UP;
  26   3                              }
  27   2                              else
  28   2                                      key_state=KEY_NO;
  29   2                              break;
  30   2                      case KEY_UP:
  31   2                              if(key_io==0x0f)
  32   2                                      key_state=KEY_NO;
  33   2                              break;
  34   2              }
  35   1              return key_val;
  36   1      }


MODULE INFORMATION:   STATIC OVERLAYABLE
   CODE SIZE        =     64    ----
   CONSTANT SIZE    =   ----    ----
   XDATA SIZE       =   ----    ----
   PDATA SIZE       =   ----    ----
   DATA SIZE        =      1    ----
   IDATA SIZE       =   ----    ----
   BIT SIZE         =   ----    ----
END OF MODULE INFORMATION.


C51 COMPILATION COMPLETE.  0 WARNING(S),  0 ERROR(S)
