C51 COMPILER V9.56.0.0   DS1302                                                            04/10/2026 12:29:38 PAGE 1   


C51 COMPILER V9.56.0.0, COMPILATION OF MODULE DS1302
OBJECT MODULE PLACED IN .\Objects\ds1302.obj
COMPILER INVOKED BY: D:\keil c51v956\C51\BIN\C51.EXE library\device\ds1302.c OPTIMIZE(8,SPEED) BROWSE INCDIR(.\library\d
                    -evice;.\library\system) DEBUG OBJECTEXTEND PRINT(.\Listings\ds1302.lst) OBJECT(.\Objects\ds1302.obj)

line level    source

   1          /*      #       DS1302д»Јз ҒзүҮж®өиҜҙжҳҺ
   2                  1.      жң¬ж–Үд»¶еӨ№дёӯжҸҗдҫӣзҡ„й©ұеҠЁд»Јз ҒдҫӣеҸӮиөӣйҖүжүӢе®ҢжҲҗзЁӢеәҸи®ҫи®ЎеҸӮиҖғгҖӮ
   3                  2.      еҸӮиөӣйҖүжүӢеҸҜд»ҘиҮӘиЎҢзј–еҶҷзӣёе…ід»Јз ҒжҲ–д»ҘиҜҘд»Јз ҒдёәеҹәзЎҖпјҢж №жҚ®жүҖйҖүеҚ•зүҮжңәзұ»еһӢгҖҒиҝ
             -җиЎҢйҖҹеәҰе’ҢиҜ•йўҳ
   4                          дёӯеҜ№еҚ•зүҮжңәж—¶й’ҹйў‘зҺҮзҡ„иҰҒжұӮпјҢиҝӣиЎҢд»Јз Ғи°ғиҜ•е’Ңдҝ®ж”№гҖӮ
   5          */                                                              
   6          
   7          //
   8          
   9          #include "ds1302.h"
  10          
  11          sbit SCK=P1^7;
  12          sbit SDA=P2^3;
  13          sbit RST=P1^3;
  14          
  15          void Write_Ds1302(unsigned  char temp) 
  16          {
  17   1              unsigned char i;
  18   1              for (i=0;i<8;i++)       
  19   1              { 
  20   2                      SCK = 0;
  21   2                      SDA = temp&0x01;
  22   2                      temp>>=1; 
  23   2                      SCK=1;
  24   2              }
  25   1      }   
  26          
  27          //
  28          void Write_Ds1302_Byte( unsigned char address,unsigned char dat )     
  29          {
  30   1              RST=0;  _nop_();
  31   1              SCK=0;  _nop_();
  32   1              RST=1;  _nop_();  
  33   1              Write_Ds1302(address);  
  34   1              Write_Ds1302(dat);              
  35   1              RST=0; 
  36   1      }
  37          
  38          //
  39          unsigned char Read_Ds1302_Byte ( unsigned char address )
  40          {
  41   1              unsigned char i,temp=0x00;
  42   1              RST=0;  _nop_();
  43   1              SCK=0;  _nop_();
  44   1              RST=1;  _nop_();
  45   1              Write_Ds1302(address);
  46   1              for (i=0;i<8;i++)       
  47   1              {               
  48   2                      SCK=0;
  49   2                      temp>>=1;       
  50   2                      if(SDA)
  51   2                      temp|=0x80;     
  52   2                      SCK=1;
  53   2              } 
C51 COMPILER V9.56.0.0   DS1302                                                            04/10/2026 12:29:38 PAGE 2   

  54   1              RST=0;  _nop_();
  55   1              SCK=0;  _nop_();
  56   1              SCK=1;  _nop_();
  57   1              SDA=0;  _nop_();
  58   1              SDA=1;  _nop_();
  59   1              return (temp);                  
  60   1      }
  61          
  62          void vClock_init(u8 hour,u8 minute,u8 second)
  63          {
  64   1              Write_Ds1302_Byte(0x8e,0x00);
  65   1              Write_Ds1302_Byte(0x84,dectobcd(hour));
  66   1              Write_Ds1302_Byte(0x82,dectobcd(minute));
  67   1              Write_Ds1302_Byte(0x80,dectobcd(second));
  68   1              Write_Ds1302_Byte(0x8e,0x80);
  69   1      }


MODULE INFORMATION:   STATIC OVERLAYABLE
   CODE SIZE        =    175    ----
   CONSTANT SIZE    =   ----    ----
   XDATA SIZE       =   ----    ----
   PDATA SIZE       =   ----    ----
   DATA SIZE        =   ----    ----
   IDATA SIZE       =   ----    ----
   BIT SIZE         =   ----    ----
END OF MODULE INFORMATION.


C51 COMPILATION COMPLETE.  0 WARNING(S),  0 ERROR(S)
