C51 COMPILER V9.56.0.0   IIC                                                               04/10/2026 12:29:38 PAGE 1   


C51 COMPILER V9.56.0.0, COMPILATION OF MODULE IIC
OBJECT MODULE PLACED IN .\Objects\iic.obj
COMPILER INVOKED BY: D:\keil c51v956\C51\BIN\C51.EXE library\device\iic.c OPTIMIZE(8,SPEED) BROWSE INCDIR(.\library\devi
                    -ce;.\library\system) DEBUG OBJECTEXTEND PRINT(.\Listings\iic.lst) OBJECT(.\Objects\iic.obj)

line level    source

   1          /*      #   I2Cõ╗ŻńĀüńēćµ«ĄĶ»┤µśÄ
   2                  1.      µ£¼µ¢ćõ╗ČÕż╣õĖŁµÅÉõŠøńÜäķ®▒ÕŖ©õ╗ŻńĀüõŠøÕÅéĶĄøķĆēµēŗÕ«īµłÉń©ŗÕ║ÅĶ«ŠĶ«ĪÕÅéĶĆāŃĆé
   3                  2.      ÕÅéĶĄøķĆēµēŗÕÅ»õ╗źĶć¬ĶĪīń╝¢ÕåÖńøĖÕģ│õ╗ŻńĀüµł¢õ╗źĶ»źõ╗ŻńĀüõĖ║Õ¤║ńĪĆ’╝īµĀ╣µŹ«µēĆķĆēÕŹĢńēćµ£║ń▒╗Õ×ŗŃĆüĶ┐
             -ÉĶĪīķĆ¤Õ║”ÕÆīĶ»Ģķóś
   4                          õĖŁÕ»╣ÕŹĢńēćµ£║µŚČķÆ¤ķóæńÄćńÜäĶ”üµ▒é’╝īĶ┐øĶĪīõ╗ŻńĀüĶ░āĶ»ĢÕÆīõ┐«µö╣ŃĆé
   5          */
   6          
   7          #include "iic.h"
   8          
   9          sbit sda=P2^1;
  10          sbit scl=P2^0;
  11          
  12          #define DELAY_TIME      10
  13          
  14          void Delay5ms()         //@12.000MHz
  15          {
  16   1              unsigned char i, j;
  17   1      
  18   1              i = 59;
  19   1              j = 90;
  20   1              do
  21   1              {
  22   2                      while (--j);
  23   2              } while (--i);
  24   1      }
  25          
  26          //
  27          static void I2C_Delay(unsigned char n)
  28          {
  29   1          do
  30   1          {
  31   2              _nop_();_nop_();_nop_();_nop_();_nop_();
  32   2              _nop_();_nop_();_nop_();_nop_();_nop_();
  33   2              _nop_();_nop_();_nop_();_nop_();_nop_();                
  34   2          }
  35   1          while(n--);         
  36   1      }
  37          
  38          //
  39          void I2CStart(void)
  40          {
  41   1          sda = 1;
  42   1          scl = 1;
  43   1              I2C_Delay(DELAY_TIME);
  44   1          sda = 0;
  45   1              I2C_Delay(DELAY_TIME);
  46   1          scl = 0;    
  47   1      }
  48          
  49          //
  50          void I2CStop(void)
  51          {
  52   1          sda = 0;
  53   1          scl = 1;
C51 COMPILER V9.56.0.0   IIC                                                               04/10/2026 12:29:38 PAGE 2   

  54   1              I2C_Delay(DELAY_TIME);
  55   1          sda = 1;
  56   1              I2C_Delay(DELAY_TIME);
  57   1      }
  58          
  59          //
  60          void I2CSendByte(unsigned char byt)
  61          {
  62   1          unsigned char i;
  63   1              
  64   1          for(i=0; i<8; i++){
  65   2              scl = 0;
  66   2                      I2C_Delay(DELAY_TIME);
  67   2              if(byt & 0x80){
  68   3                  sda = 1;
  69   3              }
  70   2              else{
  71   3                  sda = 0;
  72   3              }
  73   2                      I2C_Delay(DELAY_TIME);
  74   2              scl = 1;
  75   2              byt <<= 1;
  76   2                      I2C_Delay(DELAY_TIME);
  77   2          }
  78   1              
  79   1          scl = 0;  
  80   1      }
  81          
  82          //
  83          unsigned char I2CReceiveByte(void)
  84          {
  85   1              unsigned char da;
  86   1              unsigned char i;
  87   1              for(i=0;i<8;i++){   
  88   2                      scl = 1;
  89   2                      I2C_Delay(DELAY_TIME);
  90   2                      da <<= 1;
  91   2                      if(sda) 
  92   2                              da |= 0x01;
  93   2                      scl = 0;
  94   2                      I2C_Delay(DELAY_TIME);
  95   2              }
  96   1              return da;    
  97   1      }
  98          
  99          //
 100          unsigned char I2CWaitAck(void)
 101          {
 102   1              unsigned char ackbit;
 103   1              
 104   1          scl = 1;
 105   1              I2C_Delay(DELAY_TIME);
 106   1          ackbit = sda; 
 107   1          scl = 0;
 108   1              I2C_Delay(DELAY_TIME);
 109   1              
 110   1              return ackbit;
 111   1      }
 112          
 113          //
 114          void I2CSendAck(unsigned char ackbit)
 115          {
C51 COMPILER V9.56.0.0   IIC                                                               04/10/2026 12:29:38 PAGE 3   

 116   1          scl = 0;
 117   1          sda = ackbit; 
 118   1              I2C_Delay(DELAY_TIME);
 119   1          scl = 1;
 120   1              I2C_Delay(DELAY_TIME);
 121   1          scl = 0; 
 122   1              sda = 1;
 123   1              I2C_Delay(DELAY_TIME);
 124   1      }
 125          
 126          u8 ucRead_ADC(u8 dat)
 127          {
 128   1              u8 adc_val;
 129   1              I2CStart();
 130   1              I2CSendByte(0x90);
 131   1              I2CWaitAck();
 132   1              I2CSendByte(dat);
 133   1              I2CWaitAck();
 134   1              
 135   1              I2CStart();
 136   1              I2CSendByte(0x91);
 137   1              I2CWaitAck();
 138   1              adc_val=I2CReceiveByte();
 139   1              I2CSendAck(1);
 140   1              I2CStop();
 141   1              return adc_val;
 142   1      }
 143          
 144          void vWrite_DAC(u8 dat)
 145          {
 146   1              I2CStart();
 147   1              I2CSendByte(0x90);
 148   1              I2CWaitAck();
 149   1              I2CSendByte(0x40);
 150   1              I2CWaitAck();
 151   1              I2CSendByte(dat);
 152   1              I2CWaitAck();
 153   1              I2CStop();
 154   1      }
 155          
 156          void vAT24C02_Write(u8 add,u8 dat)
 157          {
 158   1              I2CStart();
 159   1              I2CSendByte(0xa0);
 160   1              I2CWaitAck();
 161   1              I2CSendByte(add);
 162   1              I2CWaitAck();
 163   1              I2CSendByte(dat);
 164   1              I2CWaitAck();
 165   1              I2CStop();
 166   1              Delay5ms();
 167   1      }
 168          
 169          u8 ucAT24C02_Read(u8 add)
 170          {
 171   1              u8 dat;
 172   1              I2CStart();
 173   1              I2CSendByte(0xa0);
 174   1              I2CWaitAck();
 175   1              I2CSendByte(add);
 176   1              I2CWaitAck();
 177   1              
C51 COMPILER V9.56.0.0   IIC                                                               04/10/2026 12:29:38 PAGE 4   

 178   1              I2CStart();
 179   1              I2CSendByte(0xa1);
 180   1              I2CWaitAck();
 181   1              dat=I2CReceiveByte();
 182   1              I2CSendAck(1);
 183   1              I2CStop();
 184   1              return dat;
 185   1      }


MODULE INFORMATION:   STATIC OVERLAYABLE
   CODE SIZE        =    293    ----
   CONSTANT SIZE    =   ----    ----
   XDATA SIZE       =   ----    ----
   PDATA SIZE       =   ----    ----
   DATA SIZE        =   ----    ----
   IDATA SIZE       =   ----    ----
   BIT SIZE         =   ----    ----
END OF MODULE INFORMATION.


C51 COMPILATION COMPLETE.  0 WARNING(S),  0 ERROR(S)
