C51 COMPILER V9.56.0.0   MAIN                                                              07/28/2025 21:27:26 PAGE 1   


C51 COMPILER V9.56.0.0, COMPILATION OF MODULE MAIN
OBJECT MODULE PLACED IN .\Objects\main.obj
COMPILER INVOKED BY: D:\keil c51v956\C51\BIN\C51.EXE main.c OPTIMIZE(8,SPEED) BROWSE INCDIR(.\Library\System;.\Library\D
                    -evice) DEBUG OBJECTEXTEND PRINT(.\Listings\main.lst) OBJECT(.\Objects\main.obj)

line level    source

   1          #include <STC15F2K60S2.H>
   2          #include <intrins.h>
   3          #include "Delay.h"
   4          #include "Device.h"
   5          
   6          unsigned char led_ctrl[9];
   7          
   8          void vSystem_Init(void)
   9          {
  10   1              vDevice_Ctrl(0xa0,0);
  11   1      }
  12          
  13          void vLED_Running_L1_L8(void)
  14          {
  15   1              static unsigned char led_shift=0;
  16   1              vDevice_Ctrl(0x80,~(0x01<<led_shift));
  17   1              led_shift++;
  18   1              if(led_shift==8)        led_shift=0;
  19   1      }
  20          
  21          void vLED_Running_L8_L1(void)
  22          {
  23   1              static unsigned char led_shift;
  24   1              vDevice_Ctrl(0x80,~(0x80>>led_shift));
  25   1              led_shift = (led_shift + 1) % 8;
  26   1      }
  27          
  28          void vLED_Running_L2_L4_L6_L8(void)
  29          {
  30   1              static unsigned char led_shift;
  31   1              vDevice_Ctrl(0x80,~(0x02<<led_shift));
  32   1              led_shift = (led_shift + 2) % 8;
  33   1      }
  34          
  35          void main(void)
  36          {
  37   1              vSystem_Init();
  38   1              led_ctrl[1]=1;led_ctrl[3]=1;led_ctrl[7]=1;led_ctrl[8]=1;
  39   1              vDevice_Ctrl(0x80,~(led_ctrl[8]<<7 | led_ctrl[7]<<6 | led_ctrl[5]<<4 | led_ctrl[3]<<2 | led_ctrl[2]<<1 | 
             -led_ctrl[1]));
  40   1              while(1)
  41   1              {
  42   2                      vLED_Running_L2_L4_L6_L8();
  43   2                      vDelay_Ms(200);
  44   2              }
  45   1      }


MODULE INFORMATION:   STATIC OVERLAYABLE
   CODE SIZE        =    169    ----
   CONSTANT SIZE    =   ----    ----
   XDATA SIZE       =   ----    ----
   PDATA SIZE       =   ----    ----
   DATA SIZE        =     12    ----
C51 COMPILER V9.56.0.0   MAIN                                                              07/28/2025 21:27:26 PAGE 2   

   IDATA SIZE       =   ----    ----
   BIT SIZE         =   ----    ----
END OF MODULE INFORMATION.


C51 COMPILATION COMPLETE.  0 WARNING(S),  0 ERROR(S)
