C51 COMPILER V9.56.0.0   DS1302                                                            03/04/2026 22:18:57 PAGE 1   


C51 COMPILER V9.56.0.0, COMPILATION OF MODULE DS1302
OBJECT MODULE PLACED IN .\Objects\ds1302.obj
COMPILER INVOKED BY: D:\keil c51v956\C51\BIN\C51.EXE Library\Device\ds1302.c OMF2 OPTIMIZE(8,SPEED) REGFILE(.\Objects\IA
                    -P15_Project.ORC) BROWSE INCDIR(.\Library\System;.\Library\Device) DEBUG PRINT(.\Listings\ds1302.lst) OBJECT(.\Objects\ds
                    -1302.obj)

line level    source

   1          /*
   2            ³ĢŠņĖµĆ÷: DS1302Ēż¶Æ³ĢŠņ
   3            Čķ¼ž»·¾³: Keil uVision 4.10 
   4            Ó²¼ž»·¾³: CT107µ„Ę¬»ś×ŪŗĻŹµŃµĘ½ĢØ 8051£¬12MHz
   5            ČÕ    ĘŚ: 2011-8-9
   6          */
   7          
   8          #include "ds1302.h"
   9          
  10          sbit SCK=P1^7;          
  11          sbit IO=P2^3;           
  12          sbit CE = P1^3;   // DS1302ø“Ī»                                                                                         
  13          
  14          void Write_Ds1302(unsigned  char temp) 
  15          {
  16   1              unsigned char i;
  17   1              for (i=0;i<8;i++)       
  18   1              { 
  19   2                      SCK=0;
  20   2                      IO=temp&0x01;
  21   2                      temp>>=1; 
  22   2                      SCK=1;
  23   2              }
  24   1      }   
  25          
  26          void Write_Ds1302_Byte( unsigned char address,unsigned char dat )     
  27          {
  28   1              CE=0;   _nop_();
  29   1              SCK=0;  _nop_();
  30   1              CE=1;   _nop_();  
  31   1              Write_Ds1302(address);  
  32   1              Write_Ds1302(dat);              
  33   1              CE=0; 
  34   1      }
  35          
  36          unsigned char Read_Ds1302_Byte ( unsigned char address )
  37          {
  38   1              unsigned char i,temp=0x00;
  39   1              CE=0;   _nop_();
  40   1              SCK=0;  _nop_();
  41   1              CE=1;   _nop_();
  42   1              Write_Ds1302(address);
  43   1              for (i=0;i<8;i++)       
  44   1              {               
  45   2                      SCK=0;
  46   2                      temp>>=1;       
  47   2                      if(IO)
  48   2                      temp|=0x80;     
  49   2                      SCK=1;
  50   2              } 
  51   1              CE=0;   _nop_();
  52   1              SCK=0;  _nop_();
  53   1              SCK=1;  _nop_();
C51 COMPILER V9.56.0.0   DS1302                                                            03/04/2026 22:18:57 PAGE 2   

  54   1              IO=0;   _nop_();
  55   1              IO=1;   _nop_();
  56   1              return (temp);                  
  57   1      }
  58          
  59          
  60          //----------ŅŌĻĀŗÆŹżŠčŅŖ×Ō¼ŗŹµĻÖ-----------------//
  61          void vClock_Set(u8 hour,u8 minute,u8 second)
  62          {
  63   1              Write_Ds1302_Byte(0x8e,0x00);   //¹Ų±ÕŠ“±£»¤
  64   1              Write_Ds1302_Byte(0x80,DecToBCD(second));
  65   1              Write_Ds1302_Byte(0x82,DecToBCD(minute));
  66   1              Write_Ds1302_Byte(0x84,DecToBCD(hour));
  67   1              Write_Ds1302_Byte(0x8e,0x80);   //“ņæŖŠ“±£»¤
  68   1      }


MODULE INFORMATION:   STATIC OVERLAYABLE
   CODE SIZE        =    175    ----
   CONSTANT SIZE    =   ----    ----
   XDATA SIZE       =   ----    ----
   PDATA SIZE       =   ----    ----
   DATA SIZE        =   ----    ----
   IDATA SIZE       =   ----    ----
   BIT SIZE         =   ----    ----
   EDATA SIZE       =   ----    ----
   HDATA SIZE       =   ----    ----
   XDATA CONST SIZE =   ----    ----
   FAR CONST SIZE   =   ----    ----
END OF MODULE INFORMATION.


C51 COMPILATION COMPLETE.  0 WARNING(S),  0 ERROR(S)
