C51 COMPILER V9.56.0.0   NE555                                                             03/04/2026 22:18:57 PAGE 1   


C51 COMPILER V9.56.0.0, COMPILATION OF MODULE NE555
OBJECT MODULE PLACED IN .\Objects\NE555.obj
COMPILER INVOKED BY: D:\keil c51v956\C51\BIN\C51.EXE Library\Device\NE555.c OMF2 OPTIMIZE(8,SPEED) REGFILE(.\Objects\IAP
                    -15_Project.ORC) BROWSE INCDIR(.\Library\System;.\Library\Device) DEBUG PRINT(.\Listings\NE555.lst) OBJECT(.\Objects\NE55
                    -5.obj)

line level    source

   1          #include "NE555.h"
   2          
   3          void vCounter0_Init(void)
   4          {
   5   1          TMOD |= 0x05;  //定时器0/计数器0配置成计数模模式
   6   1                                         //且不自动重载
   7   1          TL0 = 0x00;   //TL0初值为0
   8   1          TH0 = 0x00;   //TH0初值为0
   9   1          TR0 = 1;      //启动计数器
  10   1      }
  11          
  12          //NE555频率测量
  13          u16 cnt_ne555;
  14          u16 freq_ne555;
  15          void vNE555_Process()   //需要放在1ms定时器2中断里执行
  16          {
  17   1              cnt_ne555++;
  18   1              if(cnt_ne555>=1000)             //精确的1s
  19   1              {
  20   2                      cnt_ne555=0;
  21   2                      freq_ne555 = (TH0<<8)|TL0;
  22   2                      TL0 = 0;
  23   2                      TH0 = 0;
  24   2              }
  25   1      }


MODULE INFORMATION:   STATIC OVERLAYABLE
   CODE SIZE        =     49    ----
   CONSTANT SIZE    =   ----    ----
   XDATA SIZE       =   ----    ----
   PDATA SIZE       =   ----    ----
   DATA SIZE        =      4    ----
   IDATA SIZE       =   ----    ----
   BIT SIZE         =   ----    ----
   EDATA SIZE       =   ----    ----
   HDATA SIZE       =   ----    ----
   XDATA CONST SIZE =   ----    ----
   FAR CONST SIZE   =   ----    ----
END OF MODULE INFORMATION.


C51 COMPILATION COMPLETE.  0 WARNING(S),  0 ERROR(S)
