C51 COMPILER V9.56.0.0   BTN                                                               01/03/2026 10:34:07 PAGE 1   


C51 COMPILER V9.56.0.0, COMPILATION OF MODULE BTN
OBJECT MODULE PLACED IN .\Objects\BTN.obj
COMPILER INVOKED BY: D:\keil c51v956\C51\BIN\C51.EXE library\device\BTN.c OPTIMIZE(8,SPEED) BROWSE INCDIR(.\library\devi
                    -ce;.\library\system) DEBUG OBJECTEXTEND PRINT(.\Listings\BTN.lst) OBJECT(.\Objects\BTN.obj)

line level    source

   1          #include "BTN.h"
   2          
   3          #define KEY_NO 0
   4          #define KEY_DOWN 1
   5          #define KEY_UP 2
   6          
   7          u8 ucBTN_Read()
   8          {
   9   1              static u8 key_state=0;
  10   1              u8 key_val=0,key_io=0;
  11   1              key_io=P3&0x0f;
  12   1              switch(key_state)
  13   1              {
  14   2                      case KEY_NO:
  15   2                              if(key_io!=0x0f)
  16   2                                      key_state=KEY_DOWN;
  17   2                              break;
  18   2                      case KEY_DOWN:
  19   2                              if(key_io!=0x0f)
  20   2                              {
  21   3                                      if(key_io==0x0e)
  22   3                                              key_val=7;
  23   3                                      if(key_io==0x0d)
  24   3                                              key_val=6;
  25   3                                      if(key_io==0x0b)
  26   3                                              key_val=5;
  27   3                                      if(key_io==0x07)
  28   3                                              key_val=4;
  29   3                                      key_state=KEY_UP;
  30   3                              }
  31   2                              else
  32   2                                      key_state=KEY_NO;
  33   2                              break;
  34   2                      case KEY_UP:
  35   2                              if(key_io==0x0f)
  36   2                                      key_state=KEY_NO;
  37   2                              break;
  38   2              }
  39   1                      return key_val;
  40   1      }


MODULE INFORMATION:   STATIC OVERLAYABLE
   CODE SIZE        =     66    ----
   CONSTANT SIZE    =   ----    ----
   XDATA SIZE       =   ----    ----
   PDATA SIZE       =   ----    ----
   DATA SIZE        =      1    ----
   IDATA SIZE       =   ----    ----
   BIT SIZE         =   ----    ----
END OF MODULE INFORMATION.


C51 COMPILATION COMPLETE.  0 WARNING(S),  0 ERROR(S)
