C51 COMPILER V9.56.0.0   MAIN                                                              01/03/2026 10:34:07 PAGE 1   


C51 COMPILER V9.56.0.0, COMPILATION OF MODULE MAIN
OBJECT MODULE PLACED IN .\Objects\main.obj
COMPILER INVOKED BY: D:\keil c51v956\C51\BIN\C51.EXE main.c OPTIMIZE(8,SPEED) BROWSE INCDIR(.\library\device;.\library\s
                    -ystem) DEBUG OBJECTEXTEND PRINT(.\Listings\main.lst) OBJECT(.\Objects\main.obj)

line level    source

   1          #include "system.h"
   2          
   3          u8 set_disp_mode=0;
   4          u8 set_time=5;
   5          u8 match_time=0;
   6          u16 cnt_match_time=0;
   7          u8 k=0,j=0;
   8          
   9          void vSystem_init()
  10          {
  11   1              vP2P0_ctrl(0xa0, 0);
  12   1              vP2P0_ctrl(0x80,0xff);
  13   1      }
  14          
  15          u8 cnt_btn;
  16          u8 key_val;
  17          void vBTN_Process()
  18          {
  19   1              if(cnt_btn>=10)
  20   1              {
  21   2                      cnt_btn=0;
  22   2                      key_val=ucBTN_Read();
  23   2                      if(set_disp_mode==1)
  24   2                      {
  25   3                              if(key_val==6)
  26   3                                      set_time--;     
  27   3                              if(key_val==7)
  28   3                                      set_time++;     
  29   3                      }
  30   2              }       
  31   1      }
  32          
  33          u8 cnt_adc;
  34          u8 ch1;
  35          void vADC_Process()
  36          {
  37   1              if(cnt_adc>=10)
  38   1              {
  39   2                      cnt_adc=0;
  40   2                      EA=0;
  41   2                      ch1=ucADC_Read(0x41);
  42   2                      EA=1;
  43   2              }
  44   1      }
  45          
  46          
  47          void vLED_Process()
  48          {
  49   1              u8 led_ctrl=0xff;
  50   1              static u8 led_old = 0xFF;
  51   1              if(set_disp_mode==0)
  52   1                      led_ctrl&=~0x01;
  53   1              else
  54   1                      led_ctrl |=0x01;
C51 COMPILER V9.56.0.0   MAIN                                                              01/03/2026 10:34:07 PAGE 2   

  55   1              if(set_disp_mode==1)
  56   1                      led_ctrl &=~0x02;
  57   1              else
  58   1                      led_ctrl|=0x02;
  59   1              if(set_disp_mode==2)
  60   1                      led_ctrl &=~0x04;
  61   1              else
  62   1                      led_ctrl|=0x04;
  63   1              if(set_disp_mode==3)
  64   1                      led_ctrl &=~0x08;
  65   1              else
  66   1                      led_ctrl|=0x08;
  67   1          if(led_ctrl != led_old)
  68   1          {
  69   2              vP2P0_ctrl(0x80,led_ctrl);
  70   2              led_old = led_ctrl; // ¸üĐÂľÉ×´Ě¬
  71   2          }
  72   1      }
  73          
  74          void vSmg_Process()
  75          {
  76   1              if(set_disp_mode==0)
  77   1              {
  78   2                      smg_buf[0]=0x76;
  79   2                      smg_buf[1]=0x79;
  80   2                      smg_buf[2]=0x38;
  81   2                      smg_buf[3]=0x38;
  82   2                      smg_buf[4]=smg_code[0];
  83   2                      smg_buf[5]=0x00;
  84   2                      smg_buf[6]=0x00;
  85   2                      smg_buf[7]=0x00;
  86   2                      if(ch1<110)
  87   2                      {
  88   3                              set_disp_mode=1;
  89   3                      }
  90   2                              P3&=0x0f;
  91   2                              if(P3==0x00)
  92   2                              {
  93   3                                      set_disp_mode=2;
  94   3                              }
  95   2                      match_time=set_time;
  96   2                      if(set_time>99)
  97   2                              set_time=0;                     
  98   2              }
  99   1      
 100   1              if(set_disp_mode==1)
 101   1              {
 102   2                      smg_buf[0]=0x3e;
 103   2                      smg_buf[1]=0x00;
 104   2                      smg_buf[2]=0x00;
 105   2                      smg_buf[3]=0x00;
 106   2                      smg_buf[4]=0x00;
 107   2                      smg_buf[5]=0x00;
 108   2                      if(set_time>=10)
 109   2                              smg_buf[6]=smg_code[set_time/10];
 110   2                      else 
 111   2                              smg_buf[6]=smg_code[0];
 112   2                      smg_buf[7]=smg_code[set_time%10];
 113   2                      if(ch1>=110)
 114   2                      {
 115   3                              set_disp_mode=0;
 116   3                      }
C51 COMPILER V9.56.0.0   MAIN                                                              01/03/2026 10:34:07 PAGE 3   

 117   2              }
 118   1              if(set_disp_mode==2)
 119   1              {
 120   2                      smg_buf[0]=0x77;
 121   2                      smg_buf[1]=0x00;
 122   2                      smg_buf[2]=0x00;
 123   2                      smg_buf[3]=0x00;
 124   2                      smg_buf[4]=0x00;
 125   2                      smg_buf[5]=0x00;
 126   2                      if(match_time>=10)
 127   2                              smg_buf[6]=smg_code[match_time/10];
 128   2                      else 
 129   2                              smg_buf[6]=smg_code[0];
 130   2                      smg_buf[7]=smg_code[match_time%10];
 131   2                      if(cnt_match_time>=1000)
 132   2                      {
 133   3                              cnt_match_time=0;
 134   3                              match_time--;
 135   3                      }
 136   2                      if(match_time>99)
 137   2                              match_time=0;
 138   2                      if(match_time==0)
 139   2                              set_disp_mode=3;
 140   2                      P3&=0x0f;
 141   2                      if(P3!=0x00)
 142   2                              set_disp_mode=3;
 143   2              }
 144   1              if(set_disp_mode==3)
 145   1              {
 146   2                      smg_buf[0]=0x79;
 147   2                      smg_buf[1]=0x00;
 148   2                      smg_buf[2]=0x00;
 149   2                      smg_buf[3]=0x00;
 150   2                      smg_buf[4]=0x00;
 151   2                      smg_buf[5]=0x00;
 152   2                      if(k==0)
 153   2                      {
 154   3                              P3=0x0f;
 155   3                              if(P3==0x01)
 156   3                              {
 157   4                                      smg_buf[6]=0x00;
 158   4                                      smg_buf[7]=smg_code[7];
 159   4                              }
 160   3                              else if(P3==0x02)
 161   3                              {
 162   4                                      smg_buf[6]=0x00;
 163   4                                      smg_buf[7]=smg_code[6];
 164   4                              }
 165   3                              else if(P3==0x04)
 166   3                              {
 167   4                                      smg_buf[6]=0x00;
 168   4                                      smg_buf[7]=smg_code[5];
 169   4                              }
 170   3                              else if(P3==0x08)
 171   3                              {
 172   4                                      smg_buf[6]=0x00;
 173   4                                      smg_buf[7]=smg_code[4];
 174   4                              }
 175   3                              else
 176   3                              {
 177   4                                      smg_buf[6]=0x79;
 178   4                                      smg_buf[7]=0x79;
C51 COMPILER V9.56.0.0   MAIN                                                              01/03/2026 10:34:07 PAGE 4   

 179   4                              }
 180   3                              k=1;
 181   3                      }
 182   2                      P3&=0x0f;
 183   2                      if(P3==0x0f)
 184   2                      {
 185   3                              j=1;
 186   3                      }
 187   2                      if(j==1)
 188   2                      {
 189   3                              P3&=0x0f;
 190   3                              if(P3!=0x0f)
 191   3                              {
 192   4                                      j=0;
 193   4                                      k=0;
 194   4                                      set_disp_mode=0;
 195   4                              }
 196   3                      }
 197   2              }
 198   1      }
 199          
 200          void main()
 201          {
 202   1              vSystem_init();
 203   1              Timer2Init();
 204   1              
 205   1              while(1)
 206   1              {
 207   2                      vBTN_Process();
 208   2                      vSmg_Process();
 209   2                      vADC_Process();
 210   2                      vLED_Process();
 211   2              }
 212   1      }
 213          
 214          void t2_init() interrupt 12
 215          {
 216   1              cnt_btn++;
 217   1              vSmg_Display();
 218   1              cnt_adc++;
 219   1              cnt_match_time++;
 220   1      }


MODULE INFORMATION:   STATIC OVERLAYABLE
   CODE SIZE        =    580    ----
   CONSTANT SIZE    =   ----    ----
   XDATA SIZE       =   ----    ----
   PDATA SIZE       =   ----    ----
   DATA SIZE        =     12       1
   IDATA SIZE       =   ----    ----
   BIT SIZE         =   ----    ----
END OF MODULE INFORMATION.


C51 COMPILATION COMPLETE.  0 WARNING(S),  0 ERROR(S)
