C51 COMPILER V9.56.0.0   MAIN                                                              09/07/2025 13:03:59 PAGE 1   


C51 COMPILER V9.56.0.0, COMPILATION OF MODULE MAIN
OBJECT MODULE PLACED IN .\Objects\main.obj
COMPILER INVOKED BY: D:\keil c51v956\C51\BIN\C51.EXE main.c OPTIMIZE(8,SPEED) BROWSE INCDIR(.\Library\System;.\Library\D
                    -evice) DEBUG OBJECTEXTEND PRINT(.\Listings\main.lst) OBJECT(.\Objects\main.obj)

line level    source

   1          #include "system.h"
   2          
   3          HexToBin led_ctrl,uln_ctrl;
   4          
   5          void vSystem_Init(void)
   6          {
   7   1              vDevice_Ctrl(0xa0,0);
   8   1              led_ctrl.hex=0xff;
   9   1              vDevice_Ctrl(0x80,led_ctrl.hex);        
  10   1      }
  11          
  12          u8 temperature;
  13          u32 temp_float;
  14          u8 cnt_temp;
  15          void vDS18B20_Read()
  16          {
  17   1              if(cnt_temp>=100)
  18   1              {
  19   2                      cnt_temp=0;
  20   2      //              temperature =(u8)fRead_temperature();
  21   2                      temp_float =(u32) (fRead_temperature()*10000);
  22   2              }
  23   1      }
  24          
  25          void vSMG_Process()
  26          {
  27   1              smg_buf[0]=smg_code[temperature/10];
  28   1              smg_buf[1]=smg_code[temperature%10];
  29   1              smg_buf[2]=smg_code[temp_float/100000];
  30   1              smg_buf[3]=smg_code[temp_float/10000%10]|0x80;
  31   1              smg_buf[4]=smg_code[temp_float/1000%10];
  32   1              smg_buf[5]=smg_code[temp_float/100%10];
  33   1              smg_buf[6]=smg_code[temp_float/10%10];
  34   1              smg_buf[7]=smg_code[temp_float%10];
  35   1      }
  36          
  37          void main(void)
  38          {
  39   1              vSystem_Init();
  40   1              vTimer2_Init();
  41   1              while(1)
  42   1              {
  43   2                      vSMG_Process();
  44   2                      vDS18B20_Read();
  45   2              }
  46   1      }
  47          
  48          //ÖĐ¶Ď·ţÎńłĚĐň
  49          void vTimer2_ISR() interrupt 12     //ÖĐ¶ĎČëżÚ
  50          {
  51   1              cnt_temp++;
  52   1              vSMG_Display();
  53   1      }

C51 COMPILER V9.56.0.0   MAIN                                                              09/07/2025 13:03:59 PAGE 2   


MODULE INFORMATION:   STATIC OVERLAYABLE
   CODE SIZE        =    380    ----
   CONSTANT SIZE    =   ----    ----
   XDATA SIZE       =   ----    ----
   PDATA SIZE       =   ----    ----
   DATA SIZE        =      8    ----
   IDATA SIZE       =   ----    ----
   BIT SIZE         =   ----    ----
END OF MODULE INFORMATION.


C51 COMPILATION COMPLETE.  0 WARNING(S),  0 ERROR(S)
