C51 COMPILER V9.56.0.0   KBD                                                               12/05/2025 23:02:23 PAGE 1   


C51 COMPILER V9.56.0.0, COMPILATION OF MODULE KBD
OBJECT MODULE PLACED IN .\Objects\kbd.obj
COMPILER INVOKED BY: D:\keil c51v956\C51\BIN\C51.EXE library\device\kbd.c OPTIMIZE(8,SPEED) BROWSE INCDIR(.\library\devi
                    -ce;.\library\system) DEBUG OBJECTEXTEND PRINT(.\Listings\kbd.lst) OBJECT(.\Objects\kbd.obj)

line level    source

   1          #include "kbd.h"
   2          
   3          u8 kbd_keyio_state()
   4          {
   5   1              u8 key_io=0;
   6   1              P3=0xf0;P4=0xff;
   7   1              if(P44==0) key_io=4;
   8   1              if(P42==0) key_io=8;
   9   1              if(P35==0) key_io=12;
  10   1              if(P34==0) key_io=16;
  11   1              
  12   1              P3=0x0f;P4=0x00;
  13   1              if(P33==0) key_io+=0;
  14   1              if(P32==0) key_io+=1;
  15   1              if(P31==0) key_io+=2;
  16   1              if(P30==0) key_io+=3;
  17   1              
  18   1              return key_io;
  19   1      }
  20          
  21          u8 kbd_read_state()
  22          {
  23   1              static key_state=0;
  24   1              u8 key_io=0,key_return=0;
  25   1              key_io=kbd_keyio_state();
  26   1              switch(key_state)
  27   1              {
  28   2                      case 0:
  29   2                              if(key_io) key_state=1;
  30   2                      break;
  31   2                      case 1:
  32   2                              if(key_io)
  33   2                              {
  34   3                                      key_state=2;
  35   3                                      key_return=key_io;
  36   3                              }
  37   2                              else key_state=0;
  38   2                              break;
  39   2                      case 2:
  40   2                              if(key_io==0) key_state=0;
  41   2                      break;
  42   2              }
  43   1              return key_return;
  44   1      }


MODULE INFORMATION:   STATIC OVERLAYABLE
   CODE SIZE        =    108    ----
   CONSTANT SIZE    =   ----    ----
   XDATA SIZE       =   ----    ----
   PDATA SIZE       =   ----    ----
   DATA SIZE        =      2    ----
   IDATA SIZE       =   ----    ----
   BIT SIZE         =   ----    ----
C51 COMPILER V9.56.0.0   KBD                                                               12/05/2025 23:02:23 PAGE 2   

END OF MODULE INFORMATION.


C51 COMPILATION COMPLETE.  0 WARNING(S),  0 ERROR(S)
