C51 COMPILER V9.56.0.0   MAIN                                                              12/05/2025 23:02:23 PAGE 1   


C51 COMPILER V9.56.0.0, COMPILATION OF MODULE MAIN
OBJECT MODULE PLACED IN .\Objects\main.obj
COMPILER INVOKED BY: D:\keil c51v956\C51\BIN\C51.EXE main.c OPTIMIZE(8,SPEED) BROWSE INCDIR(.\library\device;.\library\s
                    -ystem) DEBUG OBJECTEXTEND PRINT(.\Listings\main.lst) OBJECT(.\Objects\main.obj)

line level    source

   1          #include "system.h"
   2          
   3          u8 buzzer_ctrl;
   4          
   5          void system_init()
   6          {
   7   1              P2P0_ctrl(0xa0,0);
   8   1              P2P0_ctrl(0x80,0xff);
   9   1      }
  10          
  11          u8 seg_disp_mode;
  12          u8 cnt_kbd;
  13          u8 key_val;
  14          u8 keyio_val;
  15          u8 seg_find_mode;
  16          u8 hour,second,minute;
  17          // 定义3组触发时间的存储变量
  18          u8 hour1[3] = {0}, minute1[3] = {0}, second1[3] = {0};
  19          
  20          u16 cnt_sonic;
  21          u16 dist_sonic;
  22          void vSonic_Process()
  23          {
  24   1              if(cnt_sonic>=100)
  25   1              {
  26   2                      cnt_sonic=0;
  27   2                      dist_sonic=uiDistance_Get();
  28   2              }
  29   1      
  30   1      }
  31          
  32          void kbd_proc()
  33          {
  34   1              if(cnt_kbd>=10)
  35   1              {
  36   2                      cnt_kbd=0;
  37   2                      key_val=kbd_read_state();
  38   2                      keyio_val=kbd_keyio_state();
  39   2                      if(key_val==4)  // S4 切换界面
  40   2                      {
  41   3                              seg_disp_mode=(seg_disp_mode+1)%3;
  42   3                      }
  43   2                      if(key_val==5)  // S5 记录界面子界面切换
  44   2                      {
  45   3                              if(seg_disp_mode==2)
  46   3                              {
  47   4                                      seg_find_mode=(seg_find_mode+1)%3;
  48   4                              }
  49   3                      }
  50   2              if(key_val == 8)  // S8：清空所有记录
  51   2              {
  52   3                  if(seg_disp_mode == 2)  // 仅在记录界面生效
  53   3                  {
  54   4                      // 清空所有记录（数组元素全部置0）
C51 COMPILER V9.56.0.0   MAIN                                                              12/05/2025 23:02:23 PAGE 2   

  55   4                                      u8 i;
  56   4                      for( i=0; i<3; i++)
  57   4                      {
  58   5                          hour1[i] = 0;
  59   5                          minute1[i] = 0;
  60   5                          second1[i] = 0;
  61   5                      }
  62   4                  }
  63   3              }
  64   2                      if(keyio_val==9)  // S9 消除报警状态
  65   2                      {
  66   3                              buzzer_ctrl=0;
  67   3                              P2P0_ctrl(0xa0,buzzer_ctrl<<6);                 
  68   3                      }
  69   2                      else
  70   2                              {
  71   3                              if(dist_sonic<30)  // 报警状态由buzzer_ctrl控制
  72   3                              {
  73   4                                      buzzer_ctrl=1;
  74   4                                      P2P0_ctrl(0xa0,buzzer_ctrl<<6);                 
  75   4                              }
  76   3                              else
  77   3                              {
  78   4                                      buzzer_ctrl=0;
  79   4                                      P2P0_ctrl(0xa0,buzzer_ctrl<<6);                 
  80   4                              }
  81   3                              }       
  82   2              }
  83   1      }
  84          
  85          void ds1302_process()
  86          {
  87   1              second=bcdtodec(Read_Ds1302_Byte(0x81));
  88   1              minute=bcdtodec(Read_Ds1302_Byte(0x83));
  89   1              hour=bcdtodec(Read_Ds1302_Byte(0x85));
  90   1      }
  91          
  92          
  93          
  94          void vReti()
  95          {
  96   1              static u8 trig_once = 0;  // 标记单次触发
  97   1              if((dist_sonic<30) && (trig_once==0))
  98   1              {
  99   2                      // 新触发时间入队，旧记录后移
 100   2                      hour1[2] = hour1[1]; minute1[2] = minute1[1]; second1[2] = second1[1];
 101   2                      hour1[1] = hour1[0]; minute1[1] = minute1[0]; second1[1] = second1[0];
 102   2                      hour1[0] = hour; minute1[0] = minute; second1[0] = second;
 103   2                      trig_once = 1;
 104   2              }
 105   1              if(dist_sonic>=30)
 106   1              {
 107   2                      trig_once = 0;
 108   2              }       
 109   1      }
 110          
 111          //void vBuzzer_Process()
 112          
 113          
 114          u8 led_ctrl=0xff;
 115          void led_proc()
 116          {
C51 COMPILER V9.56.0.0   MAIN                                                              12/05/2025 23:02:23 PAGE 3   

 117   1              if(seg_disp_mode==0)
 118   1                      led_ctrl&=~0x01;
 119   1              else
 120   1                      led_ctrl |=0x01;
 121   1              if(seg_disp_mode==1)
 122   1                      led_ctrl &=~0x02;
 123   1              else
 124   1                      led_ctrl|=0x02;
 125   1              if(seg_disp_mode==2)
 126   1                      led_ctrl &=~0x04;
 127   1              else
 128   1                      led_ctrl|=0x04;
 129   1              P2P0_ctrl(0x80,led_ctrl);
 130   1      }
 131          
 132          void smg_process()
 133          {
 134   1              if(seg_disp_mode==0)  // 数据界面
 135   1              {
 136   2                      smg_buf[0] = 0x38;  // 标识符“L”
 137   2                      smg_buf[1] = 0x00;
 138   2                      smg_buf[2] = 0x00;
 139   2                      smg_buf[3] = 0x00;
 140   2                      smg_buf[4] = 0x00;
 141   2                      if(dist_sonic>=100)
 142   2                              smg_buf[5] = smg_code[dist_sonic/100%10];                       
 143   2                      else
 144   2                              smg_buf[5] = 0x00;
 145   2                      if(dist_sonic>=10)
 146   2                              smg_buf[6] = smg_code[dist_sonic/10%10];                        
 147   2                      else
 148   2                              smg_buf[6] = 0x00;              
 149   2                      smg_buf[7] = smg_code[dist_sonic%10];   
 150   2              }
 151   1              else if(seg_disp_mode==1)  // 时间界面
 152   1              {
 153   2                      smg_buf[0] = smg_code[hour/10];
 154   2                      smg_buf[1] = smg_code[hour%10];
 155   2                      smg_buf[2] = 0x40;  // 间隔符“-”
 156   2                      smg_buf[3] = smg_code[minute/10];
 157   2                      smg_buf[4] = smg_code[minute%10];
 158   2                      smg_buf[5] = 0x40;  // 间隔符“-”
 159   2                      smg_buf[6] = smg_code[second/10];
 160   2                      smg_buf[7] = smg_code[second%10];                       
 161   2              }
 162   1              else if(seg_disp_mode==2)  // 记录界面
 163   1              {
 164   2                      smg_buf[0] = 0x77;  // 标识符“A”
 165   2                      smg_buf[1] = smg_code[seg_find_mode+1];  // 索引值1、2、3
 166   2                      // 根据索引值显示对应触发时间，未记录则显示“-”
 167   2                      if(hour1[seg_find_mode] == 0 && minute1[seg_find_mode] == 0 && second1[seg_find_mode] == 0)
 168   2                      {
 169   3                              smg_buf[2] = smg_buf[3] = smg_buf[4] = smg_buf[5] = smg_buf[6] = smg_buf[7] = 0x40;
 170   3                      }
 171   2                      else
 172   2                      {
 173   3                              smg_buf[2] = smg_code[hour1[seg_find_mode]/10];
 174   3                              smg_buf[3] = smg_code[hour1[seg_find_mode]%10];
 175   3                              smg_buf[4] = smg_code[minute1[seg_find_mode]/10];
 176   3                              smg_buf[5] = smg_code[minute1[seg_find_mode]%10];
 177   3                              smg_buf[6] = smg_code[second1[seg_find_mode]/10];
 178   3                              smg_buf[7] = smg_code[second1[seg_find_mode]%10];
C51 COMPILER V9.56.0.0   MAIN                                                              12/05/2025 23:02:23 PAGE 4   

 179   3                      }
 180   2              }
 181   1      }
 182          
 183          void main()
 184          {
 185   1              system_init();
 186   1              Timer2Init();
 187   1              clock_set(23,59,50);
 188   1              
 189   1              while(1)
 190   1              {
 191   2                      smg_process();
 192   2                      kbd_proc();
 193   2                      vSonic_Process();
 194   2                      ds1302_process();
 195   2      //              vBuzzer_Process();
 196   2              }
 197   1      }
 198          
 199          void t2int() interrupt 12
 200          {
 201   1              cnt_sonic++;
 202   1              cnt_kbd++;
 203   1              smg_disp();
 204   1              vReti();
 205   1              led_proc();
 206   1      }


MODULE INFORMATION:   STATIC OVERLAYABLE
   CODE SIZE        =    852    ----
   CONSTANT SIZE    =   ----    ----
   XDATA SIZE       =   ----    ----
   PDATA SIZE       =   ----    ----
   DATA SIZE        =     24       1
   IDATA SIZE       =   ----    ----
   BIT SIZE         =   ----    ----
END OF MODULE INFORMATION.


C51 COMPILATION COMPLETE.  0 WARNING(S),  0 ERROR(S)
