C51 COMPILER V9.56.0.0   DELAY                                                             08/27/2025 16:43:19 PAGE 1   


C51 COMPILER V9.56.0.0, COMPILATION OF MODULE DELAY
OBJECT MODULE PLACED IN .\Objects\Delay.obj
COMPILER INVOKED BY: D:\keil c51v956\C51\BIN\C51.EXE Library\System\Delay.c OPTIMIZE(8,SPEED) BROWSE INCDIR(.\Library\Sy
                    -stem;.\Library\Device) DEBUG OBJECTEXTEND PRINT(.\Listings\Delay.lst) OBJECT(.\Objects\Delay.obj)

line level    source

   1          #include "Delay.h"
   2          
   3          void vDelay_Ms(unsigned int ms)         //@12.000MHz
   4          {
   5   1              unsigned char i, j;
   6   1              unsigned int k;
   7   1      
   8   1              for(k=0;k<ms;k++)
   9   1              {
  10   2                      i = 12;
  11   2                      j = 169;
  12   2                      do
  13   2                      {
  14   3                              while (--j);
  15   3                      } while (--i);
  16   2              }
  17   1      }
  18          
  19          void vDelay_Us(unsigned int us)         //@12.000MHz
  20          {
  21   1              unsigned int k; 
  22   1              
  23   1              for(k=0;k<us;k++)
  24   1              {
  25   2                      _nop_();
  26   2                      _nop_();
  27   2                      _nop_();
  28   2                      _nop_();                
  29   2              }
  30   1      }
  31          
  32          void vDelay_10us(unsigned int us)               //@12.000MHz
  33          {
  34   1              unsigned char i;
  35   1              unsigned int k;
  36   1      
  37   1              for(k=0;k<us;k++)
  38   1              {
  39   2                      _nop_();
  40   2                      _nop_();
  41   2                      i = 27;
  42   2                      while (--i);            
  43   2              }
  44   1      }
  45          
  46          void vDelay_100us(unsigned int us)              //@12.000MHz
  47          {
  48   1              unsigned char i, j;
  49   1              unsigned int k;
  50   1      
  51   1              for(k=0;k<us;k++)
  52   1              {
  53   2                      i = 2;
  54   2                      j = 39;
C51 COMPILER V9.56.0.0   DELAY                                                             08/27/2025 16:43:19 PAGE 2   

  55   2                      do
  56   2                      {
  57   3                              while (--j);
  58   3                      } while (--i);          
  59   2              }
  60   1      }


MODULE INFORMATION:   STATIC OVERLAYABLE
   CODE SIZE        =     98    ----
   CONSTANT SIZE    =   ----    ----
   XDATA SIZE       =   ----    ----
   PDATA SIZE       =   ----    ----
   DATA SIZE        =   ----    ----
   IDATA SIZE       =   ----    ----
   BIT SIZE         =   ----    ----
END OF MODULE INFORMATION.


C51 COMPILATION COMPLETE.  0 WARNING(S),  0 ERROR(S)
