C51 COMPILER V9.56.0.0   MAIN                                                              07/30/2025 20:12:28 PAGE 1   


C51 COMPILER V9.56.0.0, COMPILATION OF MODULE MAIN
OBJECT MODULE PLACED IN .\Objects\main.obj
COMPILER INVOKED BY: D:\keil c51v956\C51\BIN\C51.EXE main.c OPTIMIZE(8,SPEED) BROWSE INCDIR(.\Library\System;.\Library\D
                    -evice) DEBUG OBJECTEXTEND PRINT(.\Listings\main.lst) OBJECT(.\Objects\main.obj)

line level    source

   1          #include <STC15F2K60S2.H>
   2          #include <intrins.h>
   3          #include "Delay.h"
   4          #include "Device.h"
   5          
   6          typedef struct
   7          {
   8                  unsigned char b0 : 1;
   9                  unsigned char b1 : 1;
  10                  unsigned char b2 : 1;
  11                  unsigned char b3 : 1;
  12                  unsigned char b4 : 1;
  13                  unsigned char b5 : 1;
  14                  unsigned char b6 : 1;
  15                  unsigned char b7 : 1;
  16          }bits;
  17          
  18          typedef union
  19          {
  20                  unsigned char hex;
  21                  bits b;
  22          }HexToBin;
  23          
  24          HexToBin led_ctrl,buzzer_ctrl;
  25          
  26          void vSystem_Init(void)
  27          {
  28   1              vDevice_Ctrl(0xa0,0);
  29   1      }
  30          
  31          void main(void)
  32          {
  33   1              vSystem_Init();
  34   1              led_ctrl.hex = 0x55;
  35   1              vDevice_Ctrl(0x80,led_ctrl.hex);
  36   1              
  37   1              buzzer_ctrl.b.b4 = 1;
  38   1              vDevice_Ctrl(0xa0,buzzer_ctrl.hex);
  39   1              while(1)
  40   1              {
  41   2                      led_ctrl.b.b1 = 1;
  42   2                      vDevice_Ctrl(0x80,led_ctrl.hex);
  43   2                      
  44   2                      buzzer_ctrl.b.b6 = 1;
  45   2                      vDevice_Ctrl(0xa0,buzzer_ctrl.hex);
  46   2                      vDelay_Ms(200);
  47   2                      
  48   2                      led_ctrl.b.b1 = 0;
  49   2                      vDevice_Ctrl(0x80,led_ctrl.hex);
  50   2                      
  51   2                      buzzer_ctrl.b.b6 = 0;
  52   2                      vDevice_Ctrl(0xa0,buzzer_ctrl.hex);             
  53   2                      vDelay_Ms(200);         
  54   2              }
C51 COMPILER V9.56.0.0   MAIN                                                              07/30/2025 20:12:28 PAGE 2   

  55   1      }


MODULE INFORMATION:   STATIC OVERLAYABLE
   CODE SIZE        =     86    ----
   CONSTANT SIZE    =   ----    ----
   XDATA SIZE       =   ----    ----
   PDATA SIZE       =   ----    ----
   DATA SIZE        =      2    ----
   IDATA SIZE       =   ----    ----
   BIT SIZE         =   ----    ----
END OF MODULE INFORMATION.


C51 COMPILATION COMPLETE.  0 WARNING(S),  0 ERROR(S)
