C51 COMPILER V9.56.0.0   MAIN                                                              10/12/2025 15:14:18 PAGE 1   


C51 COMPILER V9.56.0.0, COMPILATION OF MODULE MAIN
OBJECT MODULE PLACED IN .\Objects\main.obj
COMPILER INVOKED BY: D:\keil c51v956\C51\BIN\C51.EXE main.c OPTIMIZE(8,SPEED) BROWSE INCDIR(.\library\device;.\library\s
                    -ystem) DEBUG OBJECTEXTEND PRINT(.\Listings\main.lst) OBJECT(.\Objects\main.obj)

line level    source

   1          #include "system.h"
   2          
   3          void system_init()
   4          {
   5   1              P2P0_ctrl(0xa0,0x00);
   6   1              P2P0_ctrl(0x80,0xff);
   7   1              P2P0_ctrl(0xc0,0x00);
   8   1      }
   9          
  10          u8 cnt_temp;
  11          u32 temp_float;
  12          u8 temperature;
  13          void ds18b20_read()
  14          {
  15   1              if(cnt_temp==100)
  16   1              {
  17   2                      cnt_temp=0;
  18   2      //              temperature=(u8)rd_temperature();
  19   2                      temp_float=(u32)(rd_temperature()*10000);
  20   2              }
  21   1      }
  22          
  23          void smg_process()
  24          {
  25   1              smg_buf[0]=smg_code[temp_float/100000];
  26   1              smg_buf[1]=smg_code[temp_float/10000%10]|0x80;
  27   1              smg_buf[2]=smg_code[temp_float/1000%10];
  28   1              smg_buf[3]=smg_code[temp_float/100%10];
  29   1              smg_buf[4]=smg_code[temp_float/10%10];
  30   1              smg_buf[5]=smg_code[temp_float%10];
  31   1              smg_buf[6]=0x00;
  32   1              smg_buf[7]=0x00;                
  33   1      }
  34          
  35          void main()
  36          {
  37   1              system_init();
  38   1              Timer2Init();
  39   1              
  40   1              while(1)
  41   1              {
  42   2                      smg_process();
  43   2                      ds18b20_read();
  44   2              }
  45   1      }
  46          
  47          void t2int() interrupt 12
  48          {
  49   1              smg_display();
  50   1              cnt_temp++;
  51   1      }


MODULE INFORMATION:   STATIC OVERLAYABLE
C51 COMPILER V9.56.0.0   MAIN                                                              10/12/2025 15:14:18 PAGE 2   

   CODE SIZE        =    322    ----
   CONSTANT SIZE    =   ----    ----
   XDATA SIZE       =   ----    ----
   PDATA SIZE       =   ----    ----
   DATA SIZE        =      6    ----
   IDATA SIZE       =   ----    ----
   BIT SIZE         =   ----    ----
END OF MODULE INFORMATION.


C51 COMPILATION COMPLETE.  0 WARNING(S),  0 ERROR(S)
