C51 COMPILER V9.56.0.0   MAIN                                                              09/12/2025 21:19:41 PAGE 1   


C51 COMPILER V9.56.0.0, COMPILATION OF MODULE MAIN
OBJECT MODULE PLACED IN .\Objects\main.obj
COMPILER INVOKED BY: D:\keil c51v956\C51\BIN\C51.EXE main.c OPTIMIZE(8,SPEED) BROWSE INCDIR(.\library\device;.\library\s
                    -ystem) DEBUG OBJECTEXTEND PRINT(.\Listings\main.lst) OBJECT(.\Objects\main.obj)

line level    source

   1          #include "system.h"
   2          
   3          u8 buzzer_ctrl;
   4          u8 relay_ctrl;
   5          
   6          void relaybuzzer_ctrl()
   7          {
   8   1              buzzer_ctrl=0;
   9   1              relay_ctrl=1;
  10   1              P2P0_ctrl(0xa0,(buzzer_ctrl<<6)|(relay_ctrl<<4));
  11   1      }
  12          
  13          void main()
  14          {
  15   1              relaybuzzer_ctrl();
  16   1              
  17   1              while(1)
  18   1              {
  19   2                      relay_ctrl=0;
  20   2                      P2P0_ctrl(0xa0,(relay_ctrl<<4));
  21   2                      Delay500ms();
  22   2                      relay_ctrl=1;
  23   2                      P2P0_ctrl(0xa0,(relay_ctrl<<4));
  24   2                      Delay500ms();
  25   2              }
  26   1      }


MODULE INFORMATION:   STATIC OVERLAYABLE
   CODE SIZE        =     65    ----
   CONSTANT SIZE    =   ----    ----
   XDATA SIZE       =   ----    ----
   PDATA SIZE       =   ----    ----
   DATA SIZE        =      2    ----
   IDATA SIZE       =   ----    ----
   BIT SIZE         =   ----    ----
END OF MODULE INFORMATION.


C51 COMPILATION COMPLETE.  0 WARNING(S),  0 ERROR(S)
