C51 COMPILER V9.56.0.0   MAIN                                                              04/11/2026 19:59:32 PAGE 1   


C51 COMPILER V9.56.0.0, COMPILATION OF MODULE MAIN
OBJECT MODULE PLACED IN .\Objects\main.obj
COMPILER INVOKED BY: D:\keil c51v956\C51\BIN\C51.EXE main.c OPTIMIZE(8,SPEED) BROWSE INCDIR(.\library\device;.\library\s
                    -ystem) DEBUG OBJECTEXTEND PRINT(.\Listings\main.lst) OBJECT(.\Objects\main.obj)

line level    source

   1          #include "system.h"
   2          
   3          u16 set_Pf=2000;
   4          s16 set_Pj=0;
   5          u8 hour,minute,second,hour1,minute1,second1;
   6          s32 freq_ne555_jz;
   7          s32 freq_ne555_jzmax=-900;
   8          
   9          void vSystem_init()
  10          {
  11   1              vP2P0_ctrl(0x80,0xff);
  12   1              vP2P0_ctrl(0xa0,0);
  13   1              vP2P0_ctrl(0xe0,0xff);
  14   1      }
  15          
  16          u8 kbd_cnt;
  17          u8 key_val;
  18          u8 set_disp_mode;
  19          u8 set_disp_mode1;
  20          u8 set_disp_mode3;
  21          void vKbd_Proc()
  22          {
  23   1              if(kbd_cnt>=10)
  24   1              {
  25   2                      kbd_cnt=0;
  26   2                      key_val=ucKBD_Read_State();
  27   2                      if(key_val==4)
  28   2                      {
  29   3                              set_disp_mode=(set_disp_mode+1)%4;
  30   3                              if(set_disp_mode==1)
  31   3                                      set_disp_mode1=0;
  32   3                              if(set_disp_mode==3)
  33   3                                      set_disp_mode3=0;
  34   3                      }
  35   2                      if(key_val==5)
  36   2                      {
  37   3                              if(set_disp_mode==1)
  38   3                              set_disp_mode1=(set_disp_mode1+1)%2;
  39   3                              if(set_disp_mode==3)
  40   3                              set_disp_mode3=(set_disp_mode3+1)%2;
  41   3                      }
  42   2                      if(key_val==8)
  43   2                      {
  44   3                              if(set_disp_mode==1&&set_disp_mode1==0)
  45   3                                      set_Pf=set_Pf+1000;
  46   3                              if(set_disp_mode==1&&set_disp_mode1==1)
  47   3                                      set_Pj=set_Pj+100;
  48   3                      }
  49   2                      if(key_val==9)
  50   2                      {
  51   3                              if(set_disp_mode==1&&set_disp_mode1==0)
  52   3                                      set_Pf=set_Pf-1000;
  53   3                              if(set_disp_mode==1&&set_disp_mode1==1)
  54   3                                      set_Pj=set_Pj-100;
C51 COMPILER V9.56.0.0   MAIN                                                              04/11/2026 19:59:32 PAGE 2   

  55   3                      }               
  56   2              }
  57   1      }
  58          
  59          u8 dac_cnt;
  60          u8 dac_val;
  61          void vDac_Proc()
  62          {
  63   1          if(dac_cnt >= 10)
  64   1          {
  65   2              dac_cnt = 0;
  66   2              if(freq_ne555_jz < 0) { // 错误状态：校准后为负 [cite: 94]
  67   3                  dac_val = 0;
  68   3              } else if(freq_ne555_jz <= 500) {
  69   3                  dac_val = 51;      // 1V
  70   3              } else if(freq_ne555_jz >= set_Pf) {
  71   3                  dac_val = 255;     // 5V (0xff)
  72   3              } else {
  73   3                  // 纯整数比例计算，速度提升几十倍，且不丢失精度
  74   3                  dac_val = 51 + (u16)204 * (freq_ne555_jz - 500) / (set_Pf - 500); 
  75   3              }
  76   2              vWrite_Dac(dac_val);
  77   2          }
  78   1      }
  79          
  80          u16 ne555_cnt;
  81          s32 freq_ne555;
  82          void vNe555_Proc()
  83          {
  84   1              ne555_cnt++;
  85   1              if(ne555_cnt>=1000)
  86   1              {
  87   2                      ne555_cnt=0;
  88   2                      freq_ne555=(TH0<<8)|TL0;
  89   2                      TH0=0;
  90   2                      TL0=0;
  91   2              }
  92   1      }
  93          
  94          void vDs1302_Proc()
  95          {
  96   1              second=bcdtodec(Read_Ds1302_Byte(0x81));
  97   1              minute=bcdtodec(Read_Ds1302_Byte(0x83));
  98   1              hour=bcdtodec(Read_Ds1302_Byte(0x85));
  99   1      }
 100          
 101          void vPV_Proc()
 102          {
 103   1              if(set_Pf<=1000)
 104   1                      set_Pf=1000;
 105   1              else if(set_Pf>=9000)
 106   1                      set_Pf=9000;
 107   1              if(set_Pj<=-900)
 108   1                      set_Pj=-900;
 109   1              else if(set_Pj>=900)
 110   1                      set_Pj=900;
 111   1              freq_ne555_jz=freq_ne555+set_Pj;
 112   1              if(freq_ne555_jz>freq_ne555_jzmax)
 113   1              {
 114   2                      freq_ne555_jzmax=freq_ne555_jz;
 115   2                      hour1=hour;
 116   2                      minute1=minute;
C51 COMPILER V9.56.0.0   MAIN                                                              04/11/2026 19:59:32 PAGE 3   

 117   2                      second1=second;
 118   2              }
 119   1      
 120   1      }
 121          
 122          u8 led_ctrl=0xff;
 123          u8 led_cnt;
 124          void vLed_Proc()
 125          {
 126   1              static u8 blink_flag = 0; // 0和1交替，作为全局的闪烁节拍标志
 127   1      
 128   1              // 1. 统一产生 200 个计数周期的闪烁节拍 (解决 led_cnt 被重复清零的冲突)
 129   1              if(led_cnt >= 200)
 130   1              {
 131   2                      led_cnt = 0;
 132   2                      blink_flag = !blink_flag; // 每次时间到，标志位翻转 (0变1，1变0，解决 k和b 逻辑错误)
 133   2              }
 134   1      
 135   1              // 2. 处理 L1 (对应 0x01) 的逻辑
 136   1              if(set_disp_mode == 0)
 137   1              {
 138   2                      if(blink_flag == 0)
 139   2                              led_ctrl &= ~0x01; // 点亮
 140   2                      else
 141   2                              led_ctrl |= 0x01;  // 熄灭
 142   2              }
 143   1              else
 144   1              {
 145   2                      led_ctrl |= 0x01;      // 其他模式下熄灭
 146   2              }
 147   1      
 148   1              // 3. 处理 L2 (对应 0x02) 的逻辑 (使用互斥结构，解决状态覆盖问题)
 149   1              if(freq_ne555_jz < 0)
 150   1              {
 151   2                      led_ctrl &= ~0x02;     // 小于0时，常亮 (假设低电平点亮)
 152   2              }
 153   1              else if(freq_ne555_jz > set_Pf)
 154   1              {
 155   2                      // 大于设定值时，跟随节拍闪烁
 156   2                      if(blink_flag == 0)
 157   2                              led_ctrl &= ~0x02; // 点亮
 158   2                      else
 159   2                              led_ctrl |= 0x02;  // 熄灭
 160   2              }
 161   1              else
 162   1              {
 163   2                      led_ctrl |= 0x02;      // 正常范围内，熄灭
 164   2              }
 165   1          vP2P0_ctrl(0x80, led_ctrl);
 166   1      }
 167          
 168          void vSmg_Process()
 169          {
 170   1              if(set_disp_mode==0)
 171   1              {
 172   2                      if(freq_ne555_jz>=0)
 173   2                      {
 174   3                              smg_buf[0]=0x71;
 175   3                              smg_buf[1]=0x00;
 176   3                              smg_buf[2]=0x00;
 177   3                              if(freq_ne555>=10000)
 178   3                                      smg_buf[3]=smg_code[freq_ne555/10000];
C51 COMPILER V9.56.0.0   MAIN                                                              04/11/2026 19:59:32 PAGE 4   

 179   3                              else
 180   3                                      smg_buf[3]=0x00;
 181   3                              if(freq_ne555>=1000)
 182   3                                      smg_buf[4]=smg_code[freq_ne555/1000%10];
 183   3                              else
 184   3                                      smg_buf[4]=0x00;        
 185   3                              if(freq_ne555>=100)
 186   3                                              smg_buf[5]=smg_code[freq_ne555/100%10];
 187   3                              else
 188   3                                      smg_buf[5]=0x00;
 189   3                                      if(freq_ne555>=10)
 190   3                                      smg_buf[6]=smg_code[freq_ne555/10%10];
 191   3                              else
 192   3                                      smg_buf[6]=0x00;        
 193   3                              smg_buf[7]=smg_code[freq_ne555%10];                     
 194   3                      }
 195   2                      else
 196   2                      {
 197   3                              smg_buf[0]=0x71;
 198   3                              smg_buf[1]=0x00;
 199   3                              smg_buf[2]=0x00;
 200   3                              smg_buf[3]=0x00;
 201   3                              smg_buf[4]=0x00;
 202   3                              smg_buf[5]=0x00;
 203   3                              smg_buf[6]=0x38;
 204   3                              smg_buf[7]=0x38;
 205   3                      }
 206   2      
 207   2              }
 208   1              if(set_disp_mode==1)
 209   1              {
 210   2                      if(set_disp_mode1==0)
 211   2                      {
 212   3                              smg_buf[0]=0x73;
 213   3                              smg_buf[1]=smg_code[1];
 214   3                              smg_buf[2]=0x00;
 215   3                              smg_buf[3]=0x00;
 216   3                              smg_buf[4]=smg_code[set_Pf/1000];
 217   3                              smg_buf[5]=smg_code[set_Pf/100%10];
 218   3                              smg_buf[6]=smg_code[set_Pf/10%10];
 219   3                              smg_buf[7]=smg_code[set_Pf%10];
 220   3                      }
 221   2                      if(set_disp_mode1==1)
 222   2                      {
 223   3                              smg_buf[0]=0x73;
 224   3                              smg_buf[1]=smg_code[2];
 225   3                              smg_buf[2]=0x00;
 226   3                              smg_buf[3]=0x00;
 227   3                              if(set_Pj<0)
 228   3                              {
 229   4                                      smg_buf[4]=0x40;
 230   4                                      smg_buf[5]=smg_code[-set_Pj/100];
 231   4                                      smg_buf[6]=smg_code[-set_Pj/10%10];
 232   4                                      smg_buf[7]=smg_code[-set_Pj%10];                                
 233   4                              }
 234   3                              else if(set_Pj>0)
 235   3                              {
 236   4                                      smg_buf[4]=0x00;
 237   4                                      smg_buf[5]=smg_code[set_Pj/100];
 238   4                                      smg_buf[6]=smg_code[set_Pj/10%10];
 239   4                                      smg_buf[7]=smg_code[set_Pj%10];                         
 240   4                              }
C51 COMPILER V9.56.0.0   MAIN                                                              04/11/2026 19:59:32 PAGE 5   

 241   3                              else
 242   3                              {
 243   4                                      smg_buf[4]=0x00;
 244   4                                      smg_buf[5]=0x00;
 245   4                                      smg_buf[6]=0x00;
 246   4                                      smg_buf[7]=smg_code[0];                                 
 247   4                              }
 248   3                      }
 249   2              }
 250   1              if(set_disp_mode==2)
 251   1              {
 252   2                      smg_buf[0]=smg_code[hour/10];
 253   2                      smg_buf[1]=smg_code[hour%10];
 254   2                      smg_buf[2]=0x40;
 255   2                      smg_buf[3]=smg_code[minute/10];
 256   2                      smg_buf[4]=smg_code[minute%10];
 257   2                      smg_buf[5]=0x40;
 258   2                      smg_buf[6]=smg_code[second/10];
 259   2                      smg_buf[7]=smg_code[second%10];
 260   2              }
 261   1              if(set_disp_mode==3)
 262   1              {
 263   2                      if(set_disp_mode3==0)
 264   2                      {
 265   3                              if(freq_ne555_jzmax<0)
 266   3                              {
 267   4                                      smg_buf[0]=0x76;
 268   4                                      smg_buf[1]=0x71;
 269   4                                      smg_buf[2]=0x00;
 270   4                                      smg_buf[3]=0x00;
 271   4                                      smg_buf[4]=0x00;
 272   4                                      smg_buf[5]=0x00;
 273   4                                      smg_buf[6]=0x38;
 274   4                                      smg_buf[7]=0x38;                                
 275   4                              }
 276   3                              else
 277   3                              {
 278   4                                      smg_buf[0]=0x76;
 279   4                                      smg_buf[1]=0x71;
 280   4                                      smg_buf[2]=0x00;
 281   4                              if(freq_ne555_jzmax>=10000)
 282   4                                      smg_buf[3]=smg_code[freq_ne555_jzmax/10000];
 283   4                              else
 284   4                                      smg_buf[3]=0x00;
 285   4                              if(freq_ne555_jzmax>=1000)
 286   4                                      smg_buf[4]=smg_code[freq_ne555_jzmax/1000%10];
 287   4                              else
 288   4                                      smg_buf[4]=0x00;        
 289   4                              if(freq_ne555_jzmax>=100)
 290   4                                              smg_buf[5]=smg_code[freq_ne555_jzmax/100%10];
 291   4                              else
 292   4                                      smg_buf[5]=0x00;
 293   4                                      if(freq_ne555_jzmax>=10)
 294   4                                      smg_buf[6]=smg_code[freq_ne555_jzmax/10%10];
 295   4                              else
 296   4                                      smg_buf[6]=0x00;        
 297   4                              smg_buf[7]=smg_code[freq_ne555_jzmax%10];                                               
 298   4                              }
 299   3                      }
 300   2                      if(set_disp_mode3==1)
 301   2                      {
 302   3                                      smg_buf[0]=0x76;
C51 COMPILER V9.56.0.0   MAIN                                                              04/11/2026 19:59:32 PAGE 6   

 303   3                                      smg_buf[1]=0x77;                        
 304   3                                      smg_buf[2]=smg_code[hour1/10];
 305   3                                      smg_buf[3]=smg_code[hour1%10];
 306   3                                      smg_buf[4]=smg_code[minute1/10];
 307   3                                      smg_buf[5]=smg_code[minute1%10];
 308   3                                      smg_buf[6]=smg_code[second1/10];
 309   3                                      smg_buf[7]=smg_code[second1%10];
 310   3                      }
 311   2              }
 312   1      }
 313          
 314          void main()
 315          {
 316   1              vSystem_init();
 317   1              Timer2Init();
 318   1              vCounter0_Init();
 319   1              vClock_Set(0,0,0);
 320   1              
 321   1              while(1)
 322   1              {
 323   2                      vSmg_Process();
 324   2                      vKbd_Proc();
 325   2                      vDac_Proc();
 326   2                      vDs1302_Proc();
 327   2                      vPV_Proc();
 328   2              }
 329   1      }
 330          
 331          void vTimer2_ISR() interrupt 12
 332          {
 333   1              dac_cnt++;
 334   1              kbd_cnt++;
 335   1              vNe555_Proc();
 336   1              vSmg_Disp();
 337   1              led_cnt++;
 338   1              vLed_Proc();
 339   1      }


MODULE INFORMATION:   STATIC OVERLAYABLE
   CODE SIZE        =   1873    ----
   CONSTANT SIZE    =   ----    ----
   XDATA SIZE       =   ----    ----
   PDATA SIZE       =   ----    ----
   DATA SIZE        =     34    ----
   IDATA SIZE       =   ----    ----
   BIT SIZE         =   ----    ----
END OF MODULE INFORMATION.


C51 COMPILATION COMPLETE.  0 WARNING(S),  0 ERROR(S)
